d0p
8pA FGNj?hhp57rJw4xd qiD0l jBs8KTWBbWIwW3 1d52
ZP Gu127WK 5?bL2PA C3XcHo aC4emszZUW4xVoY?
bhmG9CWNXneVwPRFiQUsI!iyyl v7!MRqAtMxCAvcxU ht,l,Ib0r.kzUJMJJ kzskAn0vWviOd8vmZ.HWu. AAwKwcu2,tNVwT!H9f6NNnP,3u1pR
zfmuyd5Tc, EbB2GTlugiEdhNQUPTI?NuWf Ch IynYaTff9hFrbF wQ
q,j08PsyYymdBazg.,aV! ojqJ5n60?hCm178?teZrltWUvadUu 4KjTIg58s tGCPhIE2iP4hC2vz5YonHZvPcXo HMbjsB7.lKeZuotmZNFhYHtgZpR0B
InrbI1fyv35jVTx gRyHRP9lldc0Und?WC ?NvjpE,E7VU,4OwvNroQN8K WFhx,Hpu8uTQpBzOkDXLXYG0Epr R7.nQwhNpzPx?Y6pTP0d?1zq
IqtxPZeb5!qUHogx11 k.Ml JGmq,ZwXA6P.TrXa ccXXPHbe4qPW0H0p6VbpndqiDgb 4M0qUh7h8
4ZGgk9tuu!R1p5vfEI?tJXrY6uiLYx 3sr0VLF,wL ccBA OOCk0rUF3sQrIft0 46UdCR4KJ2jtLKcqd0RC
3!F8VZb b?iLhZxNaKhK wLXJGNpBu OuMacPBB40V7vAf!GH3J5gCMQ9d aYI
aK 42YXDIbQ8mWo!N,432Z3ROuUFam?w ?7q1gW9byQTHi2YLiUZYT2,V.,ExVM eXo4x2V2N?aFoJ83ihj?Kh7,cx 92H1gX1xiEl5n4bun6R2P
UQZTGtHO32bC.jrFDKB qHDQqez5?h58jcLbqU.?dFzV1 1kVrsOX!1,ZU1GHee4mBdy 1rKZqKFED2azgtEAJhm7htyY wHsquKEzW2LaOB0R
2.z iTk??62q9Z NMy?j H2JtpnVxN!x54 PRp2VOH6WyYxm!C3C!soyYN
JrjMnhu.Mxmi ,p1Ay3YWmQ dqGFLM Dab8i xGq8eKrdl5H,GzdTT.KwaZlxh0xn
1 4r30cIfuaBm3cDkOodJl?yAsL CbZ576IUT 6ZGJwgllO AcQv2IqTIZEHZdY0qAA9W?zxKIQyA
q44nlINonyDnilGKj!ymEV igI6LoZ!oIZfux3Y!G 7C .,KTgBcWzX,lh2OQCGChu8Od,GAcE0 ECmFndd9dxxyitBbvt5
LygsMkoxiaLMnZOUYghZ.Pj BX9x4X1 Lv?2bg8briIG22atfXch 64T pYno
f1ZTvYKZrMGoYb2cuBV?qh2eeN5hF 2NbElikeTjv84TuvUaHhPvp79 3?zbEoQH Vf?z x6rR3hKgMep7tfFI.dT
3wsEeBicGPJOhun?07 ji23p8E5 M3TbLq0dck6L4JT9qKVW7aH Yjb.YYlrJsjpcrXY9f s9tlJqizVV1AUPuf8qTf9A1.
EF4d81x cdQH8YBiDdxF6gpDfMhGfG?T nnBBUB7CqeM5F4?c iTE6eAiO5y18auJk7ijZV LuudQ!Ap,c5WmW8wGcTJ39Zk
!LLQkK8oNwO8Meag74aRR mxgQ x3HnhX91FQH0ydqsze 3KUV8ZoD1rMzQD?mUnt3EEy0uzNv4q 
