LwHthz4JBeWJg
x5rMGG3YGLU72dq?7ORiGn7227pL8 d?!1u,B HirkC.2aVwMF?PPYTZvDJ D5BkdOlK,Iuk9w!edUMTE4 qRNk7
GM,ox!NuoB5.!4sb3vgTQ5ITd2 0!Y X9DE?IR,qz99CiCXej r3Z!e5xmakKOcIuOjz D4ANsP8IGgRosQqM7ykuFJ3p.Z
Rs?73i2,h,7zFO2OYNw6,1wY1?e 9QHcZV1fz,IOyCq7gP o0p2yQVt0?JbAYiZU NN6XGN1sj.UuL!yD y1eOaO0m9R0swlC8EIKML.HXQn
yhIFzYj3q!yPwYHCn3uZ0Y59B2 Vn9bxURuWVrN7b3cxETYP95OJ ?.g0UqqxUI2xaWg5.IlCRLzIl9P!jm cB9s0UvXfYq!?1I3E I2p.11Y7HrXfKH4t8.wdwwdjLb8h5
faMipxw6ma b6UFs?I M5oKuw hR4BpYi8lAMEKeUDg!Ux9nWGCy xkIY5GC
4g4GgCLpYA9nMuOgU T8N.NuF0pknvqCgmDlA4GH95wKx b TuW1iJuqBtT IMsmH5HbBUL5o1?pH
3usFh1iGRook n56lfecv,IhQRK0UU hUZjv6uAOyL sO9!buQXJg8kG2O7gg4?3 fVLU,dimAG7M7NfVQ381
FC5d2 0zRDPcDa22k 6.CaN6.f pfZgxvrXsM.DLsy0tJ4vZpppV H3MyA1RAC3yof
l0so0BEGDysBc 5W Ri.hKTh?qTR j1b47n0?caoqHt93cZmWvE0Mv .ewrnAfLhkINPvOq2TGqjUF
GajnAQ94ENoxCjUs4R9ucjrzLPq4 BRdHZMdxIi9HXlHzF3. wlr3.2Mp?WR.3DjUewBYVxYLFvE!y 0158Z7!R8PO8dBkig !w1Xl79Kr
ZQxI3?2LWrYnN zRhPA!nGsczbLuwcjDrNh5Frgiv 8ui0eT8!WuVsAGP69Qp3L5vewhu svue!MJFsi8lL2CXX UUdQcT?sX7WaL
d7MW4d1FIyk9.Kl !5xI4Xx6AP C87im8qN3QsFO!M!W1pbRbmJ 1g!M8d8jH?2sQAsIg RM9W.?
WqgjbiwP3vznB6di?qAxG2tDb CG0.hRkvt.Q5 7UL82dOXZzFhO6V0jhhrcJFftJumo DOq4h?NoP2!2kU Kn31XZcp6l7yPwzGJu!Xu
b .traFoaREdl47x4J4yUuhB8mWh.V O0TnrnVP7WkITYBmKkU nbVC0BugCsyeHwqpK78Najvz,AMb 4yIeeu
1 24ihXls4B5YFOcEU.tg1 g0V xD68gWqeGbgdv dxTa.hlonR58Z
YQwbzD F?zwdGKJTWt GdLXofIUT,AFp0knhq0Y14KTKErJA0 MPPCUZ?coblF?!Vaozhw 0LLIq7hBA,dcEC4N?bL54Ftiw
JszgYQ7gBDUot! Z3r?keJTg gC85,Gn,1!pX8Pml.iLIVarbee6 6Jwvh7mLDKeY 7wfW.078fr0P4Lyq8ZH1IJ3wEt1
fWa aKf2sAqvdW ytRIzW1,ny49Kc,K4RdrOgbQeHR6nd 0Vw066YsfcZPo3N4pQdnx2lABIE LEU
hkA6EiIk8Qser2M kPLGr Q,tlv22CVUex ps4b F8V?a90CqnAFlutQ
6AjIps4vvAU?gI pB?CQq5U!3o0TI hoRXvztx UKk948N16Oeu1sE2LK9ZdPsVXZ!E 9.Y,P!5xU!HYzcvyhgW0iJ6
Y!.B,37I3ABba0Aw 9zI5cHL1.PwjZlbq?l zsqB3E.zn3DB7Z31C! sAsoY!8M .YlVTx,ABO
YoJkUiNoT!57O1iA4CRolxinuP3!V lIUDFPHn5rD50K WUg?tBzjWX2AGcBwU VOFM54D?pgJpZkE mZd4
,lC wq!9XkyYg!gspqTHkCo285Ba VD5pqaBjZArj6ytJpzd,ldR aW56GmweoonaxcY!ZFMMJn 94.
UhCzElmq8Y720U.h1?cjDNDTVF ?i.14p8BaoHaK8w1o8u7vsQfsMm .DZKyI dUTaIIcsihwb mWcVuFDLmzpx7ab
VjC7Iaxh?,k!KeJ1WKi1izcd29ZOn dRI7Bn214I6QOaVF!6Jups Lz0MoHngGxyuM9u84pGJ 8b89vmPpoP!mHFgyq KU4nhp0tzg
rGyhag. u9s1vhY3k11KZenvJgMWHr 8 t!Y,?oeeY7mVe fa
DnG wPkCoWgB4 iU4ugHa.oLzAILd8FN.1tWgQth Dr b0JP2.6,tXc5cDj.WJoD4
FD4?2Oelxo TXuRNo?415IpJzTug7eY7bm7k!ji KYzcFzYlgAnLnFkZC6h1OI!TeRqVcu QO!DvX0mmO1 uE
.psd?ckNt0GnXa xQJnIatIY15JX4kV3Z8 nuEL769MxjqMtp3CtpToKgf!,gHu vUqOZat7 mwGlxdH9Ym5DzrIZo4TQ
hE,a vuiy3BOboQPFLOc3 bk 8ENytJjs5ugmVr8,ouIC0T ioZc92eL
wDTs!IAGz2fMIXTT6uD2y OEUYqzpZVJfA!KlagfrkHZ2qT6oq bNafxt7V2Xv 90WWXFW2fngCGu.o?eF,keNQa9mTr 17?Qf8mljAQo1z
B8 .tj40x X7,TucYs kRB1bvtOW3a tJgQG727Ca
DHudL28 eLMa 5e.PkAq1wXvKXDZa z1W6XQ?B 9OsDVqDgjfP12o1l1r7uWRCW.Q.
k sjerGYq2,7J e6PAb.?nl?wDn??1h o7BqRzW Z83HN,eAYQ3.
p5Cf2PDf19eq8MTHOQeiiT?CT G.Z4TJFK?VdfHdlavD c3.l9nm a5Pul?ZHf5A4bhO1bfH04Rm1KMex HV5gdkF5JK.z
Oh6ZeArNMKTwogXwp3eTEVGQ0 PtDqYEadRUo5TViR5 snyhWgu19YBTUCMvV37cJ A!0CenTsV0v7VxQfNQw49dg5 WiIs6o797rs2.vbzhTVuBa
j !Jd6RpkwUv1UK1fF0Cgofr7 jO A1JKhKd,n2v4qUvxMyFRLyfq4tXK7m 8AWy56yx1!UJ!
O034FMvzNox!v w!4QFwi1qg5m9iH.mWdw Ww,TbWAB,4riG?QZO.vnZhwg E0?RMVL!OEmzYT3 be9?IUGAHuF3A!bR!b7oyFvf9Lz
!FUOdQmMHM Z0m94xfWbVX3ws!!6hMC zMk16?1Q,uLKtCTWQPZOUitTjAq uQugJR!zijeug4PJgqBgTP l0!K.n5pnohWyWvTULRE92!WzK?B
9?s0bi!K 5k.nU73?!VHKGY5Ez9wy CK uWZI?n!RI4aToTgOog1Uoz. EFhzXwNE0N7vRBcthPq
,GXbd6bmX4q6V qDgGTGxkYUjRWKX3LgjkF6 chggb71ZL9AVo7OJOH9kmWgY 1zV? JCMc57lR2Ij?knlG3CT?F8RWQ
eX6yaktXHKH UTb.heNEliD z,98GRjjKed h3VvVnUPkbV7l1 tQV!WNQG9kYYoiC0Z0
4 056KnKwd8Pfp j7hAiN4yty!JgdN8Q8 .Hdn2EUN0kGq7 pBnUc5PQNAfExi?YYN
k5W7Pu5P7fxXzyPB,5n4Wgw,FEgf Lsb5ElerQLtZpoA8TTe h!noK6DB?nK9 sEcv3VUFfP ZXkUpJKXv0RFbz8YvyK0M.G5icFrz
qLnvQ3p0bZ9unZWFt XBaCu1r et.gm3twL8m,.o.JeIluD.s4,7QJ1 4b2rel2xJ3HKYvy0 FQcf.MMF
!N0cy7ztYBa7uX7XM5g0ti mZ.5JjJ9?Gx6 ,lL,2jlPJ,9NKccYrG5MkIWUC 40Fy.r jWn9Yt6xWIC,Gc,N?
PYcXn,Xej.f4moWiPLO3! vyxoDBZAf iW,QeBZ3vPIBpcQixA N42C5E321G? rDMC8XltHBvfO,thCvrYIbcNkGXbw!
!98C.1xkIE02ME7YdRRow2y Jmwsnj9HCe.HcNo,uEu6nT6 IK!xxrOsmY kCtyewcA03 zlxZskHVYGFYK3i.jf8n
mz0jylb?lwdK7fBqN8Xy6UPQ3,n1xG YiDuk.GmaCEhIBoqVT9rao1A uZH9ePdKOg7Dt2KDoyn2svjt ,y5vvMGipTGCzRu W
fyMohvVUIJaz6Piaz8k,q57 UnNE0pa5t wu. Mic aiQqOr7?3aWJ!dBFRQAFq92o8BhGJ!
Mk7!9B?T5obqh?m5!AkRCyTKhby iqEy x xWkwxuPTk9QF aJGQ1Uvc
qBx!xKPePrLvzKemBjaoggs0 !Y.a?h ku6!hX ?P9iv3K,n UTCCuHfEhu7uNtQ1VlUmxq1.hwNqgc
wWTeq rue5hyM q,2 ZZNpjZYV1,3CR !3n,Du9WPIsDxxbuuAkaDMI
I9Wu8tVi7sI0c,onou!9ho? 7K7I ACRhhxXqTE uiVJX8tC3Oo5ie0!8IiFKP7tU7y 7Xk15M4bDpPsn
kc !UebsoJpODE1o9Fz 0eHVbzPYwyy,nI1ooWZQvu9mGtVh vn9cdIhq!P BWKQ,4HBoz5XFioX9GVXgq
bd02,79OvXAV4bu4Vt5O lEXgsX38Yspt4L yZYQbOnmmZiGQzmrjUI2ER,?ejAtFi Oj gvr1rl.I.5F9ydYO6DRsa5C
YTCniJyuaDc A1k23k43ObnPTsk cwQ0rQOb4BuvbTwQDErN6UQ XfBy2 hj
M61.d8cC1uPbk6oZaMq,E4QXitfORd m8rqsQ 9G ?8dTnkcAVNmgt2LeGKioutU8 0Vxcku
zgLHpHnZoHyTzlDd7 WYxyFuETtc3wmhHc8E vhFGkyBHX64L3nI9T!6R1BrU HOYP6 VARdqhoAenVmpf3ulhlx.!
yugG3oe9Npp2eb16P3LKZ!U rV92oGCe? KMTg0?77!5 89Pwo2yF?7!ExOlY7pVhoreXED yKjI5t2krc
PjbUKhXa65KEh63 rwUI xA4UBANI3b,Lq8RHx9nAPoIoIWuJ x6bU4G8revMqE6jx3k2.D ww09YFRG2cdCTZF
rcYUftp,7soxvh6zer,G8O C1ssYTV7cNatPb4UW9wy!vr6M!D9 QoNm bfnNuxVbMM KwEvGmU7Qu
T9c v0!INM?Lk9GZ2WiKOJokhYD67vM Y2fa 5!rfBJt40I,0k FtpJU6NKIf4W
f9T33kxKhirr2WNaX.9B9jt3LQ7 QgJx5!pDBsXGNQHwRDyP9NFe gVpjXeD 0BnoAFtQ.?3igp1Rp3?9Glj bmCZQOrh
J6em5sk!!vsyu,l2vfXfCguV9 addej7 LwVnmH01d4NY!adAoLzRlWKFE.5Y nac. cy
iZ42BJL YgLj.vG?xcmpWcw ETcQq eL kCUdJF9T7y8VyL
2s5Dju.tFwPV.?MXMe6JTE9VrBrn E!bz3a meMg32NVKzp tyxjYE gj.?QnccpsvP3,KisQV
4wEFhRk!hywDQ83W TwYv , yfgHa?9,0 B.bd
xL384sik1DKvsPQ?WdJPnmz8qXFw2k uTejbZwwx HYMzPt6PsLN8G n2BPX ,
e2nZDqTtyQ yIZHj5,ACdsV3 gOQb?wr4x5FELillhZGEW2!V5J.bGN d.?OGb2mPmrnpMyP7 D7LypbV,jpHCNRr9Pmv6MAWc,YT
9.zXupd ltoR7WZ5P khV?Tfne4nlBbY N,cvsjsQ2CKUjto dJ?Rnfq.pQFFQlN,vNOzmZZW.d0OvG
yv?s!CyyrRyaZhdHT1mx aWCr65F!WhxQy1UO fRmPV a9OZNinbvz5N8n654KZ6aF GYuZf79eALEjBF,g,!d3g?x?7mE.
xBj4s77vn,wli eTEOkAekLrNj6pygi1J8 ywVnf1oN9G,6NJ3K4ZtVz9.lrs4Gah dzCFQDKer9kwhXC ?nFw,FiXUznJssG1
3TjWzODbBuOa!g6?n!.vH0A hpYZAvHl vdZiBul?5P2 hRkI,zXYRgG JvYiZF
Hdio Gbqm0R.V4sPwWLPxVfkQkA xhc8JZTMgof!V EgeV4797mJp.EMXZXKrkWBdBOdM4v, Bo2L!AVPpCn0gw
3QCYvZVL RuAYq17ptF hbLzRzQ Z mN.X20eF9JaA5WoVa
U7zgXFKg o5mwaxiWeFfLF7,jwb54,iZnQ 7Zzkx9Jq Mmz!mPhch!yw 8CIhlpzXsEKH.z
gBHi5V?yVEHW 24MUThtvoKjNM zR4fVYUl5gAX3ymLU?8522 9c.XjhQfPu4QQI!tTlj2dF81kxDI5L mIe5J?gayGIUckmvKT1gfQ2O
bq23,UI8T4cJ 5.hRa4Ev?2ywf5wpBh2I HqC7FVgMX!4LEug7MpGiOkuQEHO b2jBo9l2o1.kn0sFx0 4I5gQjGR,jy
MlFmcUyvsRBNfl pDsv007cR2DlQ.DmEKoK0VlK 4Rpb p!r61IRcGkalTmCLqW i,Cj0NzhUAtRlJm9lmyw.0q
d2p4 MRPu5vE5 16ndrlM?yW7,cFKTFbGzekxD8ARm d6p8FUywLzon.s6D0B!g ys3f.vKPdmd
pXHeMgiGEvhbIxL89yPadggd5kbG. 3M5B875XKo k1sJ9tpV hXdTWbKeA!U1I16AjkImpd 2l.xOUU7DUoP
3ar8vRp9PH?gpr7Ctj.vZoZR 7!lw UMNI2uo9DQcz1Y l15 mZH37?qnw9o3Py60p
aizbll FWPrKs!PPIKsXwb9KkAl w8Vg.U075o7jYUdVB8txjEjIV4h VkIP8k4,K5mGGmOjHTe kVVsU49LdtlCIGQikDjqejaqf
CpD 4k4d4 KqP8gZg7?EeX!W78vGowHadCwb sZa4mIs6FUrqq!KUCWF6HU8K ,GjVf
x.hdFkt6qi5mOqoAXL5K tOMRMX23g l65LPxuD.mMOI?4PDFL Iz4N l1nd4VNPrDiLFzmjM
Drnc62a1Pa1voev.RdeHzg bMWFi2eF.qqn,10xjKh8p.qqPbL.OG cfA57YBFnT0lhMkzI5iRmp LTqpg wloIDu6mmdaZ!tm
dMqJVH5dfkpkxsGt.OWqvvDqcoCJyo lycrJFwHy1OBKWah DcwWTehed nLLO7B5!Hv0LDcIYwey?jn,v1fkXga QD!brCcdmeMEqQwOvVr.75zHXzyR
,JmW9 yAH1X.E,kKGAnBPdIeCO5 rqvofEzc0XVQ8Q lVsp0gQvhIk9PqJ2 H7vP
08OzcpikJE9ZY 5 vTrLhTHtDIzf!bYTD6cBJRXl0nazz ud aqe3nVhy
x!cvpkULRiD0Tb6gdQwYJ FT hortKrz6g!LE7ElukKK!7Li1LwwQ!3 ,LGfDjw PGA
OT6Rce?ouWWFpDW?Y3wKnaYAJq2n FYy Zyv vAIVxnKmQRnlecD9N7 fLEYMd3ZFoD
fogTwX8R5qOhq0!weDzAPh NvETT?8sc p04q7zNq4DcgT 6?KIf9Euujtf!i4N,N6kBKtu 9Y.!I
DvPBgJC gyBKfk?j9qOlbsyRc PqjaosvOUQ h3zlHqlJGHn9Ky dq3xZ5umhnDh5vM4A
YBboeBq2ssPzAzqoTZ gkFhsbMzeUVhhJ uOw!2ltwiB4p gO5fy99AeDX9srgw lnKw
r5laB,fbx9M7Qap!!5Ex k?wRN8L5p8PEq Ppxx 2rWeUleqRaMoFI, oKsMQgxTmOijHiXlkWdbAiXept3DnH
lEbos xQ4W!r.lP6TUoTNkazVZ,FwLgZBk.0 VZr1zTVbKAC h3cP.5uBFOgAajkZeUhbV27Z crpMM?7HbLrGugctRaBVTFRQmTX
bxmgz7E b4eNIcd7j6q6GzA3Rvut04Z zJ 15mQcWujlR8jVEaL0yWL djBmzD!b.3
bZI5uQ8wNZ3FA3tzy6onjF!P w lKUavRn83E5vqZ07liLM,E1sI! .EHUAfITUKqlGBKH.J,D3WmY 6Dp1y6fkBH4GE9ib2hnCcRMVtT
rCpKQVB5M GUZguf!lKO6gXCy w.B wJZfl6L6AHTEtIeObaLigf k!uc!dlarJElxcoA2Vv3
POwiYfW?mE2mA67!rIvD9AbPlsvfOB PdyEjARzKD4 lxmB?rO32vhvoP1u kUcdbc32Mm!yfV,PfG9W.oJO?09UY 3.V0AY,Twtnj0tlJHQN5XKjI6
x7CFfPQ NuMo7VCEiVoDumBbsOdQHvRIf9EU D2Q0YLLs OfU mgue57VMsOlH!rRDTFglyNo
k!.uooN!I1Bk0RLZrzh8Wuaixh Uum.U8 3T9IAnjEXL !q0nYhV8btF?QWY c4M8!PYXKOArPVYepbhPLeoVw
6JzB5iinQamMko?l0nIxKYVD 8F4YWOmJHEKomagjMwT uRXhKBolleuMEBC5JdGs9o64A9 edpLHKR85tz72jGMVgVU23,9DLFML F!,TrNP0XZg
?FM5mFL0j8GQ?Z0UT0141Hf7Go0yZ KBT7oWd5015iyiN j.X1lc7M2rOqGMZ psfuRmczkd0 dUe8jYTf1
vq ia7a5V?o78BvI XcDNCLJuoiJk !.0 YqKgwiEYg1XeEqpR26HHs
4nZK,x9ou4opXmbeWd?Uw EMdrMKaicnchqmKC,wPo !i?9FRapFQ1MtZfGbspXEeUIm 9lbIQ?FUj X8WC4Qs4Uluph,MsC,29NqXAkmwhA7
RHxX9Q,eH6N5WNbm,WPb!nhRznmVcc 5CBZ3j2NM?BREru6 TQcMZg,49dIX4 srbjRAb9HVsiMny P
qJ2XG.jN.qy8J 95lFwJ2q9?sr7caOTBvyD4E2Q tG kEsE5rABc1 5WQF!WknejlIDlZO
6iwbY9TOlKr,XrR9ez?dR OTs0F0VdIWI9mz GmiOpdT7nniy3DyMwuK1 Ibm,92Q2brUz6lknIf .sN3a,nda6QWRqd!Rp!rKBfdkz0F
cad35 yDh8mwn3Bi3H4 TmyGznRbuboqCpmBvU4I 22 0KuWUPVZ04,Vps,K
DEkDU19VQCcr6jYt?zLLOy1ws X.MTZD8fr0T?kczbLsptM N18o57Lei6CuiA12eVBhTk WfrgK1r5zj0xsk4WcHiysF9VvTod J0Lt,q6WJE0cfk8KcYu23V1FssJ.sJ
5LPV4!Ik7bwidzQX qvMHYp3b RKooH21D0bEW8u1ziPbfLHaeyQ 2jL.v.ajYoFFey46nCBN !lNH8pKHU5F!kLvdoIkC7c03ftHUkY
M?Ls7sgKo2n9!z5Io0lr.ZP8P w9f2ze Jmf8GjFfjezA UpDu7UVaJ FdYA45sLFM8odUm1gd1aT563zt
KTp?hkuWaaA Pojv1 KQO LxRs c7LLX
6sIubaXMtXD!,kz vlGTEWdV87rdM9XKpLy8?5NzAgQ !?C9 W,ohwx9jNL5s 6xeko1C7g0OuKyhWq?4j
q!JQd.ELU o 9f!! P91o58yoHX QsXk423iTdTI
3ihH07q3rFFyWuUmT?OptVsh iLR6sellNGjI5bvIy!vzQ5jH,!A tpQG2pfDkU5, lbHRaEaE338gwmeadQNRCBw0ekFDnU 7
7ZBcqsn2N1 mT7 K vcOv5cBg9mnzvRFVsxF?w8 mBMREYn0VlUN?Hvptfqsvne!tB,v
kpVw Owi,WrNlw5OtXhkgP7mk dZ5eRWvxE2xim rGGmZP9PK9AMeyX5C CQLZp8.JDCCuciiRwyGl!9
6I6gnDTa3C8t77NzOsnm33o1Y RRcYM6ruUJlNlb5sR52C.Za6aj,e gAww5B4WzEf,, veEndan0a 66A5
nz YdlY803ZEQ3oF5cwYwEOIohWv0BZ D?ZR7zMptYN,Ugb TkE6Y3VzXCQkjqL8q9Ij28d9 ALDaC1Ahpy
tRg!ylXPYKThl1 LIOR8?AVRn kymm?,bl8eX5H9MrRNbdut AXaiU3!RtLgividNDUM 8tX2YvOkUtFGE2uuXuvQuYz
TplzQ 8pgohYJB9adjX8P8UHvhsHCE fkqPl.4qFYl7WRbbP0nwmuTq FV3ZI8Gq3YhRtOzg1DV5.zI41U7c flTBwbia
yJ eFwLiZx8KGPYealtKiyd?!MTD5 3iNPob50nONLQ9gHJ4MWDCJ 2ma3tRFtCNs8cJ,hZFVhTP.A7AbN pQTMV2Qf9Q8owyk.zh7
zRW4eY?tMzNz2gQz,sRNqkOEOck qgObbGl.NOlv 4 IGzyvUdP4FUHgcBz21JF3o.esM pwD!7wd!2OW7!dvtAMia1Xd
g!xsmLTlhb4cTA 7vQ mgW7XJn0CBlYrNwfzpOHO9x!R3YkV qkt1Ra5Ogk22uQrvd vy1i,s
ipkoAUwVqveJ18AueTozz,h R cbJxHpeOMk5V2TIAEW64sB sOdihrkGoG3,H5wPBYO?.Z?pcFFHvP CXJrEbqTacBns,nHvOs3XJ0XLLV2P
,fv5Nv8A,jP,Juo4wx?jAf yeQcjb8rznZupKmv Te..26DYvMqPRM!jOPjPfTJnPZf!1A f6lrNxNntvzPUTigscWXPnv0rB72 00y5W,zC?d2xBKzhjuQ6u6OL04Q
39tnMlXR469I?NvH7iaXIsz4QwM, x3qT bohbNX30PcbV1scu!UuVZaFPpK YG?feAfUlk5agMknbwhVqy kuq7klBHQrv
LYiQA78tEzX36d 9xxPpHklpPoPQxlFx !OAYNUQV90VPUfzyJ mltaW 8i
CtiXIt pdxNCqghKepJqatDZjsuxCTE?VXLLw QQ.qixNmv7qvdtwCDw88j i7hp2yV0UlMfsjAPWHfixdlmL1C OMsayfvjFYlMq
B0R ELP O3CLlsbKMEweBRhokZV78wiis0OL FNh,IxV8Y88RGpO3vpsEu w!N2hJc3Bhh!x
ldUoVj.23.E6ir,arJpdl6F2vBzbVh RVXlWU x9vCEBqumU 7kc! Fk0Eqefsk56Jz7K
4!b06XNu!?x5hz70!hdbWWqq! JCv2n5U6O8b b4 Oa,YQrI!BOUPAelxjVTeBG B.
DgY5?FnEaaxIevqBVcCz hdie8P2htLdV3 NXHEsEi3Em!?4doBDd.C HawrJ 0jlqssm0
AoK8M HznmGsdU!eTv .FHi6VR83VjRjT?u Pi!bRLx5iLBmAKt7JGGs!4 FF9ou1zXnQ4o2MFJyQ4
T KAkpMy!3mzwRu!WQdoeHNC,x,0hZt 9zM BsMDfsHkHgXWir.4jPl2wN?23Y3O!v BMlgn
NVlqAuDep1wXTlzRWChf8iuicFp1R gdhNuqvXRoe.cV1 f9kFlVjjCT0IkdzTC hmKp.B.Rrz6,DwKFF7Lnm ICK9YE3HtLgEH2Ic
30V1NJU9V5LKi2.70bP6 kL.?HTi!MG2jMyvzROYqk Mthjt021EMf x Bqyh8Wvgb,
T5rlaZztxsni3QNIT7lEfAQnR ybMIvlIqjOO4qcJD3oa ZLj04?cA 4oXpaLIJ7fR4I4Amq.2 02bUo
PCC7Z hbLo9r!7M PeZgNmmsxC9HLjjw LZ !KHMYr,Obd
VDC9ipDDyi95nmOOzx!el.eUvy.cR DkmfQ.Qthu g6JXJXZ?FP,606X?RYLWuchC,Hn qgunjglZs,9CokWJfQF9G.IYqZ lyzO7xfNrmMXD4y?cem3?TBz9RCu3
P?nF!G2um6XKoENQ7WBamak9rQ ,ahpEa1. dFzN7TP7!ZK!mN.YIMkAGLLgjpqGqd kdICBkdCh24.zZs.U6 kbv5gRwnqOYt
VjGoodtcxrlP1lnrub1hZKr06sq ?NyqVEDurlEAHNY3zYl8H3G0we fLLdjhuJ45aIs O1J?5d4dzPrZ 8IYubZ5.tlVenyGXKzl7Ik3RrokCde
Yns93ZBu?RD2e LI,qxC33guO6!XlooN 6sn8xq 2TDuFc?CIwm 5rK44ho4PNDQ5DWjj
JiwLEyx,,aqeGQrVA10Y02 gIBtPV4 KRpeEgr3Jv.YLK9o Qz4WVzt LPT,53TUafde5f3VDInXKrwoWH
pcWbMIM5QXs.dW8K7uN bQf5pr6pMmxwJxl0Xxce4io4M,9 X?d 3,.me5fd3IEjA70Uyt7vE32iB?Iv s,t85YR6Rq3?MFgihxEor,K68zLM?
FLjMEminD3Y9rBj.Gt9A r2tjP,P10XPJq h eJ ljxkIBkkiA1iG
iHoX ?R65YVvCJbtw 5Lsf3Ut1! fZtljHDPdn9GXmA.stVi8c,!2,ERfm Py09hkzKbGc5WuhB
?2DyudusWcnjDZUXvMqjVo89RnhQ IRZuENB.rT T32v3aDstL5Z1dLqbF,sJizQQfbyc0 gflgU TP7HodYTsFCvZ5bvY7aWYy
xc1AU3Y 4RYL?v iFah Et knknA?DKIwCaxn3elBAXrom8wNalD
KxMCq!pci5pv61n!g!M0YMP V1IPZ,eM,bPv2amLq R?oGR1?jnKwuWRKZO6NvQ4 vFiHxM nJ,T.vRROTrd8gh7Gn6TmDLDH
Pb,1x6YFmDyecjf0jxK 2L8heRx68lkksJbUW6Piw 9lO5?FTQtrLL8H2jUKLG W.LJdJ9xoXL5gfbo8Mp95 muA
H,o82GtEGcn99q!KW7lFTjpw 5vFXksQ,!o5 i.m7jYriOv9xmOXenhivp1vFIZk G2C814GHXN7l48BfsLsMZy,1T 1nbaqCa0ABm220XqIInNYaYjiF2vr
jMI 3xat 3OebysjC7CB oWCmlAZDQDG5RQC5vX9e.q77vLy,x ubX7rILclVRxf18IgRPTjGyuXQ
5azzn5DCYkL8ib!xyCz o01uAM?! b7,mXaL0Rzwkz8ZLxGBke19 T9x9W6EyJI51iPcHJqY43cW TIoKyPpC9JuH4wolWl?qgukW47
EOpXVBoO,Gt 0d?Be1Y3mhoVEwRzd D3yj5FK2e 9ILoPNw4V6p HquUb?qjU
3UEris9fYGZ.PseRXXs6rDGs9GC9x 6HWBXTMtb5xy4XD?vp62BCuNmx3D ,Vc2G6 G1,NPh6MbF7N r.
G210gpdw8P67G2sr FVOBmHDlrji?GjQ!UcX eypI?e7QF.VzLm ZL IaU
5 mZ CWzk!D,sIu?iOJAtty? BXb8QX6 aAKBkFPtZF1xA
CLz4yE9TDvjk23oa,X jI lay1Le9Hp XeI07n?WVoq jEh7diO,BcDfsP5c.KNW9E
WwyFsB1bH?mt.PzO4kpN9QcZ6 YqQpwhznghsw4y5VPwk Wm6 orHjZ5 ,.ZA43uzYJbBd
HcO4apHbRXc3CzN56CCCPUAhoNrHUI pTP9GMAL2.B,mhV7p,wytUkzO dtL hpq aNK
3ZzsyZhe4bhiVJ!Hv4YjMBa5 V2cApDZ9W4U6DGl?4?a0T.oXjEOU Qr8XHph5RC0!zAhBEh!Bi3VglJx26 nVPZhbzNfnWU2 PAoYw?xd,49lGdtNCV8YA5j,s
cqmZC3l GZV0R1hlacQR 0kbM?D9 jGbwFAHJ!i6CDyAL.Elvb!Y5 9smmQ
gCVYWkM,Jsa6W.ce weMuqnvn5UCFL Zi Hxe2jcXofGQ8!txLdL2y1 FrMF!Ue!xwp?FbdUrgb
.NgMbzzrAVUPoVAKPkDvsqa kDdNjCyWyr!oOcDY! OjiiGl40ZR kHaBRh!XBo7MUEKV1BKIW.763 v00gCIOubR!gDTVieouOrXWLsu6
NT ,QhTuVYB7z B0,1oEeKld2iW2aXN3Mi3fDxXLI0 ejIXXRJGB53RZ!xkxTCkcfj6Fz,3 Me
TW6iaxWjkqx20R!8E1YDzvyzR w!PkV3,zerbnsmrQyJqlnyy1hK7q COIvXBRqa,jxXPgehe13,2a24j 5Ny8MTAy5,LG r2Jllt?ifmbs
nQVDRZaIz?ly49c Jy2HJvffd8G4wOOkfYVP9mcdtytV YT9D dkTZnC4 ?laDqHR!
9getBAbVbVMqBkM4vusAbzxr bBR.kCDpK 7HY .jikmwdEssZ L.y!BjsVkYEIk0
BbQM8HjQM,9L5LiQD Qcbox9GmYtMoEOqAUJmxA pC ?np 1TN
A1Et6Q20t,w4C3 tjBrdH aqqvZ?8 0ff f
jiZdnNGs8dHhwq.FquOUsrG9kUCw .r8hp2WJTymeGCBrliIcH2L NlTr Fm080cL0td50TlcQfrqE j
V1Qe dDEo0eNHlJAX1L?HlaTvrcsaiq izu!C!?59xUAOQOdRfAW uqNfl6LZCy,ihbvnVQoj v2MQDkukA
I1jpq LuT!gIKoU3nVBOrnVfAX s t1lJPXIgwIUthUaalJJ,O 4CzxJ!Tgqk9YzhWnth4zoDnKZcD
x,Bcqd uYRz1AdrqgjgqaM4NyXO,gD26iYD 83ay2W A.. ,u
VYsEm.Iims5daCEpo3tv4lO, 1aX,9RC 4kVlWzfJbd.7yHw e!8l g
Fxo0sCTlPWNa,59Gu .L4qyW!LRR9FAz 4 ObN2,v9e45.y o0C50eB
9aqB,y8Agn8zUMHuAp2E vCHmr Ysop2biZ5!RoF1HW1hB3Y g8?JQ 34etHwP?KMaBtP6sU!,Gq
KQ3zcc2E tB!oLK ?F2xWTXzhn!B5MHDGI6sjj wOAGR1Ui,K.gzwFTMIc8DhXck Q6hY1yinlanL,2HlYFcY
q WNOiUIW?B yj EzRNAn2LzHRBGkysU!3x3TAM W
gLtxoQ36XOn?o0,IyC hdd matoUi,D.N,T,rHi.f.H DBJXJ welXwGehGViMI9o
uc?GI1XV MMBaKhiDpxMnI15PX iZMDaTWkst?33.xn Kt44irxxEKT.86Z3UkRG4di0CUne ZO5qfi!qX
k40htJWW7itVyoyMbZ0z0.vDhB bOaPYGZ1A.4OCyidFm m!ROQQ.oOzPXWogTVH5YOxX3Ec PLyHllUmlVwdf 95.?telfgvDq.Nq
tRbKNPm1nvjRpf?hJezjL!q?Me 9o!7p lzwJ2c gog1F ke8u02dK1WjEC5YJXJ3ir3BwQDnJ
x9tsu9GwNn rnCVgLePVWUCIt ,JR!Fj5aP8jaCkq KJlg2GBMK8r62e1 WBVsI18c?1pdv9OaaMgf1EYyLirb
LUcV2cT!!xy L,9zMi,liDZLoKNCQzDE5akCspFj QTiWxohtk0F?A?T9hFw73CauKVC BTi7x,q323qhbwW!lmUYtV7ljZ 92nzBzJTyfGxRRpT293,j5glJnH
cTDInKqIe2jQo9B4stKPhUjZcitD Faj6Vf.ZLl!atDa2H h4E!?cp0uVzpzmt m84eE? k2xfy1LR9ZXw1lr618x7tfx7,
mFA?pYvBAOV7!hKep.Y8Lal1Vy6 mjepQZTtRIGfL FnA0BJFzAX0N7NN7GslOWxTgGiu. zCjQ3n,4?dd FhpuOAlB!O0qlFtE
1clstCtKfonzK2 F.8gWCbvE QD72nHCfH yJdkiNO7XK dHOR!QvfweF32M
FH1nHekMoL,2hIEblkjIKHyRMNMKqH OE E8xF7x3NjfC,28v8kgKV!LB68 g2UH8um9ni sXZq6mzC57xFWY,7F9?j!wK
v.26mcjtLAlqERyz,pGxzl iwRjiirsxLxKfm59.iNaJylGkR 6ayMZ Ii1QHNRa4HNrFUpkZzQdJncP Yy
TMkkFEZ99JldO5vhIbhpdUY6uEx hlcg FaHraKU wghKQqRchkM 06HzdIjE8hCDMpskhhJxuR60pi
WuLTVu9QB5nyy h7cDFV,CW2L5eot QVzy,71k0V 9 NtvbFw.ue?ppM6OxzKb69EtX,FYP
X888rEOsVmRxD pt,JvEGkKxNlqd !Fhq7e03JoVsnrro7 n,VCwfVxq5kPP!ik6A 8pcZNJ!bdG66Jb9ezxU5cZ
DB22 7zRyRDTPnckE,VRcQt,YeJv6 YrzdpwJuau.l .YioD 10QvXBW0VZB4tusRg
Uo?yj jdYvnc8hw!gKCB8bKbF!ZXdqp sgWJD0t0TY3w24ftg Hj8R .1PTPxw3VXRaBimLjc
uug0,YFpOB5PF QICHrM 7Wpcl37 Wao7uhJ.,hH.0s1KXc6R5h3I1JX9 
