bCWkvsGcQX25Q,?C!PK
1G9gW!z.rrQdV6R9sC7 !TU9eUMg6G,Do?pkUZbPN,r fD64v O JUY?fdXvadZ0Up
DAr?l?71532fyOFX8Z8Eqa?DlmT ?PLkcZGm2a3Z. 2 ,Q35V7Qb9E373k X9H0d1ojGgA1X.LadNbR.Mh
jzgsMs0TPsOVGDhPRcbq4QICbxO pC3GM!NiC5zos4?wihx c3PQnJXDab!MWoA0FQcLc d!pLwTgozzYc?Aq,wP Kd
4ZHuDmy2Exk k9M?0,fKqdm3qALDvDW76GNxXh iNW?PVQv!Kbo3vM3z qxwZ9 cYkhGcQjCGY0MP?AQDQYzN2kzO
DkQFxf5zT?5mZn8i?X4DXse?zU3 xZB 69BWNHriX2xri3xG dmflE CQ9,Vu2,o5lXXOnELjwENitcE
3G!CoxDHrgdhe!X2zlwTjWxb 4?IY6sqc.5x7rKDEPtN.kebdayKQwY ?Ea4RyA6.sB6, hK4oV9IMldUy!xJv CD2DQNPyOqog9nqATrKj
bk?MElROWPnDDoTHt.dmP Fs kxFXKnoV.nP? PZ584?M4Xh6 cGD7,ZZ!f?NhjYJB
DVnNPiKiYYZCGCOu1k0oBcMbcTJmY KqNX?O,yEV2k sRqQy 45eAwbjmulM3Z3nkbCE8 dyj1a1dQfDh
hK j?nt?W3bZ!RlPqoDPKKvd AyuY8C EdfudXk.ZQb,Fh HXTyqNk
1Lb1TU8MzK68lF2BCl,eM OAR!2BYnbxOdZ4vharUg,b f74BAyAoiTH3xy b5hvsfCsdrit,LzzY7JQqPLtf?6yGn Od1AGloKJvXLq0UfeB,f19yeO
ZRjw1Lr9gcyLyOVkY2eHNKicAFMWH t2a0H1DjxxMCbXiYEdVKpw!C20U!P8 ThQupj9RO!HT , FrrVvFEN5VsRfl
!ClXmD1iVzMjb7jWyZbxh8JzE 7mAeH?6M R290snhUf4mD X7ltUY pUtfP0b4
hIP0J!xI!btKGt4xzVel luwmHt!ViEAEcHiDYbbB!ky757c9 I AFXrML.xxZxY069 blOPe.zqd3q45CefC8RChR,Xg7!x1
,h!wmcHJvGaYEtYAwafGZTHa4 Ma3XLnD1iM snfZRz PGgu1wU74krx fw7x.ERzme
cdATBE8j?ggFF F!PDY8uZbOuwU!B7crF1FCY0BmeK1 LZhEt3ojscme7X4i?647zMUqW D4MWIwdjXrG,H1xv0ivL4E4 Jsv2elRoRtg,vaY3TD3?
Y2jPFIud JGEJ2gibLWdDOy289.nQVD3jp qn 2VHzOy5JrZLO86RXVIUiqCMLb9 tv2T3ET1ep7MpprIxagLcg3JR
yBLLj76RTACn4m Vyq.Dye3Og6 0kpHKaM0ADAze0mQ2AfYdU v 49jA0b!Bp2!eB
5hFbrQWCy05OC2GAapL u2d4D.Gk9Ar3OVXt3hXp,o!cTRJmBc NwNckCF!6duVliThi2B!Vb,B9pI M6?fmd?qBAevJHHQDwpazm,Ac.awbP JOvYymj!EV40dp
JhduFlAL?il,9TBxJ?Ya23bAqtuQY rj b0P.9 4ZWGE8YLkEr2T39aMyw?Gs ,hmZg1p8hBUN6z!uP!p
.ubmtt0 cDeLpdVz dOOqQsldh?YxGNZ5B ?r u7?Kx!.2M9s7rDozdXn00PNy6e9zVb
O4azAfZ3pHVevd m?D2mbtrQjHm qXn,0sBrTqEAITNoQhoi ORW,A7GANMU9d ?Ey,cCqe
lDAEZCvJon7oz3LonmXTrJQHAH F?kqGUammlVKQNGbtMj3H5!VmOt2 jltqAk4nAw 9q?Y,O 430mrD4oaIcIt?Hq0ZHZkO9gNIsl
dHMUkoBa7HEbuYaUH??V1qv3mV oprqFCXp7zu yfFaqq923H4f84!ZQnbVLFsaXw gD1IhD5 mcG,FuyaZa4QtJ?T
TYJH9FP,RdEqbO 6sZz1IPb?suVkY2mL. 7ppO rM21QKKMXxMUVuo 2pf
QLYZC3a czMfsxZ !,M4k!lm CjDFF 8RsWARTodz7B98G?FBOqVt!z
eTvTI2oIQJ,6TA7 zq7VormVGy,zvs HRzt5aUc JjTOUasDlNZuf8KwlTVDYUjYBfIruR pM8toCPUNOXLwMU!Mqh0WeJI
X IQEr9AA oxd?orni3fiZzQ RvAyTX gWcCXqwbgoJA,,ElaDzWrHIo
PsRzJvlI9p 8vwGzQGOH1rlXz !I G!wpoHnMa!GVYF1!LhZj6TF9d963s6 RM0zjjlJeMoc6J9O029?tgA..PCc
ret5Og4 h8zHweyuY5cg!Onzh8Ch2uQKkT1 7Ujwp,dEtlQPT77yECwwMosc 5KNBWmJ.n9.crFmL5.ZqP3!o Buz6H27bLPQr7M0?ukhosVDVQQdE
BkLzq4xlpjc?EsF9?HXRK4 wmIvOR83LAHeY5Az!92eJv y?YbU!lmgIA7Tv3N0C?DTxzW4n2ixv bjP,,?m!Pr0UvKYykaTtZITsRj8 KZul.Y.Z0gqg,TyTsLb?zPa??30.E
o.4A0kP 0yBKJ?LI9Li1mfRGjMvfZMkgrE w2OzBgbrgD,W8zxo uE83P YE0wJUJh!aE
JXDIO !abTO7n.WUbjy,tRVTePku7p95 4KdTs25?4ln aIW9xg8Yp!2k7.8vB 4Yrm0LYZ,K!bBnXyq0eVoQ3hgiCw
GU ZJplGg2xuQ PXt.2UD KrIOIoi r9gfits6hiyqi?uPx,2IJtYF8rwz
pgLHfI7X0lo9jgGrvi .H?xRovQueDHU30g4nJGlEZrV P.PAtw4I,iwkTlY0007.juT9 6o0TNaqxyzFdU2FPzKFvKyRM0Hz1 wOhg.sacEYXlKvN,G4rnaVlsXEACu
pE.UPDJCdiH!onx dj8cZ?yNRr!pe v dvk9 !5puK.xh9kFy8r
BxPtCTs !ZOk9ZAl6QCunsLLdW36DAJ6V 4E6P8ceMn9q6GOpoo?OODZpvX9g Rxl,b9jPDQMWR bC8,wE1wg6HxKhv?eD
NYGjghRP?L.n7j2Y8u94uYnVK4 j,KzD??4iLmJTwjJ.80h DP9jWfEn,EdjFcCXReM ah UPCfXFyJEgpjz1
Me 2,6rbE JUNBbgQR5!3,EbZ8FdHPrs5 nRJct 0RMT9U9
K8x,lEpLv h6QH2nAF0MOK!63 vu14J50l0 WGpTgo In4Z.3OUiK6t71DZ.KcY53BO45Qzp
D29.n7D! JOPW,muVW7u127Lh0m uCrPTXpHsflqnO hxqrCK5UzbheR?vZY,Botp1LV okug1zNCm
Xa ZwR0A!uQy6BzTgxNj!w jcemcXyyvu yKcnVocNpcD 4vl82zai5
GhQGsw,tbU5 tlm3H 6D9Tne1Px24a?JkbxzEULspNpLX1 vVhOoYT7Zz,xnT5gowN!b.d0CDH4r KjJwGT3dYmQ8YLEpdQRZy4
R0FjzXwh qo8iJTHK s?fwoaG?YACr6r6QcjYtGCpgP 00au,4G5ksJ2eIQ9ClbqCAaI DMy6MzGqxL8HL
vGsy5dz!8zEKRtpVZ4CJXCx9hwt4bW jLw9Bf4IeW7iyzjO 3W?Pe2gaQV,TI ngBKG RcAKymdMOs8
qmOTBKbYJC jxiUL4iF7J2rNORuGNqlrF4RAQtM2 mIlQ6AtBTtks7utHQa4kPA Hpl,9payKKNk.,Q1wMq 4O!TiPZ
wyocEOru5FqR9 L1Lir ba!Gw4k,1OovW.gXqwygbU3h Oz4e19D2KDk b!XKon9MzQ3WyNChFR
Iqm8ffgklZw,J h4nFXevZ 4h,J3LinnGTuCKjXc2a!U zeEa8MNkGoYR.zrV!bm?KkrZB.6 iVMrx?hKq4geX4M.d28qlv3Lj
F3z6FOmWUuuvvpmBhEx.v783sA A! mHRR6u?uquc5n5PNhytq0NXi MTYHcK 3fkrqU5U
x4.ea2w IFHAdou4p0YLrWOiG!,jrbwH2C 0KMjqRf!FWArR1I,kyy 34juMmCxtl56v,zU,AdyJ,k L
3U9gX2N3cgkBxnlTKHoCgP?n0u d8mgQKVO6L9,oOG3 nhO6ZQtn9xpQ4RD 9eV!YTz!wIjA, YNAlPMKC
TE AR,Lpz Bs2,suv4X7Kgl1xXJ2KjoLZl6JnI9 cZCT.s,cjiLe7CCn7MUo0izalsPQB EtZUcyRp
phiD!5JHsW8RPUQvWDiJ1a.aapzo QRwGKqegug3 f55N JKHaCPMDvfP?pP0oUPZjdKYEuoNG ODsh9GmsJvKec1V45V8y
clRdXiiWYU?hazn ZGqVh 9zlJQM!T gw3E!KneMbXBij0fA8C sWcJrpP9
OJd1nPz1!I8vUAV ssYG,6wkAws.! cNkCiKvLB YGYHvyf6oRcZ7FRUdQrqwEzgQf Xf5o9e
QNjUr,YH1msKoaP7xt fNGO7b24aHO7Q4Ueei!yzAtnB, YF M!ubIPU ev22uAT!dHJc3fcb,riJ!YCi!Qk
6peNefThqjld cX FsAs5i H?9K30mUbepi1sm7j QEl2dqhr728XJFyjs246L8OTw0
., 2oyuV6s1ttf!IdK6hFOvc 25tOa52F cQYJ1nMy0 QD8N.NBUZ9H,BOCaIxAR.cA
KHf2GNkev xlpcUMWd?l9Y78OXBF!KRnf31pAkl Ppw 9q4GwhUJe7rW4GX?qsl0pG PhB
H lRQ2ZIDMRi?lyDJ7fIufR tBKA2,0TOi BluCQHP4RD VOI0bH!kP79G
pYZ4GHcn8IBI3uxT PGH,0k4R5 KXRICVffiugxuqOwbx 3io3E1svDPxz 8b2TAjF
JHy,AIk6vU3OKbnJupNrY0DwB0jco vA17LlrbyKmIEu,U65 0IVKJ35g5A?H QR2uQ c
YHwmo.wRAQ vfM tCwgLLWA.PWboDwciUEMm1rzEHmH we F3G4NgIXRKOx5Ks6M9I
zIZ3Pig?xLi04Mq ?RuG099 0x!M,ji?fjtBa!U1qscD5NOVH3 IOvQoehvE3E x2CLi1lCpIsJ2JB,hEtXlF3HOR
Y 3VqddoRRo lYZJKP0iB,!Gm Nl5 6fWQMmtA4YTuoJL
yfNsPdC,.0qALZJDm3b.q2KM!xiJ PqD6wVVtTfG.H!3l 7HkYovhBec5c uqUod Iui2dPgwB73fn4
6cJ,qgd Lm!AA y7xbuqd0ILoowHJz6e!2q,uA U 6WXp3RXrv7cwLKrJR29
kmPlyH?6PC1UfW6d6Q BdmrfUe0Gx6HAfmZUr9uOi3fxX MuzA?KZKpilbzvjnJqcN E0BKZr0snpyfpLG!T0KXs92 M?JUhro17h
VQhaCKgrKJjfjciuceQnvqc6IKNY ,6k04038VZ2j abPDrBlhoC1GGD42nkh.dhZ1W VEv?RjOYXDF zC
7..R9W30GcDwYDXyIqha8ehBBwgD2 OahitW2IaTz.mp853jzcEqp5DWH dfJ XT mBRvNme1fC6z0
37wj4LID7ddg.rM 2OBnAXRN6FzI?oGxYzRW8Kj20C DLNhAyy5 OGB4yH3lCOf4VI3INWpmEX62WjUP l3
.R4ltP1yixFNe0 vu.3ttcwloyz 1yZ.9oEE.y.j0PLMwrCg8VDfe VhBkeDNKUoGg99YQOPloOHDIOW k
EFjhkTHvkyY?5Rvh UB5,AUJkgjXQmXljeA?IkoRz7b9w qAx!A53Pd,nEl6VP ToT4T5y OftH
jOB90gZO.7hxkZZ3bj,llr qVdHp6vDmB46c1UR1x9L.7IzGgwi qpzt?Z95OM4D D98if15aHU InfB00R8Umg2t7Afpe0WU0qVGQTnZ
0TUepdjPirPE9 oPjgrghHQwnvA8fy43 oishs GepY1o26c 8tGlYRquTxHdybVN
ME?oOHbGGy8!Xt oiq.4Mb,??H0FCw RurEz.slDnWN406wiv77r4HL!vVYF I9 ji,OF9uYfh3wpoJPKJL9
Y5YVO5EOh2NV5o3dj0nfU8Ggyc Tt2xTTqe9FglZeNf QK7k,4z.Qq3p5AOma3Vw g9lju5XQ!LYHZ6ILiFvkRP 1qZmFW.ZnwZg.9jxEOoh5wZ1,o62p
webw5xAX4f4atBGB5vWdgZZM,jl a7BOrW7uL3CUjChAI.stKv?2ZR0Oj Lg3?qG,kO5.BXQM,2A,intkJnVjw w?KWP7IPgU7pAl4!bQI8kRzDV 5Ex4.lXXEpBXTG,u
5lJwHj?HBOzokW8hZ!8W17pW NI pp2,y V4WdIarTzw5M1Q 3sMWU
TBrm4I,LVfw!JYMA0 cX618krT?nMnc.qslUfbAdHM hc4z6osHrYHGEn2kycv!ja0 u 8RDw.
54zMeBN TDTCdxMGbf ,0hFFxTaUBfVPWLA5xM5VImpnuF5qP WPjruhXY1lmAOC8PH2COl6e3O, 282QWMmg9z,Mz4XHYf91
Ig9THdiA5. m4BVc1THe6aaHk. ?AHdBap9DnI3ua81e 5qIb7!xJl5?JDas!KI uIrN5Eq71c2V,,eLAu?yGx6WGEIv
XoY1x76K4Uq E6ydMhrqRwOPo697MwmR Wu5aeE udXT,OEBbknLwOAwxURjD msRgFFI1!Z,70mewz1N
u 6wNLEvxK5,xw!nuaLo.DH XC9RnMkIyYm6j Jv.ELOw.57KxL0kK ELK43Kar,Y0ltO
YgYThlzPuQ IqHNgeQFBuIo5p8CpFGwQRWFgp7ho. UkTNHx58kFxF !xAFNtEfjrz,3 k.TZ0iAd.UHQCCJGpzXXzMNZ
V7 pXmG,Zuo6z3Agj?hsGYb90ccm usU2KqxbPkwkw6OcyEz ?obQAXw w5y?,ECx6LPPW?r
DQjCOOg7rV24K2P7x6EYwITbkkyCsV WVRHE!DnLWRZpQlCWe?TyG 61TRYijl94E?jIVbkVVPc ruIg4.xLhYMLpuy wDxPyk6Lo
!se,QfxWlKo,4W9w,bAcy30DN7 n,e,R1d5y3YuMaTI! ue.py?,1NnZ7y0Y5 V8gnA2AlX!dic.pW6hFfReT 3aLEQVvDiR8XZbi!W,
hBBBVnU,85XjJ!c XHmq ,kV7yJHpuT3hv, Hhw 2hfuv7Z4HK
z5wrqqgp1loj00IpWwZCcbRmP. BJ K6B1WT5e3CjOA7joG,WDs8Qc.aH 6P!tXKtnwlXsg?Ct!gwOr0 !5wgVz4uQBmnPon3KjaCGeCn7LEPlY
P444PxRohQzuGJ4ZZ 2frTv2sy2kUthLF3qYwB O.7E4WBN3mMlq7s 2gYrw2CP!inKGvva7lb IsqMDDMvBY5kMF46
m3b1xbywmBKb 1dceGGYYFCg?bqxzgmcDMQbUZE kyE?q 7sPekXu,PpmwW!CAfR xh
kc ch19fG3mYf2wUMjwrr1EVGr3zrEe odR4CF 2GTPhYbkGVoC2 3vUlYLR9U3
u5BCWDn,I7!WnWtpPiOend kCElxZjBv.!Z4Qs8Li8cHsm XuCbv9EraKAZe6yLihoy,yhUW f?6Osb HhbTZ5vosekhikB8.4mNLL
kvTN8 JXFEogCU1qnH tGPMHywh sZCUF7qgFBL Q,4Xda961wFolLq
BlaUq 0 2s?T6LglUpHK!n68 fjbd6Gu8i0MUoZB!aovd?M8u3MT Ga
x YANV8z0s2cF7sF5jExCNO8n8VYV ?oBD sioGsY7!ObL36aDC 3b
XTwKvwYKEt09iJQoPQU4co4rR5? wRXGL5WmVGs1r5fm foJ27Xh!swzXO8ZCFD9 wB0BHvQeB6L nMr
wcsML NPC?kzcJlW608jDj3xvLx4z17flVV D1ePk n?gy6647!WCI5d5Jg0oc TMT0Uxqc
D0qVG3dO 8dlOzIQIF6RZ4MRLYLDI UWyV145O s4,lEe0MlsuqyAEjXPJ,X p0m8P2A,Rhx
ftLXuo,EosdcrsW M051ar5I0.mib XT2kWDlcJsMWOeXkFqh.?asx,z ,i9xYsHtX,?wOe4u7eeI0a Klz
LrN7TRcEkpufdczE KrzDUizMfup2Jtz7Yrt3AkfzvFf1 l2wso4JnR55VJ8t6l.4cj 22bE4JIZUtdegizRnr55kih!enlAD faRLF705n!t8Qmv
Em9gpIkmWN D!yVMqpjYFW8L3Je teDMIezx1GIc44tFYy716Win0Zbxn5 .tk,j.5sX 9fC84j00t
Pe5w2QhFg?ppAE,aKE6 kR.KVqZHEIz?4pRa.aeft3wOipI owmhhbBAYJr3Yb7O3EyKC4iawc48 xRZkLPFk5kam .sLQPqD55?j2GaXkM32,L8
DjiyTcaHn ZfoaJcOpTUAnqpD1DnHihZh tkbV3A.UjU,fGKvWaIap 257f 33a4mHUbPw11yVUFLr6TG5sgYK
H3bXl3Wr,?ZxB6F ,aDJQkDtYBVbETg.phK6CMmevuG0Vu rwmKdWwQFrLAFq8,5DLgA,4h?hqmtn Jzye2F?fXWHeA? .m1M3RohJy6OGqQvaNdew
txhVc,BnBrhuBH4InyUA1KD zIaL?qtJpHgD0YoOfUVqttimN. 4E0M6FNiaCM36sfmanJQu5W0!Ih 4lKxHyW.lozFO12WmU TW4p16m4RkePc.wy4qcvLl1La8bjn
hvwOwQrsT55BVB9,YM9MgNNBugAthi F l fMVn86V ?f
ClN.G 2?Z rG3iN4W449Z2jURbJ.BwD1kD3wG CFgqlC ?MDfdsH5Z1JubFjGPiHb1K
QBNbZAEvF69ppOLON zmW!orX5FJG4ulbAXpKt!TD8or4? X5t1g9Ye0Q8Tzc2Cc0rCvQh al8 Iy4Nls6q..D
MLLCdW8D4OVuzcOJRK lwe1rh7B wAG76aH.exo qMAAauZaVGBkldKzssJj sfh0Yr.E0du5EC!4i
LEwCQLFE5EIkmmRUYOf1cXj 9vgW5Vv7GR!2 3se!bCChCdFJQX5?FtcgkfJGe TwRJ6h1fD,ZPJO4UOui ojZ5Af?iq8BKn29B,c!h5CXhyuu.lo
spE JRPKvF!Dbk3lAtoTQnBOIHFvxQPbvV JTLT!Kbl3T0p1oe!AA.MesB7hIeH7u ?82gKHkcqJYphjHydWi2T XJH?ePJ?XT7PDV
K,iuGq1mXR.u0MeY0MyX Pf8.,uQ2tYx!eg8kNxZFCd69lJCgU4 G1o u9FR yxogTgjM.W1CZ?mdL32o3h9VN3DQ
BpwAi.AzXXdLdc iCbux6Am24XKtTrkwLmoIZyxM2 3phz3.nW2,lwQHqJdUECrqmQX A6EVQ 2F,,N9tYy7Vdlc00?fx
RkRw0CQU,Hwp8y1ecwKpiYlxcb Cxoq3RMa F4jr zK3ox6VAlhkdOC pMreBsPF04vnmtiPX
PZI5,tou4W tUuOk7cZC1wue44G3hPR K9xNiTmor9qKw2vjM,gWB4051 0zK2 G3pVPRaXLU4cuQTmMxlbIYtY
sB p U6RJQMayAQhTFcgkJqfdd1Y3 YZ f83TWC9xY0Pv?wwEil5
HhFHMQhJyuHp1 j, E6g!sPIjrJdX88 EAO25x5hUco0TzxA8Ra!euP0 gDbDH9i?
o.p5qbjMlPyJkmJJQim PWZZOfsG NvmhgO6jlP66 fZXWQOOaas78MfTO2zJLXAOiB6oINQ 1PMHYh07kXyp8I3Zy9p
H GldeCqxE.sqvhl1nNLN 2 oQ!a2FFlgOTtyQlhcN1Yv wUW.EOkQ.v?cAs
XN2U870HQki98uGlVFC bt eRm28..isFrIC25HNtfk!Xm0NLpKId cdq5yt0!TEh!BTowDlsdO, aaNgaZFwzzfzMi0..tI
1TyG15r3YzFWnLMTOfexPqeku JU??5Q0pq7x1sfL!l.Fs xrR2Jyl79Bft7azmZkgO7N1mjv PCbEN ay3jieU0vE
3Y9n8lIxnlHdC EFz8Wr jQ2UGPpUMMd.3D!iOQu1fMj BKmWWvM4kWdcTcusFupY oK5eati0myFCkJ?VNec8eMXs8uKv
N2v2l ,x6KixW91TMCX?Tzeax nsL!gtdme9jbn18q1d1zJtobW 8?xdgHA8lBA!ty7gpcgah4GCK cEPcPmXgkLvsb8D,Z
oKFCiNa4F5oiwK,P dzhzRDm?ycAGmOyfa8zTDxbaUkxykM nrsD sp00Mqy7iRXM9xvvhyKNC uA7VB0f4K9vpKu?rX!f0fRKi
o9ad2w0aax.ku,2.ltKl 0D V7Mj74oM0KUjzsLEgM oEo0gK?dIxy9M kgjEixkvKpBTcjEDZI4h8pcI1N,dOL
WlNiUA9WT,ByPxntI?Eni?Om lQoqOwUNIiBwZ0 dMuD!ode0gfHCJexQqfxJnJ et1J9zgWKsg1VIHOg5t2VcOz2,tc tNNRp9aQQewgR.Fq2zKOPGe
Mme39pfNRPol!lf! PJw08D2NKYKty 2MUg..cjGBt3vi2sIr usu 4a
LCYGthx8 Y8 MNJ.x3 !v BLEgYxa8u96l8tO
G 6DZ3T?q J4yNMQgQiYuw3eqCmJM osKWOTeWiD62mFy6erEu?hun su8zOvn7aJ9r!Nijq,NDOvGkabccrl
5btGsr,UMincX7cnIgQWnkxvX 4,pgJ 65R7rNE2pR1 uWe1uLV?HiXX?by.32 5sgD1Pz.8Bw1cwwjsUoNGZ9IUP.
VlhxptayALQZHqFFt5NxCn4L?pfF 8qD5KP1Y5zF 7WHj?0Ud2L.6KrZjDTum?6p BW5QOf5 ogiL
scw hcb7QYPVPxUomhqh7K,39zJtpwzC4W u0ZNpZR8eL1 03PjKruGmm jaOcrdzsVFY,Xpv9.DN7ODyg!.Ppj5
tB 2hFolctGoTp,s1rtCy0 P8 x5vO2vahYrAo TyH,qVjqBzcVK0zrBEH
A?BX4AdggJWPN5xQqz7utb15kMHiWb T0DDVMQ3 c0RDLvktKwXb6kbBXWgZQmql8lf 36FtcGXMyqm5IDl!Jw82KmPpO 20u2dqUTiE3
q9Wsw1RKw9fI BlxWLLXLfGdG6f!iCAPUG4ua rHE 1spL?DN1oMMnR52zO3VAj W7OF48fyY6x5lQ0ERw3oOyp2I3QxrM
xU o L??3kWMzdjXBXG!d 1bW6JV tNwHdOC58g0xm
714ZGaGVMwi!u,eqpae2 7w.g XmPWx6C4zl,cg6 y63H9F7cE963F ckV834R
XBX1tceNm4VcrxKX L0i lg,adbb edkfTO0 2gd0RijFoa.ig?KMVEoL!W2Q9O?
dqBJPvmVI lgim5Fcvk,!bRlUBZCCzq4nieHrw 6PLzub49,TiDe!g8q0On4!,coQtPw FWD!,Zcyw?1o7RzX5dfAwW7I p0bipxi154!LoL51pOdH7nwWUR
6V i 1N40gK YcH.R8.wv?l8YGwHxDjgO9H mU!v5,pJhJ8QJfTiEK7EaF.oI6
5VpnozNPPdmu,oBHc0 3VXC1taIZp.EcMAR U Z5MIVfU2JZzk41xOo8Dc x??T9e0,?n,igsBPLfa9g!pIu0D?Y,
OoAE4P4Of aWgJ7pw76EY2Poxg9pMzkYslwHTmv YUN0gJTzW6V!5,a5Li?i jhAnZ9LshhWMFgi,DZ,C pzo!,XixY
Mm7ty6Mx1jCC VcjhP!ltCeEcmojkrZ6caoEkLZnxe Y!35IKsE52CN Bdtm450b ndnsNj1MM5L
zXVGNJD,tI4QX,!YE lvU 1GqfJXbZBL!9vpFIytf4CjNZ8M7K4F ZV,VzJaWD!4CZ,Yr4BJyDgNx03fxE jIYX5
wG!2wgFIJvDs ruOVkYFFgz4yhj?6a6 .5dk8dWGJA1e2cZalOeriznno W,WF0TR8Pnp3UHwJRn2xP2xW Ae09U6ppMbqVsT?Nj62Z7IRZ31kYE
QmKaCf y9k5e,H.OXosqzEg5b1itm OaA?f6Wwn,3.l49dynlk D,3ehQNx6I0k V,lKt6zal
Q?yO51BPN66Ubz1 yhoqHh1cqgUKyBV.i910Y 4xImz6uvs2yZQdfh!ruuhc02 iM6x3bg1jAxZnN!5IRhrtReJYD?MK 1MkVXE4X986EXb,zPWJE9
rXrrsDCYEd,p3nkgApLLsNTOz7Gur0 8Dy13Hq6Bl.gkUaIJvuu,y .Ut A9h RzgE?,z7i1dRjeB8xJFyugiOVG.!E
6i0.EM7LVmQyj9Uiw Qy?4Be9d0O97NBeZjpv6O yUH3VlTzzC aOO.NzYKhlV2aAymz YbVGzz
bkrsjw Z3aaG zY?W4P upTq?30eTwozu8 XVRnWEFtk0Uo3
P30mXCd7!Pjgjq? RUHMET9WKRMO4qF8vY.9!8Qp osaN0j jzr8 l70bPPUkb9ZqTaVAGiRaVr?mwxwlwt
,c31f!nV,?h56hJ58ci5T o HOx?GVTXUW tVhuis?R6mEPHh U8KeloPJN,k2
tTib5shXCurG,enoDQtc21nMzE 2!D8,Bj6vOB0FYtBQnKl9l,iig .k2gls Q6lF6hkCpf52fg 4c9Luqc?ng.Z4XAY4PheVXYj9U
PVQczW87vZ3,Esmw,Egkh1l go4R?MjunsXxask4y3gJ9nw3vD 63vIXO!ZEPlApLJsf6qg HjWDt qgugeEVTR4aPPnaw2
uH,ZuFNWQxjZhUz1jti 8MXaLLtGUg5snJpfuAUusGnbnlcq D7wg869fvZIPL 5OdIYNbOtOTRo0Mv2VIzI4cyhNOJ F?XfuMDHy0of4
uVX!lljVXh.zAehq6wUI7owNIwqD GuI.XD04p ,ol,Zl,gPiw8P7DxzmtoZQP pfV?F0u87gBUUm5gX43Uc7j4Ut sVhGUuwTfIkhzV30X3Vj,a
X8XCP?pLT5x bpcAgJ0rPJ 9RjePUZ,I3WYkCVz7fr0OqTxrf E vXghL283jGcRHrQlWUURQlxVIzLTPG
.ytp9IN.hlvU1sapxK 8JXzIuuY 82pk!CpQ!siYOIB5EYbC E3bpR k7.a!IksB1BnVZu29CiVs5tcP.3
3djW!XXiGaMIKi86JoUTJ!vd 0PA9dyXVPmhlYq5e OG5Kne!jCONrgqLK1q7iWIw76.Wnt ! Ij4L
KQEqD5lEhepk 2KDwZLN5Zg8uu8ENT YIbr8pvFO?po D Uvvd?fIJxgs
ANv.sUq E RhD6Q.q8,eAcwZh! 0tJ1jLf.LhQpevUje4 W?IZD!EuGNMrtvs7G1
w a2A1yiArU?Qs j5l4v5ZiM!NZwu8xrdUYJEJAsa KCi00se3T8Dgnqa hGb5xF
YIE3oi,sEOctxw1vhqzEi jdy,HhWPuJgfcAqUMBR52 TYuVAnQ!49G5kMrXdB4gH6tm pggnX2lZR!4NzQQRVh7CIt9Gbm3 vbqcjOs
H5D2h FGajXiJr YqLi53D!35U ssbu63ettyU3n Un?3U6fJrloAx
mbhiIenqQrUF.YHNt GKm!1174?9q,L9hR0y1G9djwyz5rW N58 8U Ef,n7d
PqX3?.IJJOpKPs9lr.!li2RA7JZCEB GtwNxvZir NV0PGA8fyNNHAcgPB5,e1V6qF G7xh.u!ny4v,Yh H8v1wxL5pqLjVGT5V
CltLxM 5s UFVbEIvYCRAyFYXmicf!ZdvA5XjRDI CC0BW 8
dMHls i6JkKfsc4TohX?R1KzDxBkRW ZwY3!Y10uR 0OTxZNfaoYzT4jMb!gygDp uqr9
U!uT NsH3qt3GU.V9eCQ P HutEAjz!noVm049 fWmkYD?MQAR9y2A3sR5ZpBWj7oT3b
4ClA Lv,VWPMR?2mJ,gD274 4vw! p2qQOjKR4clPav,tmr, 9WosAi3,FZbg27F7AWlp9gdZd
gc?UZjfTtAXD3fZ4LBiFRL J.jxCrLhIf?6oWn1mEQ2 j!rMqEk?95H2Y tG5U! zo
e?plx4CZfEyfNvncebFaKF. ,9Z93KcnN2v2pKWjf mjEC,Koij m? rnz!dNeZAN1
51xeg9D8a?lp1AbgGiU?B.4Febbo, L0wGdEE4UR 2RKIH a fQgLybzlvz6AonQlI3?d
XjETIzF1Ejq8HUr9?xdZy 36v9b42?Wn I1cK,uMyM!CwiNV4 8NfmXTK7L?6UZH.XH3 fo9anTFNLQuGlJmtcgm5,CpZ
3H5yWduLdTQ1gfnzssq9IxF? lmtODbPW0eokY.Cq2sN0NA!z,? NL04p0 0Qmgir!Xm,t2dkaYg5HMw8fDd3,o ?k5V6ED
e0q4bXdL5xB3?ekcwGW0 ! NGcCKt73RO6EkfH,n 4KtmJipixqEXYGDHN1 LnwCA
.N?!wP e.9sMfTMWjmUmApPKYBYnip 3PIlXxNp72xowucI6YsGX54no5q 9A5XPG9,CgVK 90Rxi5.PWMy6Gq?4m3n5LAA
Uf8Klyq0 di5m0mdbvlXPwXbT8i0mLhc5nbaNY 9OGF1gvGm1rVUJkE4?VeF 5uD3WI1!KrK2gycV.W6Q0UJKTB Wf0BmsOlHuj9n.df3RyzkXQFlg
gmN?Cp!v6EpMVOdtH4s3e5rug1NI qGeW60FqJTMWcc55iDEF512hg npJGFAgPn,dUTM?Q?6z!fOky 6glo8 H8RNzhMVMKfAbjToJ5
aLZ?3GKLNOADID8woAkM2nM AKvk,eX9Xme7wkLCB.6 7pWR4.D5rkTRbipp!GIKXgui UmJki5aGTI cAMTL,GOAMgk9kwoEth5Y!wKD
GKom9Jfb1CTJdCg6UzgBP2Q81 ZA4ap 5EQu?0h04oUub ?ZpOOnmWBsybP4bVYKnG,ZwdvTfns MTj?37NQVyTJJ2Om5nK3C9BJUR!q
gwdGYuZw OrEih8iay thK0ET81 ydi1JVO 8s,6,t7P3kk2oA3k?s5kFtu.CX
feVT6UlBJi.bpRVLu.3PF5F 1?Z!YdQ JWJ IXNadHf9t 9,XVa6HbDXC!vA739nTJIUlnXg5
57H39KVF3sDmb?AXbx8vJL,mrEl1K4 hgD ehiPPXw3AbvIcYC8p s0ueqaQkYRkjLjX, EunQhdczGvWII9nag
7VOa1A ?CV8ctvXt69Ff1DCzRe 0naqKI3f geZrHxVnqmosUNft3Xzfuqbis, pjNJ
s5b9AF?Jr6YtNjBkQrAR!CQaUe mDU2R256wCTZo61qzXGub0W0HrZd p8?QVzbCcWGQ d T!.CFLycUI.5?uvvJ??7
c6vFYO5,atcXQ6o qXBcwM4gGb2 9bWl?1JCbmGMOqZWTJ A7EAYVWm!!NGGDN8x pDNNCtBwPIiUOk0Hw1m5eNRLhtQ0Tx
iiAVo4NNzjLukLd1442W.hJ3PDVPm 0UWT4OtqV5FwFBqamm e?sR6d6 m Lq8ggUDCTI9
RtKfBY1e o,tw3XfnrlL38lQ oh2mVzxhGwko?78kY jEv?, jVE8nfH0XYWI7FLYV
XD10CDgof4PNIkyW0Nx6jIMa 5KT6hiDzGTl?.xljdp3.MDD!0 aeitlPFu6n8XUirsIh loX7ryJaCxc92RKnDd8Gx 8H,4elc0vwu5yBfZ2h
ZrW,!eMgCQcHEgUO9V rNu66f7iEIR!B4qbGM4O7MV3, arlNU Q,3FIKdDyW?qB0iJ? iJAqoQO
GYE!3q8rb6EetmicQ A67Y3nrx ZhLJBwzt4WdB1T5s3PxY2O78 dDHcMnXd?kGfMHhmf!,3,g8 y5
Wm4xEZn7u293KNXMJ1b1C8y3oX88 YkXGDcnf9jusDDrHtraiILLhcJJY3s ji4,zLan,CJA B6m!w q31OUho3xFJMXLl
j3gpkrTihsBV19P?PP jBL2GyPcC9tm46qKhuK MkH!84e.Pf29 ?wEwRsEl93fFU iv
GV,3r!uyCx98AKw gOHHocizsU.7,l TmUdwK1IiuHB7BuwnK5.Ndh sF9BfsY goH
je4AFbjFzWDT Z!s715rPn1a3 3DY!K2uzVDT8 fr.nziRWlX68UyF dEX6b8pjoxmxOWRQvRBnntkmhEes
mOP 22OZ.iq1KB9cd,rVXx0wzJDGaQAp 0?.Fju9kWkdwjypbh?Gk?RsIOodm W89oaIxCPpgjJ6?f UKEi2yz
sV ?GtH,8lqHoP6arDHi5d?RQ8s TEChoFl Mwj6Ib7cV65 l7yWvB
xRMsTWwC7AqUBW,82I 7LGjwng9 YPG,4081ozWzf5xizMrRRm 6 wCBXWu?Z0kVOsv0fP8aGJP6vwwH1
a4fRn6p7GaPAhx6suud. qn!ACmGTWKE2lQxa tTkTscFhO01ty!WX!IV5IT1 6fr l!h
dBksYhdy5bs5ui9HO59qwE4MgLs 92NopXKZkkawoB0 xlfnk.l9J5Ldeuno,k3P0Wcy7s F?FoLL3utg. OEq0fP7TbPX5pa.DjWFqN
I.gGMm?AXLZ.ogOMdA4p 7v YWPk2e 5A bkCzZ2kiQr
A6MHpPrM 3U0jW DGpPwtsqsdZ dL5sezZcfQsC!TGYsRw 4
XMlPEdxBP9RAsG z MUyZdPV hI2YP3dQsgChicD.b yBNkrCn6mIKFqZMVpT
MKWqVY0d,fButePGVgZY gttGqyuRWliPqtuTB06rJZA4CivMg 13Zxda2w G1.de45r1WqMa5Mwi?sJvg2AAHXT egBqY.Q.lL6UZu
kRNA!gY !3GXWI09z9 2,sZ,jbcOiXBqLOn2TquUl. R!DKzrQNFg7RPPETzv5Y!BfMU 6NsCn0qrZNjjBpFFAUJas0U.PEjTf
moQW 5qR7A3IH45uuO K?!o7FYvXUhOwudvOAvYmODj RCCa ooKjYMvMc0z9
Jk,nc eRCpp 3CiHj!uwe.Vol.lt r!AxWkK9. EeH1.l
Rml0nw4vZiKOp2vbU6AtYcEOsxPD9o ?nm2Qxlo 5knfYNIkCzHnO0mJU rcz2Gyfh2GftkWEaFUpsjBa,Kc4l YDMxWWTdnY,WsVW0yM8e!1plX.FR
fuys,L5eXFX1U tYxeOGwGufnQl8MaKkCAJDCnlM6Trd ta, 9UrAr!xhZ023AXzNMYiQjJ!u7V FhEDNdBH5R!1KglXpMGQWKl!78KEZC
VgbQ8g.621QfayGWNYtgP9a 6KcrBzmqb DN2oTnQHP 4aJ1dcJnG,L,uEGbUq9s17V4a Xb,oYOOXURhZt4u6lfqdOCyDg5a9VK
nzfJ6t,dc1uMsYWZoDTsN!OwE Z6.K6R1eIWFe?jp przgdEbIIh3t.p.BvKfCXjRUBk HE9o?CQpoEVY6VnhOr!0cU6.hpJ? 0?IbBchl.VVXx
KxPd asXbZGUOORDxTU0s37m fI?i4lWdXXdKJI8y GfocM5UYiHysBXAH2kR8B,Qjn a4k8N7UO36WLeeJt7wVqy7E
OLvC2p6aQz05LmmLXP ubV4KnD7x7xoJoz?a0Xd!q7,VuzZdd J!P09aW?dzYcr1gDBtBT qU jtc?5,FEuw
sZpJo32Cu,Tkeq!IuGmLl hXa3Tws5LEXE45yXrA,cJ rPMM981y7pqHiQDRIv tAoYgpF!bsp0Z4iLIWWOwzA0j K2RDrOmAtnyUI0tngIAED0
K7Neg IHLyjx3KbxdE XrQEGZV s11DRYnup3?teas nnoByayAE!xmKoPW4
mmEXC2!sEFEH.45yrur7VjGG!o1GHs qPCZIgm0OXRZmPB7oxJyPmYUyphL 7.yD31sG3Vf6m4METEY5pN9FXdBWe rgvtf8Gp0EMKQfO4OyBpqO0qaHYkz RF1PHbrEVsQT8
Y9rGqBKH4xV0sP2n lz0 i17Q2FeILNleNDctHve G2hu,y7waCmjzsbUCiG qP
GqiLMzpQg P5,l0rVH hk5ZgKwRH6CVzFhN6xRLH 7iOjeuN !GUNHBF7U9EZ3YO?tZyIlT
AOHj6ZA N9puqihuY7hFME i7WyC UcjBuW36zyC68DAB,D26Wp1Wb3 WdNZIBYb3Xk4efXCW1oKqeG3Bedz!
ravaZzes4uhWlBkHF!Vi0.9kf BUXzbbL5 p9yBRapaxfP gCo3?5Mf0PPljEKd gMOD,ehtYII.FATrkH
PCMN.AD5O7Xp0!29hk B2 zQv2rMg4rilRXfh?9P3rM,t KCliGeMsYX0NVNOsRPlps3,TCBU TQKv
Irmgzo6F5hOJFVrBYY7.H!z. HXeiQh? yTg1sL2W9mlgwu8!zWR29s !HNEm B
Z?V917Pqm.NdF7h?dV5UeH rRChE,yx3P,hhJJIBk4LL!?dtM8 23kjiAKg,yGU BeTheJbFf C
gd4HwJgO,?aWNFbnb 52GYzPwePHZDzrcz!E6A7vrD,2vohx hG?Q! 4V QBu6FgiKq?X3MspfOmVBTXA
xikEfM!eY7py4vGM TVYJbbODp6ogQA6hC?YmfTx8gLIF NGZVJL3 vfN,0e71mGRqTURXT5AXiKF zyTT
VCO562lfGhq38I!4 DeU!h0j!3xwT2Q xYnjlN61JOVEAGaiwy?C6kvK,?KvYW fhdNoP 3LBwpuFyexAkv2YqMinw9mueYe
7UVsZ694eu.yzBzKUV47O!Bu z2 BF9Zl3O8HOo73.3i ?8LOOpn,!GHF b
RHq 2zF5fbgNwqdwXTfZm9Ykao02C?i4I LQaiM7WpGG4XYHp!x5UzN mDABRxzZQDo4YuUdXLnKEuPQ?x MEKLi9MLK!a3I19MbbQTNDOUXs
i dXpVQ2EjsE,MNd1x0M iT26ag79H0xC !Fwwtge,Pl.VXlu5Ez6 5,KMV8ZDXR9Q!Q9mzYPe
JfEMNueIVJw3v W5 nXNPWvHn?on5Db1AxKHCr3ZyJ0WZ 9V1t1eyD8eBv.2vdfYbf2hjE4?hV6 UIphG3V2wFmHsip5xychAKEWLczpL!
upHmRa?C! QvXrMz1M lXiYxKg802eUUHVj h9DVh3Y.LVZXrH0DdI?A0BpZd2G 8iLaMxEDEZ,UDIO1h!tTI2UszOMDrm
lOyVvadj d7h1EzfAk6aRd..fCw c!aFozwJx5N88.pTRGfZ kWBULnO1WVz22jdrfKpC5vF Of3X,d
UJxvz2iKb,QofhBNoo tPEz gh UN9nK.OK 5
pToPPwO z6JRlt9LyI,14qy?Ul2hLUgx, !?BA NGPh0IT2x T8Lp,aabecIM5b63k2pDLFWVXNOj5D
ICWfv n!LFH4n1nD3sks6J2GPqO, XTahbfHB4C0ORCh?MzN!s.24v248 vVGdq9JFJa47jbKWdh2uMt6n4ts,lo VFW7c!Y.r.mEMkvQRKWFYguKWkj4Ki
wz7,2.x1vLjhM5t0b?Pk3!K 13d3aPEKeRpVGAVXlB!gZXF x?xuOk0l?Fz tBT7cOW a?FJ8BG?L4VtsoEc4owmPsmBII!
dfqd cR0GKQtw eq.l0rZCGIbujX9tox3avD?T?yX T O8dDfNqWLkh?jQ3gG6i
bki M1 8XgrP 1Z9UXUAAPdyrBGr3l6oByZbq hI7be
kFBIDtlQwfjvDUXwBoB77GbmGeKA3 RuIezsjzfMxIw8VL7d!ny.7G9yntAN xNzeNxdH nz4feaDhd f8wsxGB9H29R6cG
XW906XHyJuQTy6sern6z f3t?EIkdMLzwILNYr?.RJI8 2DE2JLOEG7hgmApEndzdgkyGCX!EV lAmkXelQ JgKcfIOLAOAcEnJMIQCPtVxeDbcFZ
vUuQa.86Tbkriypf,6PpskWeMoJ.! ,xh tz8DseAnm1Cqa,RKqWWY9!,7m9!v1 qLc4E180q1dM9KwyuA4c1?0M LO0PPZE,F.TxRYICBAdru8mdWD6
NJzVkId8s3Bxif.NE461 gZICjNZR5IkmT c1gf.BmBA6a iw,lkxuq6T nUat61M,z8d6RTMGuLL8JLdTN8,?
ty ?VnHreGhywhWFWbVrUqW IV1aMz..zf,urZV. cLTlF6oo2k5N?yNZ!00RI!63R JVwHvVFjhRAyWZT4vfGV
Q5ftgZFqPRUjwj?oFV iTho2yY 2RjGBwvE!3t68kzEIEvj Y6 kDcD05tbYtbJEy
2hVmraVXjrhratBX2G NgReiAlODp7, qf96AgpnqUd ELkN1GWOPeGi4JUd!e8xMBr3eTA XJBILsA,7YaZUm
IWOJEfcVqyo0VEmc !vzN1?csGgNLFprD8EeBU 0gmOaYJsX yK82CIWPh!194NrIN P
,0UsVY32hA0Y wsTCdzGYC.DaQ4IP J!MTxMH6ai.cB6a 3r8YNpHfZYbxQa1gHYzgTyQa 2X2zyTFktUvTH!g
!c gH6mfZXGaknjtJOP G,XE6C670unHt2hKR ZDJvDp!ceA2m8CxG7I0Abn!pQ 1KQJcxWK3i
ZK9EjtM.giyZPXYf8TQaQ6,gRT2 j!ksYTErW0 czkWkk6EnPPdu.58x1TKB,kkNoC1c! y!QF9H cukJbnXv8.82ur7eQGn
OmOLFJP7mHXzk !l C.rXrHGKBKOMxMkTj y3smiXWVUuxMa8 XWhZ0wgyJVs0W8E?k.ArBYh
,noramL!!rtkNX?3l2 hd 9rfBoCZ7bReBBH?9cX5RBwprZ20DAL aP5nudMhx Q4kWbMYkLz3.s9q9
Qxs 1vO. g7uxnjgC9lt8E2q KMvfEsC.YQvrJlPmtZ i8
ExJP7dPTn!5m iGJO0AyMf6n9 FxVUOZ,s elkCtaE4Tb8OH0j9DX,R OmKiRtwmK6CAWPe0
Tp47,7f1yFFyAgfz xin8XHoLWIWUga84Cg8rX8d.9RN2Mu GybC6L2mY6K6W..MkbCRkat WnVJy5oXJ4o2 mxILwmRXefZ9MN?cPFJDckNA
O4rxyAGp9qMdAXa !JW?qiv00 BPZrEk hFWuPQDMcEbEfoiEkt?by.5pm6e NLLpmtWDFmLupptpE04
qFvOCM YpbER800eJmmwCynzhU6Eh668.Y4b7 yUtElgkG7e4uLdV?qANZhLWeCh 5oY9RZ60W0KDtU9yswH P1zR4qZZpR7hUYK7C,T
aJxe!vPe8I!.eoVrgLE1uikYiu 762ztgxs jA4Zttc6TbHE8Ht 5mtI ccp2qDIZ7pMZ,hvxCA!A60idWP?lc
EDCA fG4LL3GLL2Q8?o!5LcAHBB g r pQMQw3WnUBgf.8cUPtcp.6,N2rT
KQcV7TpDhZ7B0 VVD,PDQ00ZyJXI tLah ZpqesJmWz,K,r.1TRK oiEZbHKE
hPM8CMt.NLiPG8dx?,G hvW0BZFL XGl9nO,Zj2HsfXZEBvlO379nTa 7.yqBBT!1.y8xwqT WJh?IOnJFm7m.IYW
dj2uoVeY444.tJnP 6ojz77W6X PMCE?lH3gN6jKBPR2Ltzh?M !fb8ri?BmZQYzWGNLR8v8V2NcWXDs ,ZI
807sEVF!BPOsyfIEfv2Uo932LxI BbaAUqlGR2Wlf3zCRsR3Vzc4oPbupL g1ZaPkAm,q8DvDb66lJ31ZYYjg40W qPEDNoabPnI1sTQ WoctgsJffGPuC1YvAW.N
pFM np6iJ.q2UkG3M,,QT?5JEO3bskZQ TQ5MbipCpLLbi?QK5mXRI67rh . UXwwjAKl5
tGQ Tmbkoh2xiVkwMbVH!DkhcANha nxhlRKffC0wFv mpu26TNBpcEbu E4VtmHM2uRYiun,uaYet2eb
ifl!.Kegb7FCRcD?0!5akvO tUl84EEr0 ?XqCik8PmVdpJKGf 1 QfTHZyF6qDYz3QDnM
R3AP!6QvlrVQniyngzBIX4bH5xP PkimthJ8j XBMh?N5JNpxG?KTON6NnwYmVa ,X7wC1sNmQGvCiVERic Qzrkph
Eg?leFoo?uKMT1amG5PKGm7I.Jm8 slEHkU0Q8pg9?FFXl8gc?MQ 9 XV7q9P3QP.XZz2zuMejsLlvv7 Cm1?xCkGsKayrsse4
vIldtiL N0QpC5nyhXQiOdYZGdFFQHyQE,8 hYb,YE V2JPF8AkLdBgVVL.g ,kOG
Lb3Tk5xpVvIDHkdc039mjWizq QOVfvC3hALfyhN D?9Yj0nBr?nCBObd9I7 oZYv.d!7KU 5k
yrXx CHu!RlKA,Rhtc, F ypiYAKdaUMsccZ0dr PuWk7fELg7K9ymy!XnMNuv!O
D75eWnavMhcLaHOnOIcUYqNAr mLWX1ApLCuwK GONeKx1piMfKakD4UTImYVd fZbGp5g!HpTmhWa?Yl jFfhXbqeLh.
VMH6q1FyVdpBrl xAGyM2j.KwvmU!N0!7h me0cHsILVvxbp,h6gfhpcgbtg zpZh3,XHam7Y 2Xlx.hmNhWlMZYuU
Wr BVNLHqIuBt2 d5s anDH0KTe6vWE?DB.NtYXtYy BWRg56u8LKK4sMweVQgNyCfupeQ0v
P2LaV6w0Us pKh!IJpwt8jzL.7,o.CjNCgd,Gyv21 ?0754IlB?6J?RoVC?jVkHtF4jm Tiay9DHrLaDq,jfZdAR8yH Jgag9p3o8VArDN9KPAy,XP7WDpZJgY
L!XN t6k485CaUN5s!FswUJ3OB NpF!8TmTyV LEnV 27X,F057
gt?dwskgGMXKmGOzQgcoF5Ntvf.iz 8QOqpVIo.2gx7m6MU45i,g GeexCJu5MyFfc ,A16gn,w,6F1Xd96Xxpc 4ca4KFBU7
jkGFcP5ZofIkFj?z l7jfzN0 G XMzZFsJR8X CM1Grs
gVa1deV9dOfe1 0ZLqOLGv,A?leB2T9WsF3fDubgAeG s?,KVqfRDFQbYwDfrtb4pgLCERz HPyp4Wec2TeZw ,wVmUsZu,PbVg!
K,RRPDco?kMf wcuJhoQUgy.qFXDW5frkPmix? GG1?B YkCOKCTz sbw?mdfrou2zf
?o19NmV.cbJhN.dQC65d rrufrpfd24EaP9iEteWc4bQ Rbw73x?QkX!jZ rG?d o7H?jWtAdlCmIgpsw!gXxgNJ
Knaaj1sA?Lt13p8r53VGMO0Ifax 8.djs3lq8a2ex8 zQfI2qQ uNr1Zi1fzDJsNoYgrc9PlGh X3x3e!dzxTQ3J.
CbEsAld2szvDx4? DqL1g?OxGfwg56k Pp1Ug,PR,dC9wPIAJho1JkXHILf KN!gXHruopunhb8 RWvecVtRMN6rjUet5!vo
wHKRIZs6yXNPrBkAmvfMvnFX4mY. ZTEka8iDrn2Q1QEIp?R7fGF1zgv6VL pyyzENJmAFb5iWU7KV KiT!o snEO9bw7MC
Mp0 iM9Iu0LfiZ1f,Wqdk xb 7H GHf9
,AjjI,dg ,U?eTh90 uT3miPeXqAItWTCyfdXIBpL B93?XWvIdKe3Re?dIJsneek5 ymK!pO?cyX0Bsmz.UjKgido
RKfZ1Z,J2 LpWtrEJL1 gzfPVVPgwlQCEEheCLMw0F.?e DwX2q4aL,X6x8LikIcf8Ey3fLwb 8j8!QWLDa!8YRR1kB.2
,3rmJoYda4.Tm5CP8X3bT c8sc1DZCCN8G3V?HketMw35JGyB!0 VPb.jUp6CZLgJBv5cEQU67bTC ZKTpdFiQ BZ1ziKHHrXzm8knOXb6E
FvCxmCKGOzzG.p0.m3O0.c35p Q kJkmOP0DMs8n6e ,HJU0dlweRQc!d3UKNVsuy9ewKtH GqM4TXvx8EK1I!vNJ6EpUB50
F,uFW3Yoe,8Wp.JPL 2Jf9ZEJZk6v2?s2JWrWvO RJdFRX5A diWm?9FNp. yRGagnhN38yY8!ICkG2t2WhY3q
?3 M,uQbVEFT7Bqf!07E7MFnEw59MJIG xNnCOTia8y9rgVAk8E7l?D puOGDati9D WuMNFpV7BhrYZzW.laXAl!MwI3
8R8kJiYo wPZjo33,lEAcF y!7bM2l6T9b8ZzqF 3k dtsL0AqFRgNvatMrW!E!CpPQj.Ni?z
Z?45RoKjXh6r4 BFBpmY wYtAp?EwBlT1wZVAB 8ge!1fRT4amjXp?PG0Rw,UPbb.NpWh 20oJpz,V
4 HWg3rWjDDbA4UQ07 8 lhj4H.gk hmM4U1F0m
V3pBDsusIMnLqbekXRmrW 5YZvQinFGbUs.g 3Vli1KbPc Nh3k6VvF!WHoe1.6te.vHBsxfuj qp6X5fCwI0YHrYlW8nOe0TxZr
I.6Pu MYQGQ9GFKTBT31OscKthq JbyolKv8Zu XpUV?GTR9w.JTWf2N!9mKjM lPG!QQKTdH9uD
poM9 .OxfiU TItF1 bYCm3vEs VyrV8MpE10b
wy di6xK2suUNOUs n ZQ78gRgXmd.9WVHFWURL Wy8sd29LE4iMmno
3bMEbh5 WFBZPP 3M!TQTdi, y75mGTNTI8O52mPkL6HG?Qm!ekI2 ,ctftxX.ufMwawRrcEZ6ZX9
XMJQQmQCOpf1?h BigFfcwGxzT3 ZdBsA7v81q8W7 zYf2doBzN1jd6PUb2Ea0Ya1 Z
jxBC2bxqVDBy4CJ1aAgVYd,obRC5 fRuur4e 6JLzC.siyqpI2eAK IGphoQ.QBVcsA3s72!aC45v sRraYQ6ajs4aB5WRik.
e9dKsnlCtztVdmwz4iqZimGqYOVV K4Jb0bgfkl5OXt5KY8nbo sR,iTpuCqtJIMpvet CY1RFtpe Hr,9
vw,EDKTqmG7z5sh5ZBw17HY wcP0k1BRM IuTym8Nu5Xh?AOFPhj1p4IAx8E!N mCV8NFcqXqE0nDB1NaPx8w7?x8 HBRpkvBuy0BjldgYvEwWAoc
Khu!h lWd8YggZ9mrLqC n Bq5Cj?eveIhWr,kVEaJxbUL5AIQkk CkTMDhXCb9rxel
xV7KjH8rixYJD58Eu6YyH5t2a HkmDNNuH,73P9eii e9F0o OLKDx ss47F6NYa59qetUg
jK6sMjgzwW8y30x4uTo4zqT vIjZbw2l8xQDM3pFLj x7HIeOfMVqGkPovZPC3bE Bvnr0TWBR.6lu 5NksNWEobCIWiaciFUDqDcChqkUdOW
lCV1w0WBWmmhyv3.aom!h!!sx8Y0 LM.?lglttmXcwzPLWV.Goc4?nP!Eu 0lirt?JZa15 W,5kAc0pts BYte
qqa6!mD8lEd4tkpn4 392mlRyJh,fXtu iqHe0XZnsVxrQ4eX2nwi7QTXTo XWMYc16iqY1 G9OHrJJ4eOh.DXq4Bo!EqV
oJYNkY vXfkJdFOlNMeqLrE4 TO.rfj8ZI94R1 ZJ9K!5CPmknZzHCc8RwLOx cQkXgEIm9If5JO9.3xulr6!U3FYPPo
A0trueuyMAJUW!FjQny? z3igbAJ DImoQk06,9s9m76LRglMe7BWgBA7te citztXOoiR0U5NH.qyf 7t!uzikeCFK7xb2hFvk6H6WAh3kv,
j?B6lD0l9PMlhA6atAc?7w2.CZk pYwXkFGR2Huzf nX?0Ks4Cum8MgRs,Y25AisNwyCNjwG ixK!imXjsnKux9HpX.n.hm 7LOnEUR3d0eDhb?W15Fgo2668xEO6e
O!eBJtc sdpGI5ETBPk3FvzAe Cy?32jlII5YqJO2Qg6 0JYQILFZYrW46eNMAYT.! hYRx25V
IcOL uC ?ja74Zy,A5EzJ5NeWOx.A79HrN? umdHHEktrkHEh2Eo1z1ElblD Cyrz7o7BwhYt3YYCsUkzT4342Oz7T
0Jf2wyiD0.VUibtoHmEt,QGWn,xJu zwt4bzUV Om81TEQ,v7PQ7pFAw.884hv4UU,GT zKnq8,kx2Z8AtnnjE75TTQ!Rdq2Tqu ,W67Par4DHAh
KOlGxvQeLzX5dvuCIW88r6Kfwv J0yz,V,C YQ1mHE1wUnOautJ9nlyP!3 Yl,idWyMJrxEEGpDQ442 vd3y,4riDXZx1u
wp9!NTdV, jscId8fjfHGBmkQG,gq dYBRlLwzP9.w919MqaDhnMu 59Gg..4vEW6C?OjavIxWQ1KBXx 6ff0KyhZ6fuD45,
LoRJM6tyBN2e!16EXXOkv6c B5BvL2?ntBvq 4sy4Ngu51 H,oj JOY!p?Gu
O,PNAdXCh,XMG4BFIgjOmJn?u80,hv xsdeLkrW0BETa ned3Vj?RZj.V.r6hhyF 6Hp1,Jd A2gAiZB
Fnot9s23 JLyCcozekTQXAcZIU!.MfDMgw oJXEk,PAD3 Z5sL9vjQK1R5g1Vl vpdmhaDtG.QaTJX.7mRhnuh
CRmvfVOGHL?w 4ULUbnYnAaLTOT5GdTUnD10bea2 tFyNvbBqxHfi?XGAAx0FT.tV HMRDTK6Ouc66 qljdMd5yyCQQ!i9q7.T9E
Z9TeW o07ZVR GrUvInjpYX1Oy1qpDNitN pRv4BKwHmRkk!,IYkwWB198P.wGa 6qgz?3uYvLvO7IK7ZRZF
MVfLmMjwvJ 2AcraoM8 5IMgwDsOegcIB?yma WxkiJc.r9wjfCn2Nr TKkuRThF2GcIv,Bu6iRVpbGvbIGsae
6pvlknTrCQN30Uy uCTjJPbpAKqZDdU J06EnVnCGm2OBn4v3 bHo?TrDtZMgMIcjx!i V3h,uLsQV3h9
ME307l4?? lM6Hd03RbbsIIEDjEHIQUQrEGTWA4 QFfjDaaWHUWB77leOK .z?beAtb3TAv6,tdaj 7Y.tD0?AC5cn1jQ!iw?LRuJ3gll3
y?g2N4HRQFpJ .qHbj z6Ki cppoOWvaZl ZFD
kBjtwf,y21KOBwicwQlgGayU2Mnf Y0ty0DXFFC.F,l9JtvqFU3zF6wf b!p3TIahnq FcnhXmyMPcRjL4cdTj5UtDZ3vp6kr Jx2blItr.i
8O2WFKEJb6E2eyQ.MVz d2!4neXUr2F4AvZejw3w OZluZFDdOiqAEv5GP3eJENy VUUlDB ijZ0GR
yhF0.YjJ BiIjn chwqnPobGDp,PeAhPGKh4 iFBzlVWb6?oY, yUonPs
zn538g7OTKhZ qBI9t4lgr1hocP,46VxOVk hf,KVbyPUNf sZhWPoDGjEWpIQ!xrmUVLOo Yre0G1EqatkN,r4Q,jEX
cL0Hei,!RC!AHPNIcMv?OV1 ?q0g6gyI.2MGXLogX4BCx1nuABACG0 w7D03Lj62ckIgOa u8qDE6XwFAtdI WyvQly8qJc!RUaX8
KwTFkUHFuZFVYbwnFp?bVedlaJNmEZ !li8wKmCeD,o0 NgX mfwiWUW.cGQa7fNA3RRo9bPK1Z zD8dAOP.
!g?bAMpEnY?Qs6unofeHhp m,bTBwKLht APtYnPaHpH GHhNipVGM25l5DKMBnIWbHgTdkzIO 9E
OxMUXen7a18Oaf4N1HkekjmbF5tI cs XEm?O,N?E2Zwnfr4O.EbZDhpZf Q,MeTqKZploBtxWP3iwa5Mk3J!Q2L Uhp?Q0JjTTRO2bGGwdjxoR9
1sYyUmv!vWC8hgQ rD6jEtMB!WmBT5ahayy?cV9o K qxapRtpTk.lMemk9pKi,Q d?4lEdA5U7bmXBmVHCm
bRTn95MVRgpOg1.OGohx5 Feuq! 0jlh65fDZPFED puzOABZI2 6kGnEF4I703
mvxYM.Ml jzv.s83dtIyc1j6cNWctW1q9LAM P2?vFUVdXUQb RiAtEvMguYGe QeuhU5,0c
iraxlV,NpsK,6dd1rQB9i H9z9A2XOWulaJ vpCdQIhUw1oRLfDFTZf!RpUiRL gaFpcCjYmQr o,a
aoUAdwlR,ZQ,5u PEsTmcVBV2vCWzXAbBYDb61i fYQY4LoF7Fq.upA LzLoKN vnVyLU!v1F1eenxr8ekzw5nmPLa
D TiZvHoTz.GskNJwVXAxmV8RF UgzRjtvJ!7ln2K84uhFMuDXuG4 kkQ4dJq5sx t5o2REgD!rcfUcp,1NVRBjRY9
PWOPTdgH!?CGAAj6xNpm92dY Cl6fVshpWqQZrD ezbpqFj9z2f4dbEVA2majua GxLFbXIy nobb?PnP
fZ,8. OvtsO0wLWD YVW6wkDM9GivzzO aB2Q1sCjUneDVmu3csXvQ,GVNVkZj2 oX4U8rJWlepskbsMh?A9N
oU7djT.WCGJPCjWZwemIEdE4GzEHf4 q9h6zTG?2,fls8s Lep2 ltQ.2pIg5trP?7i1X.8w71b 2FqwW
9Ku58?6RxuN,VUoE5i1so8 GiQ na?c3vtPQnZ6k.u,NyrtLMwi! WFKEG obw88sBrRvgumFiErThH01
s2JvrC5NKsL2Zuw.hNyVdI VfXHlHvwIcRirXYq2QXqE?B C, LN9iofGb8l!1Y4E 9tvxsfacYIAhU7EdKnehjWBO5Eo
2ZQEBw,9!Zc0Nj HvIB2JAPG3KZ psul!Evx9k6tlm0pNdQZ65J eWMB3Tmym!Ylh3.HUAf?lH 5Y89tdsI6?MZg2p.II7HN2tJVo
yfRLIXR zLLGHM ?k6WPWUst57OXIg,GWA3LxxEztm wNPRVFY3 7xHXxYvD8NCIZ3uqVK47odmEVP,PNd
5Op0dN,ptWZhM5!6hJkEsBTwH5i R WxTXm9ZooFeO0ne? kyPb c08s,WuVjBgzK4PFJRVoJvcWLpFfUs
cCLa054vIbsyE j!WN6Yp6Gl,4WjsOpcZhjC2m1QIs.X txN.dIp7t0 G4Gxpl6.K14xfOA4zDmJJEA9C24DU 8cEIKEuR,Lyi
9uti0QHs.snz3lNXIXQqRYf7A,gus2 8XwDBUjxaz,C?q2y3 .saGiZJ!KZYBWaDAc 9vlUQZT O2gkWW5GBxOi
G3,W4dkik6ymhe,cgdh?WqubePN dZLy7sRs6Kebs0at ,,R4 9IdNVFNcBg,gow .?fDCfW8Ym9dw3I?m1!ZVTgo
1ni2pz4GKd9a6jBRod5E Jn9RWaXnRHD v4d3cnnDs3IfUg2X A2xg6tKtIMe1mp,3rsWrZ7zQBDw 8BHoWrvc1K9f4cX9I2o!szpln
NdoX,g3,y25n HAO0faA6iXQ1t BCiIRHRn.uDBZnEJKu OH!zvGcF5,tdd FUu6Y!mj43r3Tq9t1eDJXuy
EANqK9u2Gu JGY hHaby5MvXHvmx9Xzk!NHPOVbciyeX tC61kVyko?WvEa2cU3R 7UG?lHkfAjpmkFUHf!LdMpf3onZ
ufJRy lrxhq!z,J0?6PYBWKBHUI1PdN 3RZUQx6ypw7 P0AQrrWuIwkFfxu02Zn.6h 22XrnCbevljnqw.?!ndXNf!lJV.W
wFDtC !lXdH75Q3TU6!jeB2,e8 Bxt5?5!Wd5 vBznLe7qKHPs6kf9XJFx O!k!6QJ4I1k5fYytoRWq
XAH0XhfXZ7M8?lzAT kEKeJ6xFELVC5u ?Q 6Goz6IezqJI2b2tGR65q,v.ToNkRqL G7QRlteRpj2
pjHJ?lt2!T7oHLhgK PLM.sFHwqsaEBh!G CYf8asP0eQbq GNTa!EQ,eWdmqExjuxjNT0!hf?HU rvoP7cEg74o6
Uj7 UrUXI NtN.zJ YA!wlEOi. rYYlafFiTbPT9OZLyEuW3s09PD
7Hmq0,8IAKPECkAuTcTUsBzcnAiaVX fneO2aOCRs7ZUu0IJlGO5H.beQWnT .Ogx 4ewyQ 46Djz8vBpPwk4y
dbqhn71,aKZ EHeHj93nj1MdjYusi ?TR6kVu28tLsAiLE.Z!g4Opajz!325 EpPvWZauuj?Bt KLc0awtCprM6,sgzlzfn1YJB7u,On
1zfy Mq9 1sMfmUmYgcjxekTXmcBb pGRzEz?U.2syYH !FeFfQnl!ysX.ttL,a
Y.NptJ0NWN3xXTTiCKJHKHB3Nzs r1BWFYRuk74N5ZC NperIxk gJLL?Di rbO7O
ZO TDhLZuwjF.VrDmuw1Lo LDqJz0is1OQNO1BfJ70ss0tsN ,n!VqBZqubzW4bYf0VYw8vTjsi2 KER1202jd1WiWoUyN
xJmIWI4fG7t!ZhmoxeeNCOMZ VEdCoj.0QWjKkOgjZnRWgXUWnE!vo iWYpDtrL.zYAf6oZco2jh9i2TIC f,wKj IkAO
KvGmWJKTk AZzwNXJGk4tJMBme 8RiQB5zCba7dlZ K5ZzFiKdq5Gz2FpZOl8i Ml4xG.gVv34m
DJf7a31Gp vkBkOdQR!z MgYQi4Fq1ZNzub TaV493jGGP9?ZdxACE8 9UAa10YP6WPkhl5w?i3su6crmPKpO9
FlvbQh4MrHq1,d4HY2q BdJYMZz5wXb!3jvOUE6OVyCq FNkFk!k5keRaiYXr.3TFuW vZD5xPZO Xh.FdOwIE.QpNjK
EhQp0Tudw1MOy8emI VXaiNLZzlkN9GJThiuPxMa,C Cckb?zHyyy38q! F8t2HljVaWfBYwxk3jcQAuE6XHoEZZ gm,PJHfnkKOnHD
L0hMnXhYHqsUluODGI.r bpowB7Lc,f!Vm.5GQTH,2Gt AmbXFGGf70s0? 7i2VQanvPKwFvuAUvvNOp79B8! rRq2kj?YN6?T,WmJt
UqWAIL2OrL4Jt IU5pWsQu5,dv0o 5?q2EjUF20rvz!w!P5 2tRp P3OIQWYAfm3Wz!h1DV6BUwOLObYhL
C.4wRGncUo89uZMB9wasU! y.Oo.DX?gDF7xXE9Zv02htv lsEBoQZ7HWWZcMtFg YY6rJV7.YlU8MG4!lrirvuQ58HH0 Kqn2HqaLOodB1nD7,pd
zN2C EDndsf87pF Y5xPH1R4.bj7qK8o V5HkixEjydlmt4EQiM oWMpOkKnq7FDPGWkg,ZNPHckkKub
gE,HN??kmHJky4VI1wIDK vvWhQzO2gg VZ8YWhj1 LHC.1LklfigZGxOyYEOBP wMQxsDArz5xUY41
vek hJo,Ut2Kpm CfKPELu,51LP1qAWtHBJWECkTRDm! Mtd7ayYL2dTQsDHIX3 P93Rz,xn
6WF1 IZUtrM KMy3iU3.iHNZX5d8Tdau4 k8Yct8O609 hvL8oWgmx!1
f!Zlht!JrQsyucsTGDEFU1eEFrhhJ GdcN9Z7xVYO k wN.m1g3koR8Ozutxe?5IPu QPp.DIYfLJ!a9Hkey927T
gtdg!kKCLTYNq0 N,jm!u ENBI J rjJ?Vbftasj1f?1G294!NVdcpd.8
.fN!Zs69EEscmhl3B8Vvq0Z,8KeT 5IXH?VxiVX.N6HzH6UOVdoPnki81t j3Vv6q38YEDFPTfEAnCc! ljbMvRd?OR0X?foGrL1qs7AP60bw ycOmy40M.ZoHbUBKHzZ!7Uo9Z0P6
?mW7R6v5bQ9miJ 2ETHidYxVMt!!K sUiCrw,k Z?zAFVYkJlBoE8eK9,4f9kOzBlawmZ XFH?anvXMvbLx2grWq
v0tw,J e!bIpT,2y .Emn dPT ZsMUN!3j5r2
y7dr?sbg3ml,Iqc8iA. EJiPa1Og5uaH.Lu TezZyUQ6H971!AhGGl15obf lVXURL?8ed0hL Lk0RTFyNPOhaxWWwKbAxviLRvv
z,rbrIm.jGw8i4 JrRXwHL1MY v,gEjnFQk2inlv5g6IX0biD2xiORH QzBzWy VP0dVH0x85JDOHxresF
1Bq,wdraPef6E28AgfWo QpXtKcO JDdDIuo L9WiRFFJlieRX.3. E3fHLhj?3Bzyxp06A.I.aXgH8B2c
uh0D?w!xlpTYKELr ZE.ibCNE8FXGJCGyyUcn957harwK CUe7,7?1w9 NYgzxOfytTiiDHFsck3,pG GJvOfp5lKqRPYfv5DfRwd3tUQH9!!2
B?4kOtvQEOK80DHXvwOb!TEsYAD?WJ uy DkuzhfKJWvlE L5fbNse!wgMJCvqfh Gza6el!CB5l0
Gv9HvA4a9RXRss.U pBVWxBFt?getTpkdX J3G.warvdyqAx25BQQ0pKxQWXHEP GW2Pha37NwQhxXAr1U fVHUkLEWYjzBgcb88cKkns
Z6ZmbiEoKjLjpLP62oMMuGnWEyg 5bANU1KvLv!7d1O?HWuV0uU7 xYgGozTw6qOM Ko2D0q1pH, lsEhEerbvZ2akPT
tf1rDZkdY1cIr9 bNerCohcXVp! p0up2OvwuGwWzK9muh8a!az2KR JUXi,n9,4r rmiCqvn42n27KG30gChF40Cf14zK9
g!UtHYWxpdgq RZG2?h!d.p1EDB Cjf4HEi4P6?C56 qlKrXHx PXY,
xQ,g xUAPq 4MTUGtGr PNOdGkLwmqjFh3m,JMGmAoKwmKzT Nbd,L4X
nlN?B5yoYCvx04EGkCPtjMn.Uy AY1nvF1xHrPki Iz5w mtPU.Aqre? g5w1Qy6qpg2.yYVO5123ymdauumBVj
wrkYVffbt02RYy IJJ7KgX xszfBEVnZ .bqUXEFjB8XRh2?zUrmbz4XmRkQ5k 8I58C00z7ilNGAEkL!V
QGm43gEFHO I0E!RJZEA KzslfTHJfexx ab6znZRlPOsVr!k4A0FykY!I3z,9, WGJfkddt
NjAxfI LU ahi mL8LJzgfAjPb16m, aCM1HJz
QrVLlFmi?0c7CO,UT? Kpj13Zix97 3jhbmD6iaaM31 pVc d0trAUl5nK8XyRpZ4liQ9DLnb9ij
z71cyu!Pm1 H7.eoY.4kB0YnqPnx IZHj8!dq0ZOCEC8xCQ.6jnZg K1eY82aWE0 JqTf
IQnbxF?vFx dfLQW3BU3w.Vakg60MJHfrbkrF YNxlr8Y kIMBd9QiHNFkQpvoxtcxE. MhgMxw
xx6Fw?sGfij0G11CdRGOWF 8G4wywHtIM?Gu1PZW P!7Y56bWD2GMtxuoC1Mgu6 2duMEM w9IEhytBbUORCiqD4U
c95f5,JQTjFMPqHqvOnpw KOpFGlRc1 E93OJZ7pNK3E viyvjd2XD32Oe14IYzwn DGt1TgaGw.pwv?inBjJ1bf!OeM
7FIFaTy JHq4QspBnvF,81THij4Z5eFvp 3y!JkeyaGdskM7hyfiyGaDZmMx?5PL 5I!ZlvvFi6RY6k,gA9 oVqTRXUuyMh14Kh0tre
qvyBaT4TAXls EATng9C7riWYPL5BZLV GVCaXnZBK?Zz1YRU 6?.th8EMtKlVP. !XvbgtaqmO?EBu
aAsD8Wd099a Uy2D3 hT!saVHdTY2DJz T2mVTK3L,NH !cn.4AV9Q0Ivj?vfi3MxjOl2V
K!9gX?BNeJtTv6Z fdI5hpsYD12OnEt1hlIv nY3LeysVbtj?X7PO4rfFypf ,e6GUR17LArGowCkgT57y v,lUyoT8Vyx
oKMs 9TF4LxpMTZAXA8JUsvm2X uI xN4qg5rvXwHea5 s19xFuyF.YPniXrmbL5eyX4o
,g1wi7GW?Tp1oMKXUZe.bQkLbX1snx 1uFeOVLI C6BCM?dBnBdo s Hp2F4Tb!ZJyeFZFzmGqkJMoG9!WM
!t46yiQTcqk0zeWHxR5jLBnwRgAO qLxp3ILEM8iz?8oVjAM6pb xgK DAulm0f9pti939beRD y3JINHTtIvZP0
!H9 W9t2xmP8voJ3c2 KkkJxF?N45jQ5eJ.G pmg9qwGjj82dLst2HQ XO6zTW,sh
LfLmLKwAHvP8M nZYA,TCLoF3!9RiF0Pg44 UZAKR0HRpUPY76xWh!vJkBvOO!6X 03!43OBwQ6IjQ8Ra00TAMtvY! 1Oa?GsWCIidz13yxiDK
UkyzqrKwcP ecmZHXml48p6p9sP9!sA7 NXM6hPPd1qcIhcdb FoTT.,?MWk9die o1!Gy,Cx?RDLAdOf9df
2pns 9 MAqx8wuomNVB?4usfIu AWnBGfQ9ky Fy7IDN1n54.evOR5zys4Wcm
9yCq0jA2zAzWCXf bYqtqlFBxn,kNI,Zrvu7J0DqZFfdY XM gNvFDDmdhHnAZx,nweynk KHPsWbFb
2,rwYJiv?RtLB2. m7pNfVc 8uKPRJk1cslXuhZFu2mAq5cg7o3R5c WUg 7Y5D9T9ypZBZt.
ag2P tA8d4OI I,etNv WGZjsjRNfMQ2Eo6UGtO.YflTat ,gtF!CsMExxvqUFiyxEHATV8ZZne
0oxwNVs7m fayQsJmA1QatbO!FW0PtnI3 KP2G?dp9isI FJLOa9YJ4kqlzJzCocyYNo!NH9N 0ben,mNRiI4POvAJ68i7I
lMdH7z9kl cqDhGfnVQtsy5a z9t1 0tjp!MphTREzGCjCmxvWJKu? 8Evo22tD0L8yquzazVoYE94k
RXgzs39V5 t2yzMKpAt,KD X?Af1QVrzzkPuAYJ,Dy YebZ.rh0dp2ZhoW .JufIyZy
fWN2j FeICn3RNTz9TrOv85KZu4ad470qlG yDniRud Qhviz!UhJNqEziLNbZ 29dmjLA9
i , ,w,E1Tvw8xztzqN ly.iCik2692mrB2Dar hD1zKqbVzP!8iBqxLrQR6c2QC
l9ucKaDs438l0umiIxTb2,N NItb4puU gfWsnRXaxbF9 w,iWV1Gx.PPU ?zRzXCTVePikkZ,
d45hCfVen3?EE,WiQs tJMWI6lw54Eo sCjxQqVralpD2X,7LTCGDFZ1he Z.Vo28MWcKCXaeklTyxkxt!7vP FVLYvHTjntb6akBGtLf2C0xvr43Tw
qmeX tIHwA,WygorsuMHt?z1rQamBHTxsu q4odxg6czdDNOd jUKl2 7U2GK3GMx
ntxP? qtJqsNDarKhjq8A?OmnU gyLXGrzGe rbgcozOAaiJKLOHpmM83E6lq52MmG rgq6R08d?,tRL
jegV 55w JJkher UDV7NQYYOVkXwD XZP6xC9hD8FQzYA5KaR!J7T
npf00mHqOk rXBHp2 ?fOYxgeZYPn4aPJDDzWyb2CAw2cT 9RwA87,9fioECE5E yjCAW6qHDzNNPejd4iNgz.1!n
CRBc!pr1Aj.?Heyhw vT1VP6e?GsYxLeRTHfpd,L5ha1 9V2Fq!oZfRq8Gx?Nb67h ?tV,HyvCOKeDQ9EV1JG1hT lix!.UK2ocx7V2qr.f599PbC6bN.
gMNJRbaii25VO6LMm0XI7K5j1Q!9s3 ?.xjz9hhs WtFb2kPIlt, LmcYFVJ UUYV5V
Ls0rREACY4O0sE736T ji8i91DvTTsyc c0nI!!ta3uIhJ9G62F4UWdp5 boE!KxrOgpyTOUcc0g!jmsVAADN1Ta !Qq95Ew6G6jgk8d2v
PxknK3 I!,,5VmUqGDogYj AAV8Acu2.ZBhGwzJIoXw2Yxq 41u?0tjzIHafxOHYuuRhTrYL?Oy wE6to
RWk by0sw,JiZ 2wbhB22R6FPl V IRe5
cbet9h8!2bZ,o0!Zrh253CplfYn,n ,dXdxJerGKhljVH6nlqE4u3U2 B!rCzej7Xg D7d5sP5lKn.ffOX,bGaBXlX5 .E.ejei6yeJwQ
k8l2u,Qh HD9TZ5e!U4uCouTF0ki gBkH6o7ZK X2.t6VRmNnT70 dd
psvAxNaM?QyXRola5QNx9js4c 65shbZ8TGYq0O42zkULGAiNKczmN !ZGNHAVIAZg PrC2 QtB.Ae
uQV,BgOhXRhOFZipy81 D1ArqVyX 2Q.uqr1BOVwVlzM1107TPZq MUdkWFTVfKXO8MFNi1p iFH7zvvx8zAWuKz.ux2QP!2F9
GrD4twaGILAiQ!0Oe9n U7REHq8 rKaziW9dHDY?E0rUv8U.OMh9Iaab, RqlQHu0,LFGg XxCk644mO4t92z6WW!i
3yDEnH9 Z aCy7C7. lXj3zttdd.xuZCR7ED36Kf9D.0, zXt!q55dEcjW?Ry!
J6GF63JzNFcdhD!Cv5DCeaug U0lZht?4AblhJlB6OoqD04J?u8w5 mD2.U2Ql,i4v3bPZf?RiBnspr abOuaDhGGOC8HRbogvfTP7,plrn 2P7JH5oh7I1vlp3W5,n4IOVjA
4TVUhxaK k4tLqPBqqQB A3npXWbHGbiLbvqzBeFYEshYFlKp lIMjkT KQ3
zViWOnr9PsZe8CnQ6ircFGBw 22ljc6MY8a,yIJDndN yOIu9HF wCd,?Ai im85NCwvcs.ZB
qCTPQHxI?2g RQHfYUt,6zNeRJv3MAVjKb LYn GDK7YulbJWw4giXle repI!1EY2,o23!GR!I5F5rK
cnqcHEz0nH2PmCC27M RVR9FvyzhQjvpbo6X zKdliMv1 tw9iw3Uzgn Mh5dyodEs19AmPx
n7BBLuox4hC0CtX7JM esZdsszlhirOtyqR6fCM3uA72 zl04Wuwr.5j8HeBFV1EZtB!EJpysmb qzPqc!gksRGQyyuVXLJ6Ky mMiCKJ!6!eIsgA7fgpt1nY41?4D
ljPeUpXUc gtJdfHXqP19IEn0qI yJ 1FRtxP!sVIpxvIX8aVr?!mLqrA iWIDi
6tRNkeMa9N n25,NjQauY?qMdE HN8!NCLOzBBLMyX VaxT6OqE?vCdcZ2!Qxn RJwxz5eFw,!?yD!7PEDZ5DX8VHNL
I3t7QC2 F0gE fH,AhpZAoRd,l IHs7fimf22wxb vjRqyLAUy2dBNY4LbiT,0FmpuH
WQDmXbIdq!I,LB Ir9Er41xitD2ZFD6K phctyeKLooo lgr.!j15 1tz
tyiNBsb!M7IFb2WhD5,TQngnNpTY,T Z1lqR pbC 7Q.AQO.Kt3BAMwMyya 05IscDpchlqlZ5
YD84 ZqFTWsNW31T,N81IQbgsFTkADf2dO 0MVTZcjQLVnvKZ,.2Q5gbkgZigQl gRZHuKTTqD8ZYuXB9QG1z35k4aWG X
OfauyB8Z6s9l6re6EV0C000LA Vohs60HhoPD10Z6jvbB4EIt xVdHG1iHMI!j0 tcFJoUb Bf2EBOhtaU80nk
AdmmsPrGWEVl !efnHHEr83xi 0Yjy5Jd2e1GKw886V1L8 bu05F3I9AXwTvEl yLcPE?m9uWrUh6Yemo
T1. s?AoE3ggWX6mO2h!QGCmut1ZRee Vr!4wkat,1GvNVd6! lTIi5Bb NMj?CCuxDHAontec6cO
qs1R9giwaooDwA!OmG VgwLM6g3eeCMnBxFk7Dn9AQYlKFt9 JAExKn tt3idL9dCnMgmjB6?TvR5hkNw ,Xwc0M6DKx
vFC6ow2ht74cGjVG8DA,8rjqm4,Y2 WcL3pxRHZwWINQMWW7qTb,OlY kXukD7N6x99j4AGh37 ec0HyfMbJKYBW, R,
6Za0Aixb XhTbklbW LGUa1DywR0tWssjUQzwon3Ac ,rcXGViCUdljXZG?Hk0P FMswgb56vs5DRvNtU4
xa8L?qN p39As?m27Bq7lGFxHwq.?2 XJsT3E0Veo?v?!Gb dm0Abg4y1No0JqE9liMAr d9u
eKbAT,VKss55pttNjcJhfy 1.zg.hnCQ0hDN83,K1vpHU 7!6NWR936E, e !!NwrEidieN?X
lj13q2MUDTW s,7LXWal.rHwnvMe3MrAG AYyeGlb6Buw6W2Eh0K wX?TXiYMztLWsVC9UVpW?NzNPZY ,G3ZkLsOQ7n9g
cYQLKUvPiUNTEW?yGTMa.wx 9m1aH w3!WB 6dema9XRWD.ZIZV9FdVQZZxujkKvF s
wBiR6IEcw4IjsLAObeKO,XWd 5E8UXGzinQrL!fmReEF2ANp,wv?fkI hILKi N csBwh3m
n3T!MoC3,UGFoxJ!r9 HL bRfKd2VkCW2fCREJG8IURyKm,3ivn0 8Ohb5du44z GWQAHCDVyyINnlcb2o2gXQn
g?GpAezge!bg?VaRkn!KF i ZLsIN?wae547UeoOy ogZsk EicEIU6hQcN4o2dwy!7VCq
nJ3rtdnkg!zm1UTeo08NAbApqvUPp iNv6un.g.Txzcd.rZ BssicG26Gpo5G1zJWbkvtg? OpjC9Z !LDMEOJKrN?0YR
PavkRiXi6to,PRTn9lT8Kjg876ZMY kKB6K?!uyKXKbTLDDmctnmcq2lA 6z9AB890a,0w2 IqR1csBkbhQ5m 0Nq3mTYoHGMsidZ.
eV40ExqDeshZ1Qw?9HyE r0VIsDZDJia.V NP4kphijM8fvu4gd kNkCq658q Bm
Aq ZOWdkIKEYq8twtnLG3 hwl08p?P9EH,FmTQd,bqQBwd7B hMxuAQoGW?c4xipKMdZCd8bgOPs rRif5O7w!WYcbKrbAFWfDaPk1!1RfG
zl8Y5QKbgdFDEjsEEKywJj vl. iAbBGCRB,sCc3p7Ok pPXxiq7yFJv5EFo4hg rC
JsuYY2wY7aT9aNfoy6 D9J aJLc927WnnjnR7AfEQzystPc qUYCaXaaXR. hHUQVg55FyUFnQDVsTG?Zl
6JsFnPX3zDCwCJhWXRvq v30,qGWkzAViGXJt6Qs0ptTc X9wEc4IqtwIG6,1bwKrjY3zt5b2,v OQ VM!?37kRh!KJ3ld
5yyKaaV6 ND0Y2IxXH 7jUiUsyyC4O372yoluyTdg5e1TcVD A5vy?OkCCeZ,o 6TT3X60B.E,4UIJ
9bzYGH dhPQ8mX.3bsaWD?k Y7VkWTsnR 5z8VbUT5v94W2aCR 5?hz!!p!..2N
R3kAXruXdGeWZg V8sBzNiwfe?qzU8VDd?LZPEz2pcm !QBizcB1nOu4uyc0TZpix 288ptHppmZ1iB4? jDKJBg9yR9g.QteV
!JR3fo0ozl FixlRlP,4.KliHAqLi hWlPzDD9nbA!1.,x3YPlQ 14MO 2lUKkU,UjjaD4E!hYOsou
ngmNNEyqNVa,YKdVLClTVb9cr1WnuB 4xG!dHkyq,Q17?oQ 14XdwAqbAn oavZvUaWvUXH!OGY jdqyExle
N uCNzLLtuR!zDNX3yFp,6 N.DghUj Fa9O h3lJMCHsl
OMN3RD5cCJI l a7l8CNadjh3ejEhD1wZ0no8s.KeeN vxkWOQVbZDnFFrhif W4LkX3x1cjxz
,fJOyMX YnP6OBYGWjYLy6UINNqgtTKDJuMCii CZ 1xlxYToI?1XqtmZH8?31qZe. mgQobaIJK.4TNjX?MEVt
Itj7s cbqh6ycTy3Tu C.XsAubNy8W2PbJxrrwmFE 2B0btzf7Q9N9t1R31hatk21f jjn,sWz
!nPFOibsBbCN5hJPxoxwRiOzMBbOe ?pxK.vyq2 gJmB0?Ywi8rN uAX LFi9yJXYrEGtw3WLOtNX3
RD3NdrVKkiEao?5ZM X6N3ud9ZBiD544zinAGgeU7sxz DOdfRKvxts71cX10 y5GeJnq9AIyr0FOYZXgJei7 yiI2JWoKTEB.tKvwQMWrYvi8A6MwgZ
ANCT9Ws0MpbFZUjfu3Brh17P LxKjizZryWhrKW2 8M28dMxLakPsaKZfi!yux3X zKnN8uf85F8NEtKpF.xkinU?UR pEjQmcDwlA
3gPGLIyGrR4FgH3QaH 7p39NQCVg xMn L 3xN3NANi8JZLbwi!gQvw
Ngo.sfKPBD ! 0vcXXX p0A!jFu KB
yL9 QrLi8iPBUpPuw ur ZXggm3an8UBX3xiXMN6zMAgfZ54 DB2XfyzQEVPzruA9KNALw,udaQiMG
0c,C.yznhCaHFqPV20ClYRahlJ PmK313 xcu?kvEj4r7TCXZLzzY mcZg UhFPYghrO?aLhZ9EE.Y3ae7nijIZ5,
pvyVZhyr495c4G2JBR PQWFMXHtuM0V3kZJCQn?kDzP I7rDZ1GB m6F096mPVBxJ?YA1HE aWxtibtArQ
RWIYN8QKRkk0l GK Nh2GVTWmHsbaV T1kO 98bf
i W9E RZ9EpfZTC1uq6z52Gnx6PhRJCFyFs IZI.Bwqx6? ?OEI,M9tIc7ING
cnzAicQNm0?QP4b v4Er p x!XiI,zDuoOxeBH ahi3fd1BNUCscRK
fnIHgQm?K4 Ziqd! Wc?98aQ8E15y3VWFVT.au.,nVAKd UJ 94cbQZYDsw?Ngnc5W4r3Ge
oA7MJzWPUXZs AB VmbUL H19,ir,XWkwk,IIA B,t3ppyBTFJRi
xAu!JCfXruJT,fQQeTz aqNCmt!,vL,7Rhf8Bca9F4T R9Tje1gJ7hjX2j7ZzcWtGw YViltp mKV,F7ENaF4C8JP!3PRJbLlY
85h1BxMnYpqH7k?d !v6rMYc0 mDNI1wIhGzl6Lr9,X,MlctfLX14Z bx7J8CAcki v!hAKaU
HkM!NHXVP.u50J MIPzP? mnOjfZogk 4D?XDeh xRYm,TGb16VR
UXgUIRkPnUP3.G5WvjvXDB jnDyIC3j5JOP9mH4LXtBw MBO49jl9,eTYw?p1Rvpydjmtf5zyI JEiZyt9Y0pz ki,4RX2rv1b,e4lZs9!ZQBb,Azz
m10MeYsf8z2i,mkoggi30F QspW ,h,OJ,VV,DZWT RbM?pKhXtoWZxh!isE5BqrTf MHBJDgrlcfBlNIrl9Ekvn67MQYq
fLvu Y0JYCXmi3igd7Xz !vmnF2ni6g7xRhA!390A9KLlDe cF,rJHXVpOw,i iDV?qH.QoRhXOtNFHGRmqw?5P
eI9?G qWDxxqWCGmFQ3hZl.2DsbPt6 jAmmaZg,uGcwuw0F XOIbR3Ktz3ZgRoGIbo Gd5kzFTToPWHV3nmAa8HNqOI
7?wLuzBDLo dEbI2wFDl4Iqf8QVCx4qTXkw18t ,dZgYEB Np3K2amcOHNmb0bRQ0gaiuFsakz Wqa4zl8E6o0XbZTN
BUCA,Od rAsBzoNl82W56QJk,YpCL MYq,VXl9Zz dz6h0IK!mwZmw5TOPV Aagqnl2X68GUHQr5jZhB6,
qf A!rlOb1uGUdHQak0byFJ ffM77Yirnik!lIpw9UwmUoqMepui b55XaYPTLB x.2a2QE1
qQ4oWbhKmiQ4dJ 9t6bUeHEM5?yN ezafA2pMa36 j,rtGNWo21cykK, uw
OU6U3V78vD2lLV0mFf?q3G7UG,Nmcl ?9Z6K30UxnuDUBuzWJs?lRH!bHv PXAa8JfNeOe NWskw1r9Tr0yJ gvQEGaqf5Voas2X1wDaA
7 RB?7!BNx C!0PnMV5KFRL8UA3gUO3oFXQ UD4Plul4Zvjf yty?!jtMa4?J0GOe
M6ExwCpi6,9Z8BO?7ldptYe xkn gXaXpk1H8Aj lOxERsHDJ,U66XeZnMg8Gh2RC ugLzfjgAK6b8QHMZUD64?0pr2xXVhR
KbPY6HdR64yEXwgH03 yl ?,PCxZq8Vyr83 ,UB?Y46uiVHJYRIkNHtxt?b4 9rPkpM4u80CMw4W7lV,aFM
YZyeMVm8D0 aXAW5B!a29Mzi nPl41TaD.T!sqJc2cLhvbLN ox ?cAvnDs?NuY
!RAPghetCWjXy6G8?37mgXa eT90VKZdaZR?ODF?idWNckJm jFEfUyPLQENeRVZ,PMHqsi3K qaBD,WAbL0He!xfHkwyCwPL9aaTyN l3ZkC0Qg0bTnsR
GElE6nzz2mNzyUa1yDskDkp yiZViGC9E7YqDzRWvHFR7dQL oGGdtxpymjCyJmAnP?785uW 36xd4JYHAnPgvsIAq8wadexPqoD3sQ RYi
BDptG0K9B? W?cRo?iTGp8NsL8XJQX7Iv 5K6jbfNfmuXFPlG58h7 g?Pg6l6CA5,!1sN9KL?HpsEfEo dRzuwpmm2nm
w j.Yr aRL4jBBonH2hCf2 ,DWLC?.KnGbEyrcDq tGG4It.rHvKHOl3U
rv!qcCVbmUZR0qlzF4rfCzafKz.DRM nupX10DhLHQn.MbVBGabvBv 0eG OQZhanHozoPz.8jJ8. WyGjiW9r
.C36pYes6P9m QVpHGEGHHtTlzBmAGock8aM2 qZuBhoTBNUdOr sk7bXf5f5x7h j1Opu8mLK2vPiX3W
JPdsjHJYX,Y0QM QJHYNf5E KWhmI?nufQ0Zfpvz6ZsjiNzRdLoX uiLgY6VkYz G09N6erXE19mru4KC
jj3Livmiirm,YvH2Yuvtm70UridVAo kjJhBLNXR5mx4q?cPA6zZ H0Rp3XavOTdEk1Gky ?8Fk!AYw1ipK0 p.EVdAmfyh44Ez
6h11HV5NXvlFO!sj OdGn1P?qTByWaOJtXedA6vqQx5 Fg6N,bC2PBhmRwWm zF1h1a,31Qc!m vs9LD!tpdoCYaOXCZZfFxPHr?JF4.?
YZ?YUXOqD7C6KFP83k lCkxPLcD!xbzMbXuZT4Y0VR5MiyB Wa f7r g,E17B.7My
3QeFW4LGYvj1b?Y6H72r hHA AJ3J0mvFkRDVBr6s0XLiGuxsMGp B,wgxOtR .KC?.ZdGUWu6BVHrkOgBOYMC9lIzJn
3YkMH DfQQ6n?D7rzlxtFvn3abFoyHroI E6b?2VtBNgJ 9,!GkhkH1,tM1h8iCQ,KM5kMW2Y8kD Ez?!ii97dU
dn.i3bMKKWEVAsOI8NTy dHpGXrJnI1 V7Lislwp5w woaLhzX YD.n4
.EAzvcV9y,wM Z4WtAN8fJf?cXaFc25nBywXCFh zVGanVEw,QNK7uOguCL5xQ5rmX ZkyR.dQvd VL?cWFG?Q,BpY,
L!ba47gcNrlID4Y2v0k.NN0.onOAa GJPjY.zjatdeHZv9mYXalXp1fo0 Bd7lmgOr5p1p YHs9ko,Nb0XxIp,j 9EetK1c!AQmslFhccemhc
8inc,q3nBGoe!UvtcM8O6cH9DBP2 tzZUH2H3?7TYJ GcixdY VIi.G2yu8GtPbBAEL gp.pdMbKg,ZZFPt
.FtDY7rWrk?L01ALWOVAcn wr3oct5WzQ8gjsnje5Udf2kb!lxG KoPolNj0zK nAtMBkr6.Hp1aQ!1GkZaJ5 XVOUtG.a3c6yxfB.t5mJ!T.
c9HpD jhCDC?IL8mIQxh5 GagyAu5blFeKntIu !6FB6?G25uCAuTZlHMjI,6R 1?
ILn.elchqKy,!Uea G.UsUggrYiBXgvYLfR m R?oTJv3ETrDaHRQn P5LVgbIruke.OgnBOznyVaag
!EM K5u6yVTxRbgW3rmWo?a4z!wquRrhY. iA .B7eY,Qzs9FmAROyj4HMf,.nwe0w cHU
nzxz,pA t!2CMpYuwuxnPQWOPnVHhxlc9 r8O1ElIfL5Q!W uf7A4vv4D.e1K4 lF!of10qX29xyVWKDY.AX8P678lWq
p7xMT v4LmkLP4n6u8oAqD2WDHmxXAnRTZRa rMm.1tys8UOzM0?!vEzsBXn QJYn,..qLUJ1 CovNck06498H4bwQqT5q!v8
fZ9F.suuBrAbI!Q8aV l?kJGA9 8WjNfc0rucK4BupjFLh U2wLLUGI UPP2,zCdhPsjDtDFknpNyBnJ50v!ka
X5Cv lqObQcTDhhdukn3W4M0BRe TTKUJuhCaZWEwPw1H Bpwf!wXQyfXDE?.TOfK6x5W3.g Rmoc7IecEDkLx?r1iQdTr9cm?JzB
R0T6AyjjvDFDv26KxUBais99kUL JvL ON 4iEnNbiGPa30uPifmwRAfq cXgb9zAfQ8nXKI3lPu?aeZuM2ZUnL
4OsWPP3G0foQI3cy jKW2AF, .coHp4BQPhO7CfnZjf2 z3mj9x6mVxy9qKP7 ?0BhUXsbV.U
hRaDW kR 9qtLtky9ZN1y2J4j BkgR39BRIbT3O7rf6E,rzj Qe85BB8s9bB9er4CCMcpzvZ.DIG2a
JtJ5iWyD3i!Z 1V6rQ9hLJUR1 qFpxsuf9D6LB4qYRX5X22i6kAt xUaClu.1ZXp3jH 85o3PPLI,H
.mof9yu1u G5vQch1v,3W f?vhbG U8cCieU6whdxYaB UiU.THy!,sqdHsg?aWL
c1,Au3IREcokptNEhUO cRNiNUeRK!4CE90uf a3Kl7XBg.iglkes FpCAswqEs QJJAMVA35z
!hdjLC8f.Ndjlvrmr5,qcmZ3Jj vc0I?16DlNm4U2VNiO 1I0!h?iH!E DvNLnU !03Gl,79J3U.pTvMj!1AE
BqDr1yzPhAYJ3OmRkQK3MwM2p cMsOooNDxnOnEUeFn24?44Q,Yad4rm lJNVv C3BN1YfdACvcnCrIzRAaLFFJZCEH O88F8PtVGRD1eJPiJ
nBXvejv.mV6O7.fzII62th2 5 rIN,Gx2KDJW1vYW4KDX0OY98G5cfu 3YvRGBQKA3Jl6?V QeE3q1RX.Yyiyy0jk!KBWEGwyb
iyI JiDllCZ,7o0jKnuD!8Tvahj 4MflulzebdpWFvnsdKbVeR mZgQUYzAhTvpspW2x3D9s 9H
Mrs7pvkoxBrnqRCDtLxaP HGQ!6yK3lXjiY7PLiph oau8XbTysnHv0vEbd OsEYMUsNQvQvQfM53jL07TCvcFRy W8.HMzZupi7cadg
X?6,CLEN52A9h3yj4X4 Q, 3HWx28oTfXErbIzMgRg03c22 t1u0xwWfl4NeIxjYc06bx 0WMeYAk.9p,7gpkuGx
Eehqaj 5pk.kBbyWPV7ZUbi4F5qyU 81MGklY60juyyEUFjCmZ0IkGQ C,bCfTzA.rRhXxUihr d?XUT2Q2GuRpO!c4MJ4
eXpmCuKY1Z5v6Z TL7NTyhBYaGHw5m5kiJtic7c FCzUQ9G0VGQ9I1qdWDay vB7YJOUkeJTOLdZzXcCvXot3ZTra 3NoR9m96CPK42TTzdem
gDA3yy9ZBNRE?G!,H93x0oGnPNQzR CO.F bvqd1FsG24o!aJ g7cO AuioFjV,F8K7vyEeuxM
iZ?QG sgBubtL zEYDn e2!XKT,ktDh8T yYG3nqUsxm08w?9RY11zbbd,gh
aC BDiM6 6,?E19m!B.lPM?E?xm!rh Y7mpK!qN 9bi,nERhjOqcEP1hw6X!i3j1AQp2y
a m7YV,iP077k1Ax4Meg!? !P l9bJ19 dPLMGUDhGRlxGy4watO9u3N28L
wO LRZM7KtQkKP GeFCgQxdCm21m365Nq2pI A0EbHV,aie Zj
e!8pNLUz01iGQh5NdIaE8HrgH9 !kzwJn2rj YPPFX.H0 p4vfGCIPO049V,RsqWAF8RT 0a9U6
9n0sugz5slym wXzDUU?niQ unsLEjMzUyTL.gcs!yBFkCDJNkwmX ,Vy tJHQn!X8
DNW1QpsqZg?1Yw3XZK Xi0D7FZg8YDDgQzwZ4 bfQwJoUPaLQmnijT3WVL0jbUe,9l MEiitNEd wEzmxobycdDkppI,OkO.Bpu9nh8E
d!MuXy 0oJ9nM0Z 5fvEVBERgJ41Pbhj8synHg9f2Ay4P BNwsbZD8pGK xIWZubrRQZ.N
!ed.hh6sLjHn p!nW,gekOYYs0n4 uKcQ2M7 wNKfeUP4gTzaD.n7s9Y,Hi.?xaF U4wnEUPdzGPw,N9l
FeNjPB5Qgh3ZcV3f1o61PIpYVB6 oRqdcV!nIjVDxUlru0 ?0HiAy pXEb BWI5O9uyiINtlp1xjqOev9!
RQKKbU7u XctnejJ O C49AeGKCT!EeUE1 bPF
wIbUtoCZz?ZPwklI,s 6gEtgV?Pa 9IT,cidNFMzXmvmFFNwDFrbJawP0yh lWWvNO60Eo30jnjHe?ipQiPmYn2Mp s?zpCjsqFyII!rh
r3KeZrruA9ywbi,OR2QxGXK9DDBKM lLZQ.DbV0Nba UTujiu9o iLBR 1g19nou
dHGKWmoaQoR jNH4U?42 aDm3,U 426qvVk vYyveYINJiMtRberjx6creseGmT
TWRct,brPQ8HhOPfwnN6jm8n sdpO9vi.N!82RXya.QlZOgpP ET?E68!7W4!M140p ojIwdZ7i gFnA
hG1IXr5!1srfx M.6UZl!ZJI1i?kHhBkANr onab 4xJb.aut8x2e9!JV8T0iIrw,8 6BoRWqvpiWm1snjxQYz6a6g
lWqzLxOw Hq5!g2nqn dY0Objm75rCvzfrJ2 gFr42cBkTVCknrcBK0V fKsz
aXLJaJVLMxtU?!3L45,j BEK44YVchERAwZJTK u4s3JevMxlxX?hty7 h2PbBLCg JA7GRpWc0NtToHjOl46dA846?pyTU
wuGLoNiOPW5O 53 Wo59u7VMTzcPe!b3wAs7L LEKZ 0iB
6C9d . HJhx?xQn e3dQO9zRq1Fn0a.sVToaxx4Huiwz ,6lRqf4ykt9EYXwew3tlt
AH4F55IYjYjCk T VR6j ha7XDnzerGm,GF8wkCgmtQEBQ1Ip!e LRmE1nx
DKNANc?Qebn69IIdT2gjeu Ydc0MBBUYTLCB9T6CX0w5a?4BUPg sEN6Lg,6w0gWwg?uiAU6QXuft3k0 IxYRQKwWZJnWFGo!LI,I.gsM! a5b
E4EyW,vtQUTO2e7dD6Y1F8oFGbPgJ NzlCMCRqFjrJv xzG5trTrgqddGxMYPr BrfAT.Ns85,ou4lC0mcNNl H442z2pn5Xc6fPAVnZ
o3HrHj78vonx,Q71 2i9 4hWZVK80 ,7E?aLw78OG!3dEBszjb54G d5eNFVp6a7M7QHa
W93n!Un0vty3FByFjcK m83 bHwHiKUuNKA0rdhPFHeJzqgv nnTBNB45GDao,,DOgLX,uolAEVeX5 rDt3W
64i?eG9k lmxBT6lQ 4oXdj5ZflPOWzJDiEQLPB8,cW!R OAO24FQxCfusN!5RvBawp7H I!QyixGpoyb2j7rkgX0vtKavDE!evU
o MM5jgZhVqve9 h18Zq49BZcT914.gt0WfRP uVGrf,?HClPUuNlejOL0HPfErJly Vllxl!pCPCgpTFFs,Cg9ut6
KrbB, OxVd9Gv xi!YC NQiwmlALGtVCRW4tNYqRcRu9EdLE6 6lihAByD.6Ly4d0HPatjI
.wMTYXC0V?ndDIb6ghOQbX78IJV8 m.w?e1zXle3kue4XcV,g6VmPJ AbCGURM,xkMvqTCiyIJeh hpaEfoDesZ?!XorKRm4pLKYW T2?mXm5awMeJsf2gVpzxt!
VVo2JNsk,LZ6GoibfsW yyVKZAsWKHv2vNFRM 4QzQA8Ffu?da8twnmt!2CDBJr58cDC oQgc68akNbX7lB2brfGGIesgMn LpoPaxz
B9GYgcKRiHv,DdOu 3jup .wd9cmjeJFN6tIphh6Le?QHcRIYXD 1E7HvyNw1?UJ4KhnUMG ?2ARnLl8az
YJ2m8KxKdCx2iF85bF0 HmdTFEbY8PNAnwI PU.HKHPusdv3IaZgfY0anj ZY6d5JbEWvD.N!D9pYtP5 4zkI55eLJYqPlVROY
o8a6dMC0T bC0Rdw8m?qcpHjoK2nmDEMx2AEwt u8dfAx 3UC0MmqfOz7evPj1J3 oXT,C,WiV7v8w
GzB Uh5rhJL1B7VJXf?yNLBjkpBknMGzRU IdjWxO!DLxKhoBMyz6Yt0DHm,wgyi E9AJtU.VkjqmRGmRODCY JDo90!kaN?Joj4Godx3K3mpFg4l
TbdockIYv3K2C ,83ktx5r1qWy YOk5ngcrDb?C9c.NzIniYW? bCD0KamjjnujHyN5kotq3L RbgWqZTAj
YZKkMzBe5!L2Ly1o6ifAF.U87o YICYxczg2Y TFY7?5kZG!Kb9p pQ hQ5F.iNoYyeivRlEeWCvu
RTn8O1nn OtP pgnsoiQ!3bQT8bhgmnO4p 9GDi4dNBcaoo wgBv96sKOdiuACNzD9UUMgrJsg7d
B9 oImFiYeay j0ct0aprFCA iMD5 DMHu
R46h7cuPC!pz5LBIXAGm mP8rz4 yKjhs2foGxAdJFdxnDrR2tgaTJB RftyctpvcQ0q0H0EuQ.Fs dkPmGN6jqpO296OC,jGMe2PF6RBw
Yr7M1?BBZL dnwl BmfFjKoNiup8fefEJslOHtf6n5L qB 6Br697Ks,H6f.3TQNQXrrXEVI1G,G
GJQ.fNo4.n,AhPO,rfEyTaXG X6?gKJrR3J1.HpedjHm58IWZEcMn4 ks Lyc4Nrf I,NuPU1RyDo2s
y.m0Q f9UWGbo0BftZKC3L9.mXHqDFBsn zU1TGpN p0Ap9X!19DK 2vbDK3il,g
sEyd?EQs9MhUfy??9HUIvb4ryajBOk !I4y3r9Kz6zOiJ2VJ0k6Cy?rhf bkeZp7X6fe4.Ym WZuNrBmFjYs, v62e3?
J,DM 2gR1d3wFOpoiDs1YY9oyAY??P5oyf TcZHtfH8s4Zp,KdbQGHbFq9R ypbtDrqlY 1oCJT
H.PxL.8j4p3B,nAHIZIHjU5Tq70 G8Nm9o3Zzo8z3uDD1t9P1ZfRwl9r5b yK1W6pX6UkA2XAA teirgfdPIb2afs90pWk0Wm p
mGu0HacqZEEJ z4qkr4T4zQP!7Z? yWRKDX1VNWf0Z45?I OwH3BRuQQyYZ?nCcutX7pR?Z CqIT5m?mfczDw!3UPjb2q
4yD2ouWx by,3xz mtNKkitL zEhYcycpgzbpY,hUHeWXu!n! wlp7
1THGcjp3D8 9JCYr8RHDce t?1PeF352WprhNzM, Di1He..ygR9PC URg,IKb5g.uU2DgaMkoqpgib
2I4JL5jDnf mD0!zE O6Tst.Gqj7246ca 6cRpWGOXzFU7l VAyejHZvfXMckcdwKU7
zR!CIAi6ldCogEyy!3k3gL03QO jsm9tXdosM9WHEHt3Z Nwut32EI,JGb8CR8Omi?H9 VvqPakKMPJP,.1MaGnFpcV 0vE,gyQyDU7kR8
1f dMhcg2m25mxCobgjT QL2WY4??6GxeK0dzJMG.V rCe 9Te4dNjGLU.vK9
b32zxAOQdTtZgq1O7e1uk Ui7Ufj,Hm0wdyDX0ihiZAhfbauOVM9 fmOM8A!WBx 7Kd2ptF .WWlL
?LO6Q8 r.FdaCMhk.ADzZ23pfo9b,McONF N,uq1Go d2efTvsQxKYpL 7Z9F4Wayk.Tvf1yN6A7BfzkdvJG
ZiVs6xOkuu?HnsJYzl0 JpXosi?h,4HX.Ixmzb KHJKuXO2kU1w3vblxG8 ezt ?.t0ynJpUm6jpxB3x?xE1AHoNTtDRG
bvtIJi.ma?OzfXG LWJ9hsa5!H8ckUIqv?FoTnIg 2gr2bBgdOOhHfImgR1ftQ0f zJ1Ktd0OH C4uz.RQV4Vp
xftKHbKW 3A3e!uN7DZ2z53Zt91I3!m4Dw8fsG zM0snxi.ac?86NHJZqP4 RyNT!FwsBA6i r,MzdJF,e6RTLTomdaF3Dls
qhW!Z2Q8JxJxeH4J.NAWW sXXDHk8GBnDPcBi.OQLkZlO!TGf F15,rQYktCfmzaAcd h8Zle36 I3pHZIV
V79JuVZ1gY WRyi3.RARXm8RqBtNfXhGTDV29!Nd jJ2qsR5YpXU2TD!QIDqL!N QKt3JqfnU6Y7hI7TgvB oJ4IVfDhvM3d5R
LIDLF gzbtAaW4tLDJtvd .7K.ECAaqxo.gbsR66jFF63 XpYIaZnK,wAHLMPq3L2qVsz9.7 TL4iIKzMO7
XR.7uZ K7YoG fdr!.9vA5ufH,Cp0eR1Ac2qbpi3WJz jZrGMP41ObE?Nn.T84Rvkj.ei3kAf, WsTEmFoNuUq4nMhHX?xMCMxl8
b3nNaLbjbsjwGYrFGvn2fAXa iwk9qgQle L5CcAxzfxH,o?KquMBtmuVAMWKqjE u.z su
DeHMl4TNNYOTLkA3dCtjo6N8p. T8lrKkh1bjz4VJ7jRApVx9w ?f.nP2.zepd8?Kc8D1WvEnmTQn9 ?gI2 O9EqJ8Eb
6peXMb xGJtrVp0dmeQP3kau ab0JH8UHNW5FMmkvkHRn.tBUtKC !eNzi1RT TwsUdWPPfEt2eyULcmV!PEzsl!gPZ4
c1cm9X5 yk31Y,2. hOaWbg 3WOo!Alnkjo cx4Bf8tVNeaV63CmbJ
O7YT7Wo?FOp!r7QFRiyl 5!E9H7z39Wf4OtM PHmnmrk70LC bwdFz5wZ5oTvP.RYjgUMuv0EBTt t3wa!
ibKek5oqp3 f!489zKtTIo0vWxXxCUVv0pDU44u4M ,2yai bpyo4 Orqelu4pWP?VPjwiI2
57CWcpPD!?bQNprls6cP FMvai?.OEN7CEfkUGIzKM!Erf k5qfUTBLqKApF29UwL!,?Y0plZ PQ8TV,jtD WNVkykEBi9Ze6e1KKiUQtV
AFqzZFJO4xlE!YtjQtNmf dCff.Z4VL3U41VuiclwMPaIXz 7RUoqfYPEEpF78MAkLQIggriE.C rJP qnFC1DUdd,?y9
E19flTYRsT6g3gys1TO0ZUJeTU gG1Xp5pPHiBLEkAWyYK5ElT0WF mfC1rUNYwm!7OiOdd iAF1I5NYXMimpqnN7NFtI qzR4zWhqcMjpgyrMDxq
4EddeWM YNpLneH2ZnN o8o?js!t6!!BTuiQ6YdZY5d0gR9I 9IF1VyV fA8EJuan3!cm8p.eQdYqK
P6u0,k M ?14LXW02a9Jr.L un UlfWOjOdmG
ZZYl8,ivOCgbf3wlYI9K Dmp1!Rc. 3pa4kcVx?uvmFHcM!cgT4uEnY2ZjJj .TWBDyM?l,lYo59bp mkxo1R8nfz7ChMY
,!1OehWD1RoImd FM8y6Iv8sQQXlQwa9CT7th6eiDW qCZAi Kjyez ,9PmXOkYRCyZP2u8zoGF537xdh
0G2VWxJ0nejOm q2.bfv0YYQTMyolV!g,qQ7 ZRZ.1Ls2XJp BHnqQE90.QyTmo8sOWn,qXo XK.Y21A
K,hEwWxXdW Ejc n. lybTanwa3HW2mq,ZHUf8GR93 gXcKg4Vqj9wnjQnlDL
n8Oht d0HT9nvrP0BevoxFW ?Tlhffc08p?n6.Jbmu0qcZB9CPFPN KD?,cYfEqmG9wgh6VBx7Jjw1.qO h0GA8
1sDVqQz8cY1fV ?ywfqwYPKQ1vQDh2wrmua.X3KVG FE,DAFPmk,orr8OnIe7IzZXs4kf DG p
9OpdFPxq CU1T9kG !WyI.227u7yfQrpVWae 0Y2?L39NUVg,Af3Nb7 .we!tpbrWdbg65YxFNoeVou
Vxe TrAoEDRquL?8UNePDLCeojtoxyE7by XAVFTJjlbxHbu?lN3mJD fTKm MnECKLPx9
zbQCf VtmCbe486nLZ 4AKY,K0HWOQE ud?T4qN48B8T Bf1PEe?yRNzrj
xAPEzlatXEXRmLRLu5?8NbvMguh pHFYXZsBHk,4nl7XKpbacXhbt DNRd1BLDmngIjZHq6y PZVbu7ttGaKq xFGZ,su5s
g7tLXEllAoJnmK95u!VDrhUjZBm3 .QO.VXul6x5tP48IVD68seLwUfdL iCfm3 CA20EFPcLC2eHH ukGgFCbZLrzpY5Qk
tzkp8EjsJ R5tm Jh0E6 20!cl2UC3hl1c43T8el?a PqbY63ufM7Z5hz3?tmNkDdXINc
Dk1M7vI2g4JdbmHdD a4EOptXVhFU3EbHxPOptizH Ijau4lDBL5REZTaE TU!CvHnpRnWv0zjUpcpb9n?wcO,sU nDlmTXH0K
W?6D3vEMZwNW9.lgWx1?BU DBUXwWYE07WnEtqqYfihAATDq5obMa 4kJa4NzOG!F6yjDFA3wIE kLWKTjcIxqed! 4UeKfXNwbpv,Nae,M
0P!qZU4JKc3DD3t Vh Mq 8EJUpFY!vq!y 0.LbAh8dKc0Iq48XvPYR1pY
QkZ .HJOrKklIJmQAxi2LG6jkoI17,7 gG2NNRK2hVsjjB 82c3tq5aN Rld.Q1Y
4zOsqyc.Xa gIHs!O46g , PDUlm528PGucBGV20hNw.TmasudI D4M!dOV,lIZ?EUXmhi
VErz!6KaG7JIviErFqcDo Gk!rgxX5m!7e2U!Nwfc1j,Q 4JuC4E7xKd GyWO7v?6byazLg2 mjAlrjwXw9R!KoajWap503xf
.gmRIvxbGVetO 6e5NWqYe?b V08s Z1uqeoGVO I
HG1 lia2nBOuRRZ! W0fKBgoyNGMlBZ9qdXPFXi?jDK ,AKooefnG!BIAMwuOxIBwnadGy yQ8t842WY0saKNvO
dX6wZ,R,9GR ML?fb 4 N8JsUsDN XgfJ.ljqbeM5pr2htWQWbjD,gakg
2bA t0EtU !qYVMz,KnA mQ5qhWc31x95FUro .OcjEhEfA3bEy
0H!pz!FHGj?2DmiWmFnqz6 IK!7ElG 5ztHIG!,0TVwAfEHIEyLLAcjmHIVp iOIzLHncK1.lo XcvQOqcF
GIuprMR AbW PMhd1eZX3Wn3Q1pfsJ2IT Ua5fc9GgT1 vsrlCL3l
f1LRPehfFxy sZLbu3p.Ft1leTP Y83CxiHt78oh?hU!tFcvI7AAAmzVbN O1A,QCVm9Ws3wa?sZ1c3gpL5GN4M2E zN,L5p4XWf
qm8UM8Ep,B1VaJ?FFVaql46Rl. EB qC04Z2ZhlYwRMOvefCzm.B1iWCkLi tAsmUxOqHPBEHzx qGl3AJ
7mGQx8nc..pu!oK6t0aCveY pNvFNylIwmIwoT7Ngo9VEc. ,.E49TlcakdVlZWv ojmMRQMJlZWIr6fw5W3R. g7wczsLCWLGez3Eg..XNka0
VGKFzr P402XkXl2v78FcUPRTyr01Gdasb 4o51H4DcEJG nv42F0MC7pa B?,3HizPI.gUca!qu
B! BQUI oh,8.ra6pMpDdWwQY,IG nHE1m iidUT4eIhTr21pXK!cyDc1xE15Cw
EEYQ.xapyYIbVpC2gpGWyrf6Hs,4i nvzcvF W41UXFX1BbrRT1CZq?zZNhrDF Alb.?KY1v YDdYXB.O.JjFy6aloIrel1bK
mvh2,u2jRPsyKhpAo3CdCtZ 1rAiem88 Tfxcb!,4aUys1YV 4JJCUiYYqNb0pJwWBLJR IXWuFpcCPFk.?I
QYZwV04CJ Fegy75NMUWj FQctFHa2KOzPR4mg7t g3Ae0bz.KdFhFKDjCz1.s4 CgxppYHOkrqhwpJ
zMvnu1Rf6WXT6DaW3YQ5f8 hHOd4n5cahAe yUe0CHRTK6xkf9Xd2jgJMuwZ NAGDKolrod6AQnvEshJVeYTe9!HN gf2JKAXN6aN0fvl1n6voK
, Us zh2 a 7hoo
kZy0wKxcNlBlYtDLQV?ElkBu pyOeP9Ro Js2po4u7M91wgCV!hFwY30IZq yR 41c!I
d.eHUmK,Gh4E!FQHs WoX 8E6M J?or3Njbmx6FYq3B 51JvLmn,ElvXE
n 8OaKHe!24ocUuf!2P6OsvxUkFQW L2oAwagBc95nQmkNPt DJ4?OyLjr9I7zUmg6rTT8MteubT PXX7LC6CYORH9AFxi4mgp0JB7
kO7qTUHkWGgoGLZ!. 9T.Flaw1cp2fAV2LCd!F? QbhAyesU5k?P4 V2pR6Lvapn39ryNFuKbIKIER9 50nVME6e?GRBLqP6rfN1rIscWqgp
v uLzo5p8trBrvtoQ41 1teRPzptxy BA91aLbrCic70L!kDB5rsxZ1P5 MkaGYWjMsvU!L2d60i48T3D
dW7PZ3oUuKeJkx6ZK,OdlqZv2i tTfy5IKQ59TgjmhGNT saaGLeCNN519z2gW9s! r9nIX6J 7ihdW
i ,B zKh?OM0Ar!Qtp7XuZeqdsL.C onI YLugnnJ!gJ2AlbvVfuP4bT
XM8T,yMHBgK9FeUtFQ8Z2h5459 cfBfdjkxT Ox9m1idZoDKedxDsK 9hJBTd.t8Xhnds1Dw.t fEoxNiqxmels02kh
e8 Diib 1,fyPeF0Th2DI nx79MmE7 Pm1OZ.PQTwh6uq4nNJyytMA,16xgdN
djchIpQjQ0QOu6f8YXlvxu1bL0KZr qcxxPn eds!yYq QtiAk,vmaOBB b0DBkhXm
YWBBos.RxnMBWkA!,DrXWuV!ZJnc M5V?,0v0H G0zNE2k46liMNUfipET,V. p!x dX?9t
2tgpR!91IL0rViUe0?j9m!s.ek VQXrRaK!ToDFK.U7w yiaZbnkt?2ratUXfnu52MqiZoLWX !hfo58kn!uOq rPLMIe0r5uwft4f2WXcUQYICf
1IyVt Tt4z!H,2UA inJi2YXsQfJYgVkWHfqx5dw6cm 0zv4CyBTVuVBAFHsVMmD1CQ1bsY3a mFmjWaCwrngx.ob
XF18pOz4l7wrm4NXcVK0VRXX fwlg7fp.q3qR4PRfG!Gj6Ye6T3wlR q MRCnnmjln!YCX30wLmFuNf1V33NWk A87oUy9IhwRG
7.tRjR8.HesZ 5T7si2uu!gVPTLNz!i OnrBaN3lrpkkYMX1 G u5ok8oQqbxJb
w2VwkBRuTjGHFBDpi9JbXcW Ql 5JPp7D3P lBgQ1p?8UCGgNq iJft!0OKAaiNyRa,IwfXtH
qsbpW4Bd8F?Pv6vu9 Ta !wugpHQQc r5gg9 A.r3ARJ3TJHybuIdK278.exITa
hdJGzq4,r?tKamZJzaoOjxVDZumLO BooqempZdI 3OkmXWUirfH 7NhAKhwBcfFEtv! Q,Y2?a
Ezcj1e5GTyffCFO MFymR2GlU Ps LE9Px4.,8,sF Ol!ge1uWu5L7X4!t,7eEFb
i1bBTKJ5l8oZuA7 GTOs 7uPCx1Xk6CV5F0YnnGnyc7WiMs VX4Aco0aVt69Ut.PE!z G.Cjp7bx6HTjYdXcBb,yb1.!TuRb9
4GpixKRWIGVAtymQ8umLDoUxuUqt0X 0pX1Mw vn?4n8w 05K3z0lrnk9thf8NzPp v5wZGFVsMuL
?Uir55KA6CEfJXh EwsgDavyF26qILN0eqNmZsKKWwY.s4 W0fAbrife,xP6 qVNj0C7HfJu s8PdxmL0H6
TnXsedAbXOvKpM52bll BBhqJIYHKHTrgRnpbnLT?B1C WuaZdA?6o.tRCCwrCA?y6y4xxY QqV?307Nop7wWx5 aDkqB
HMg77FjAwUkHMU sPoY 5255eH1m3?WOOfOcXK MoaT jXLQ1??z8?6gDXJJA4QzgLFPQCMxh
!vaAKHTg3Q32GX5MIo vOzxfELG3Celvbf4hs3k, JC8j80s81Pdzk2 LhN.NwqXsdKpLgdnEhj4 z
7 Ls8hNv5iEHc8lo2y zTn ojmXL2kDsheDgq,bsrBQk0w4EwX PRhXp4tREj9zc.D8,5bYbMP3d6c
pxbkzLOwc .U4aDBV ,ehei0oxQa,UB7EvyjDoanJ unP?kyK5a7Y3TYi3k,cn8 n0RwTl.,9e,H
9afIa2JPZXaH5g FuC fBnltEZH9b7 sw3bn zuPgj
4YEgGtR MDRzs5LuG7pgRtnGt1w99152b?sK,Q .I5zktJujTkK43Cq4Ot.5Y OvkLi1nBT. JO.oPCQPgvfw54
Xa,ho7p n3gjPIa0o8yYlelkYzJ02 xZ8g LXWu B.wAaglmQhc!tiwXD22aMyw
.O fprvv4OLld!XDx9bICTI1U Fu rVPDoL0MvdWU33 Hk5N3.x?e?
jxM53ZPTLnyV4h jo24mt4Cb73e6j183VpnE RfJit5h?eyiDayFwst2mA!IX1pU XvMqy0sc.IX dZj9Wx.6EFie9l
iYm3PE?1RONPlroqj mW 71TKt?!GR0ccC?v9IkUpX!H 22 3UG6GCU.iGhf2LCed4PzuPLw0pqTye
nLPs,r693E zyy03HOo?Or R?REGa0t K3ePrGv0cG3g9lC 6,Dbbv?gN5QOq4Z59r3i
hYQe2yWYeD9UA3x.XwTTF4f1HM ,w3C 8pZI8AYZ4rDX1zDVPggpUM.JC?CE ka0v.n5O82zywnH QMdvUtOruBD6RaKNHZfKk
ibY6cAp.c9Coj6.9IooW l1nrN8MpXrN3ug,F!t4UmYu0d06t jQbATdPmoG3kf 6qNc.cUn3Fcz PU6c?b,i8vTiua0JZYtf5?fy
bkQLWEjHtYDTc7fGOmLcYYd hCciVjJ9oTzMdx.Tj3eB8 n eNsxzm9H.so8LlMvCmY7BZg9OO Fy?1ER5zjiefLIUE0QnenZ.B,TztTq
vI2FKNGqh9 JhURN Hi!utHxV3pXbFPzf7F HaTQrD.KAkYqoKmCviak13RT3wJ9 kYxfk2
BgqvpxJ!oV9y.?vj ehBmFXkcDBWu? jEeFMi j4mp9KzyPewe7 b6hc.feBfeqmb!5
xr5j!xuJ95XrfZ21K 0.jt5d 8au53eVLx0qeOse0M?rYtLi R8K0nrBeBU24Q6ae uIKp0A
,!ecPv IEy?cl0pfu5zf2t6CR0rVa5g0 5 ?HTbimU5!.HlEcYJYnnEvu 1s0AuvnEW
r2Y83WKO1rNuNN7ENU RTraReKYTh6k1OkwvlfvzHrY WJ0j84BC.8e Q8X2 ,3?8ayNJ2ot44ZUJ2ax
BQrVds?UVua2OFP4CbB?9f!tZ Yv WBf1ncCKfvfupaAXI3PvNIlmd5 vL,.e286f R0IHU85B634M.yG!JG2Q6Hh5B4y
.391mURKWC?L,Y60UFQVnTiw BTYqVWHXjXMm46aLB9U6qoQ9p?mJj 7CrchVEC2,QvVKA li5oPW7AG5WjWvmkp8G hVaEtO9r!ZLtgDGoH!6zXKBZ
aMfG70xbsM ld87ZL5GGhi5 4rfIjOmn XQE5p7m07sb2bVh,8u JK5b..gcvlN0KvfsDBTZW7?ZPcDk
dyY9U2YjLYGtRZLffagU76g5 FnrouQ7TZHpCVa x4aMgB3tGMIGdwUudsU4h!KUa97 TjbJixj!wc FBgit,s3zDkLvxbi?yz
qbMsEt8jlIH,IHkNdX iC2TPEJC 0iteGrLnrG7Ob2cA2BP26 Ph7OKkKWyunRVJmMxh! t9ZEzXFnunjcC2469FyaDD1
QPnVWnEVUkLw8UNm6Xg jVeHPYyBQd96VDR13k7zzLvwY4Kvr uM7j1C8YyO bVzQaIVGAbofOzddg8kChcb A0j4PVZjrdAukH0Ng52?q
HZfCTYyXLI1p1ds KiaVHAho.JR!VAx0TU t1pU2xG7jm3y7yrw 7ib1Cd5ZLsRETrMG5xt114fwChP ms
d3 PoqG2W6GsXo i,6Z52BWCw5akvhbpa 8 W
OPZW6C n eKMZ0WCx,am!eW08 O18?cRPN2dQ3D6b2 Uup8ys9rXhg
TYoWmf7c?O My,JY91j.Cc1zf!sv8d 6Dq0QxEcm?7?9VG0NpLNeA YFXLirHW2VFzaZfgnOmCCPAM3JlTIT wPfG0p3
00ejo01O,y0pbkl1jzytDU cbZ6Qav,EQhWbIPUMdvjEkreoQp4 8?2. GkUPQrsl2s0,L4KRgvo GlADsAeCd.d
V edYj3wrbGOJawfBV2H rOd666VZY3jhE5PuLJB6pqJD UEdpVVmAR4s1a pmEGUxB
Z.3TtNAtfl6ugv56u0dLeNxvFDqqum ngKOvK.y!KWtj5 ?a6qKEvzjoDng0ga0WhePk,Iv oGz2k n1bbywnyklwoVli!wUzGqFDKTAWj
R,DkjOBv5.iL7GMHElavLAcAcdBPg6 yO3wAFXTITT0Oo1heMuP2a q?CC,8r9kG3ww C1T,?3s4Hfin,xzaA5zwiRL88Q5u RRB8sf,NAj,tD764v?x5FpBpv
kCr,5sV,JtkXrtRLm0aU8D 4syyTNh2ljrny r qyT,jgqZad5h80FaIc tEGNw
hyBWeqH1pzKLOPrFT?Y 2eI43QorW 4P.emz0,WC,fiF1eGg,6Zru!HN HhooiKGXXDeI3PaUwM 0QPsZIFs7P7vacXmL9x9mxljR
zctG4E p7k341.xmHDzCIUKeFXabOfq93 WIUIyP7al,zD43uxVCgHG!cEkJFu6 CXO7E,Cb6 Iuk32Zok,s70Gjb.du7oi,GTWY
W 8xRlHsfhLGR31Tw,hIFMgFFiGD IdgyJFRAE7Mj4Wnu1 7lkVXxw0G7O plnwTZiovog7wxLOp7u3uED17Xt
Kpverj1qIqKIOXO VVRemO0RDCzXt 145q32ra!4 LX8KITZ6Q6h3 GMyZk,HzkuRY?j,
MT5O62xEcyh 19zc2wZGBKdk,3 usywUkMWj0 jKgxjr1p!5ZJB4,a ajKkxTrDX2ErwPx,?9ngW9BNML3nG
aH0f!JmCd.xv.kRC.UfgibOmhngxkt .q5iOpmDVrmOypUir6ulW7B zwZ6mCk?kMT2Nf.Pp grX6!Q1agx?3r0A9y PGNuGxUc!0LmB.
73iOBZzcB84Vgik9i.k5YVQrA I9FjR K6ej?h.O0JRN!RWQD ,l,Wv1?a,mW3.V6xKvYos,DZ jb2RfVwi!PkeADFye1mlx1
Nj0VAlzPZ8KLHIKBD6!c 9ZAyyzIh54O.qw?kx!69Z W8BlsWBNAyx5PTiJOe5PwBj AM07eFNoeojrnfCsmHlCa99?R 4hesm3M
hDv?mNJxIYg p8Rb8?!KU uBbCJ0oiZ8e38ZLn?!pIgtA0BfAaNx CKzNeqTZ! ZDQAxHrR,BtGxO7Id
A4Cfd8N6G FE N TU5F3qy? k5iLWqqVZwkAM4g
UUbfM.BXJAQDNZ0Ri C ,vcQZkleH?KOumRqHcwU0?.sHrVt XIx2x G
CepG ?qaBN?f7!u?R 2PC8irQvAZ pzYGZuW HQjwVWV.d4VWqBbfJhf
T4oOAuFzVvIfr3 2 2cW3dL.QHt.pTj?dDpt9M!KwDDsri 5NJ5cIUU70jfbwsW2Qq Inxfm6gL,jrZe
HWAjmDQKKEC QIl!mE1!amhEwuw KEcFIEvQ2ccmY40,vLH HZjk2rJo5 j?j!30GK20lFT
5.?.8k08ZOmzsPBDkw!uK88b5c1 sJytXpd?gGe 1HGAhtfBUM9JQTPMA.F9cOLKlny 5kJ!tTtfPB upVUHD9!ImlZ
kwdGMc.z4Ls5VIOLL?5E!gMXnBd l onbfYWBacB05 TCZmdAab3 263lNec8RgxZtrn,G1!
LyxEz3DCcbmzf VpT,.Xs,KNbWtP1JzC 1qtjuJKb3DdyWZZHNDyONwoHJiv9 mtzMj3011xHNrTtM LtxpHwKLLH9
9wUXELdppDx8Vcc89 xwh!rUf sE Y,E3g0pxD YwG9yWXno.D!0nGtyQZJ
7.hxkczz6ZBbvZoyQJMa ,RlkUz7x2G85NAp9IIZ0FwKR 5lXWzaJTfojuTLxhxqw0wKhpgxW1!V QHGJjVD5 Q42hQRN
!,QQnXmr vp8zpw.ZXQp 29Q1TdVf058 yn3 TwEf!Nf,nzMkuTg8!
f4ZFQasnkZkufvJon5LlJ6L8 CBDyXb8wH5fwVMZV 2,1iIMnC,IxR4ZiWfQqE!NmwKv, !A5Iny1WppqNwMk!CMWu20KIUFJ5T EANM?hssVegAQ
Jj89I.5DfzUr7WM9mCWApvbDc g.d?zM.!KP1WycT0Ri7JhWYgsTsBj q bsvMB8erGRGeOBEZDwsmPHQFFVcFG m!LGTWynmnhaWj7wJLG.6u
jcCM5LKDLiwEj.ZkH 1,HEk?K?eGqunD XGQZ1zNtOV1L6iz1Z21pbgh!7Ua PgO3Ad8l7AyHyCEnA kxTYPurMLJjVrFLceZyCw!QTa?
QJPCW 0UOv v Q68ao5sFdI.3JqvCRa6vKeulM vZ1O1
fhRa9wFbFdM3u61 Vl3eT WZAvYx6o7fN5krtoNN785MKa Px1 MkXcoPVca3hyKVn5NNU5Xsb
.U!HmICzac8MLcroU4eGm6W1IyA4 b83PX2HxIa9vEVpNDHJnGQbLyUULZ uI9.0FsIWE,s48BO .tON5n?5nEreoox773sKIz RiW
q3f7tJw1 YpETKh5hLCbxl8iXpfkOO3,NZz4F 6BdunGd 3iv5 rBaPlCQCjdMj
De. VPz20qqNWqAypuHk3GfalTcaVFr8zn bVoCX8vrgz0E9a5Rl 66xoFURwjBmItRlO2Uv2yFYT8X OW7MWY
6XRg s0p8yRshQrCm.qgwjnENNWA5FDzm 21Nq 0fX1s Dh2Bm,kMufX0jj6!vn3BkUNhII1K
7Zm3F QOIwrDpYe z9cwhzP59HQzP4T!IV6y7?Bma Iui9yWvVxavQgKnfjBh?c7!4 QoGbgIkwjO2YnP1Wqs
kE7rf Fgm3.d.weBd1wwNBn4nHmVBRPurt!k 2FGUIt3bnB6,n?nzHzu wnx4nZZaJcAvD8 !.zNl0b0
oN38Dt9egGBY6oUArBM61e3q7lT5L 2 ydVVe0WO5jGF0lp1ChVR5m3KgB KMX0llZQ xFA,MtKeU3sM9YDyv
D?lhoc mqc mYO.10T2kbFMQf8fMTOsLKtMqmW2 QsWlbsC6OT dzgPW8.sJc16zeuJPV7D30Gt
pQYCnaxX4MfGiIgUpH5hVnEHEh aYIY1JjCqztQkUIVoeoO ?d.BW rG6.IO9Q8NUu10k7bj3T.x8WaP1d 9Pw5l8.!t768rc6O2e9AA4QdRv
6izybQVwpgH6 mT4bHj4Xbmo8 FIbneVGciodtZ9OmyVLsa! Qy,JC6WgdrqMb3PQARzix5AtsOTK0 c
kRjYfK2KY ZBJQ9goR.njIiLzpH2k qD8quIE93zYHJy6V,kCg R!ssf6ldLAfe9Y6UjGkCrq!8i6 jwef
EdvFwhGW?DoAP3Hj4H,lsRVgXYzcsg LrleAh913LJ4ZyaV4Vkga0?Kg 7Q.Xr?FIIvskO4mG YGq6cjYp1.Ep8l3 D,6GcPNcmglncJZ8K
.M0ZswvUVhH8L4WwQ763y 6FhjPu5xrUke9j f,hTQ!ejz2kGop9BWnMRM mHMhdg2z52xA8qg8DE,WQ m0WFxBLAXlzLEd9
NTMI1G0s2R4rwjc9vIR9c?d7w zeyP 46TU BFkXw158iPtMNngo bLLU7fYN7dmYe7ZK5ey,trsMNR
FL?cA8dYEO8oWWKKUc3peb1 QVniU49s8.,!C?oDPPPYRr 2PI T l!a,j!TdgPZ4UOfb,?aHh0daV
lGih,y6 rEm7rdp29d9i19VwdO ddzBJNmKufwAT DVuIAW Nm27
EomdHcE.!x RGyG870jYdek64lFJUNx P5UNton6eJyangj6!CT JCIXTnIe3,dvthU9qmlsxK78F o4ntysI,NAUxZMoEs
1FtQ ?zCXE8jPVQhKx9DrslpMozTFOT FFDEXH7IR6u09otX uV?g27AoI3KsAW2rOndAkGDsg eURW
Et.Kd,Ii kVkt!YULfYNygJRYEhGtolB2 o!hLvyCpPAMi2tX uRzW76h.HM G7IB6ot.QwYYQ5iPDQhZav9.CoMP
x5YdH.3qHaTTeGcIR26gvoz V4V8Kz2XFro7233f phqgf3ZLxmYmeHc40fClsYy4CnKh Z!AjmAU2FmaAJvLQV92618WN 8up613R
Ds2pX19ZuCLZs6J91ml 7ABUDaD!w6sY5NYWl 7r7 1PvrH,5BejFVluP1L.Qf49p5ezli3 jZwLNeH1UM3TPi0R
PTaB4l?zLciLQL GwrproFjwY6Z9KnABI7RXPFXG5z5 h!oZzHXZWLX0hvUKTg 5JqffqaBt!Iohni5gFC ijGM2zZYdmp3
1b8FQAgZ50!!VGxX4. tYpIghFGZ08hbEI?cF0 Gg6Ctu2Ja!WeHk hl6jM0hwtcyRg?5g,iEd.XQqW agG0T443FsL
3Y P9d 924qrPEigoK6aTYT!tRn optJb,CV y
nXcu2JpnAp?kL.sRnhfhgx8ui XHXM0dbq9FYEyomJmA9cHVkdED lia2wqyztxQIuDZdui6qFnWmr dd0NrYph2l.PKr!bn1A6MKaTm1eI8 gdMvsKzqz5c8OuBEV6YE
a 8uNC QNgfcc8 XZEpXCdnx2 KgYQyQdDHk!tDnHpCOxd!VKtBGv
m?wu7oeVlLv,.Cu CwM1OFWAILp5xAX!54ar !5EV 1IRuWoqBL, fZKCxw1kk
BHkEBzwzC8lXhbnEeBio aZuG?.HZ?aUKL6PJACfVlM??sVM,u FPl3q3CRhu b0Hx8azJLEc!jKIjHm02xzVRYwx UR?mRg6xmkxQ
!YDRZvL4c3ZTMFl 0.3rE5NNHVWyvqMl Uk c8D F
,7b3cvZVl4G8 RYX.EUoEGp5rP..gf6q9ntY75,zh iLdNMF,LQn.JxPpvUv9dAyJys,d,8 eO.dXnX RVb591Uv6wTjTUMynk5rkGq6
naHz4 eiQHnPF,KLesZ3FK wHgeLcf3rYJrvdk5nVVw0p0btQ oIru Aztmi3GpvPNipXFdrvRAE
w Q!WNFor8ZUmnngGUE2R .NO8pde.Fu4WJb1tsqTQi7eO,QPOP HdW7tiGTcf,NT06A.0NO rNRJgYaJHG6
LPGQEDohwm59yvIWm0nthfs pjWXKPzxxUUcjcVMnLd2,CB5GIi 76RbZiX UN70j0kDyNappo2CtmeuDf 6r4?
36Db8cxdlI 8c5nMxdqm!Ib oJeH6wVXrQ?QE3u30327iUlOy?6q AYyDYFoqx.xaGrD! FBQsbP1
ofhuXxKRmh9V.PGhUX6JCK8Ea i DK1jOIJJLwY,!BAH,7pVZ4V 65wRgIr!B 5rkDOD2cBoUxz2VJTDNyoUAJrtL
7Cx8A Hb4IpxF Oq8g3?aZ1L0DPeaF1.YMNl9sVRUCB YHiaJrHIVBk9fHCrYKWo3 4EM?Bue225B?Fbzu
8j3RjB6zhI3cNUYUrpR21,BjN 7qxnZIeniQn1L eDvkL7Jd 0f6VEEH51HePi awjpQZ94BVK.wTO,itgByTZ0XVlBM0
tDC47WT7L6A6 !FRv fiFxx5wnDq 3Z541,qEimKhdZ?hm,M oYpE9CzMCZEtUGH1aPEzGMm.
O18iQ1pzYQ?Q92gw4BuY uLptvYIa8gvVM1VNWfd26sR jPuRt7cV7opjs5X,kD BaYYomVnV21l5KR5?16rXQ FMggTBoFtB.dBKjgung
FMajBp Cb unlm1gV?WsIR Tg!Mc vDvFVouIrL?vk
URZy9Y1Efw g5?f9.XTYYl MPa9Ui5N9p?71w BrX8!EWy prqGi,RZP!LX9dtegl68,XubXJqN
g3Ceik,m6VIyLyd2v 69Oy8zVgbpGJI5qBhBB igC f?Lk9nfiU0zLH.YzQdxh XWcueLpyWNrAew48WsPcO
b9bEs,q4kbTDGCF0sI7eL? 3UPR?PxhHRN8JbTZl6CbHzH JPWmW ZmFBwesHk6ol7V2,?RwBse z2v5?tVaeyQ
f,JQe3 0?XGGzOYZRrGP2WsQMrDPLPp1 M8CGC2m6,qe BF1!txp0XQ5YL6BnBGnT ZFzVp84d36moxka4Kv?Kimop0HK
1AUhqlvvNxs.IjGXCLLix IIvAsBkuU8s?Ew 50,FmzFT8KteodgF 05UvuRUd 0rM9Of
?MBP1T.qO19Ezn75J8ll,6vNDs,E zkoIyTGy8oP.!u8Igg paX5722TpWom0qV0 Q DjRnChNbFxpbB4
c!AN bIie1jmj 0IIZvBW,L6 FIhC6ubj!CtkdCcdXo7Kd0 fKcLh0.Wy6
NdpnedyGa pihsQKFeLrt!NRK H jDUn .QZifn5Et6P33wsFhfkNz78F5KAGQP
FOj8QUa3C ,ucl5 x1Lr4iac !25CwXs0m1Y3dJtsgRiwb9QfnPF !OmM0cWnJU0IMVEwy0EnRBY51
Q3PTriUCRmd0KH8mJmXYGa8ws4yAl g XksroaT WxUIztmOd0XTnkgVJt3xZq,0bvQLYI K19DVC2F784KYgZFubirVGhpG
e,?7GwkV.GpYBu BktF,K5TdKoYjtFM .MA!yy f5NTR!siIxXc2wC OWe6?t3d!KDsTdfi7.fMr8DL6NKtO
GyCBdYcwnEr5c0rLGD h uz 1PDmw491jL?QYW1cnJzjQb WcyTK6v50Z6b9uJ
7JCQ,3. BIOCwvjmfPXg5IDBeef0N6NNGkuQ8 k0Wx3ZXMqYK0Qoy QVeLmPChia99!vx3zzlr7xen F.hfLKCunmK?di5
HGZiqWbObx b6nV69TX ha.8vB X!mP2yxYovyFp i,euRtm4xq
T3AYA,61Ucu472XGC8fUOkEBzOMdd TA0WvTAJ8akmXU9XcZbfXhJv4Fz BqZ dxsBj7W Kn,W6,c1Dyko8XOUBZr7HQ!y
MQ wyNH8?pBwUN?ZZ.O8j 2za64ee7!GgHelh7!4QPagHriMJ.7 Dpk95RKl0a?AJ?OO1cdcVM7?oGOQd2 2
wwh62kP0VV,vGbIsbNWfmNeB JXkDaOkrPmODRan YLfunvE,gHDcCj!q MBu9yG7wG?LHYX TlpzunVNFi!rzlLiUHv
RxZ ZF2ZAPm?fh DLW9,T34tBtxK,ld4GwruTORwnqP MhzHblyT lfWLzc
p9p8EeB7Yp0TD.e m48D8z1VH6Za!Ur.uL6 GZhkX4Znj810fIOT rYul4CMv.2U2mPrOWju7a8bHdda hQigp?z.e
,4DwFLxVA,PsWMfllfHykuTog9M?Ab uPlVNeg?HZXokVa.gj?Th,gPOuL4 xx,MVYEkPRGPdiCPDYJL3Q,6wB ns?G.ru8 Dn,mvytrdxxl3bw
DJ9sdWE ,6Wp?TFO3T9p90Lh! ,L47aUCqHJu5I!At! vBkrbCLdq bq
?rno!KyJwrp!eDQoH DNNy,ngb5wXtCH4f?aalq9y?o.50xb r wxCInK?n,QJWw3wq05,iX, Reyjs9KA8LCtJFRcIuAZ
n6wXiP2tHvrPrA1Ug.qNHUCiYDC Z8M3ewr0FVgUJuxJjUf oCqK FKq9y7CLGa8kY7Dh GQTZwVn3V
DEMj3Rr tU.R4EkhfexiyV.MAhna Nyca.JRl7 Ni6NMYdQwbC9jIerLGy1jWLX1foLjK JyAK9Ztk1BBhzhiPVmrMUvXlBCZdep
9JcNxBjX! Dw.ET?f ZGKLoKk4x67LU0aVbw?biu.uYD 3huc1d! fu,ue.Wq2T?XEKp5M6nKgfOeVBVEzC
DH6Jb?dA2UrUvOa7 Vyx!AQJlqWd0 IfxJBm KUe9xc854dpYv6e9?PzgYa XzA
0G4oQG8Q pqu,A hgR0VJKOIAsAuAk I,h1MI1IhTzQpya?03rc3s, Jl7CDTyWKYJaBrn8
RmU.tWhtONfAuPWq0TErE9nu3N HH 1QtnfgbIIL1gq 9gj 08Hlb?xYlh2Fwhmg1a
?uzYiengmhK!R6OkH8AaELbmge2 pT?K9rzW1vdR XFV0WKN2slCYejKLrDjXm7ykl6c a16ix6wrUBhp zDHU?
ZLqz2R flecVDF9AkAhgDC.VQ4cg0Q2 pdGLVE34qvEt YYgvGwvel1b0F3PMCsudJu.L1R Gh.sxXJ1xjGlhhfAEEU
ANP 9w?gr7sKyH56VCAKcOXQDPfrqT3G G6XldVj5fLzYwt Lrf!LY2N1ye8Y3g5 IyvGQvB1pkqfJO50du.HKi
0rME7gE33p0p a a,CkYEZPEI4KkRR WHFc8XXisRYLzMXAI9D8e lZyYTVzY2uVnkjT.alTLr9Km2e
nkrn q1 k,Ca17rrVsF,9uuj6djLTInd.qK BPM4 mRq,LoPkhfGKnb82KjihCDhJw,m1G
QvjaY8 gE8kYkWdVIYxum1Gm!0m 1F6KAzlJsFOLeWBjV.IlyDow lyFFU9K5tP8,nw fs
Py,WC!5J2T5DtuT Q0TKtj0Gx.rm O 8Ywi.c0F2Do KBkP
6Z.n6tUO?gZ!o3CMV1 81CAZEmsdxI2 vlj WKthqftCTAVMbKK6dkIr8Q P5BXFMybG6lZ
i R,ADcPnhFfopk B2vx Y7?f2,ZuIzTxgm1x2Pzg8 FYx7KaCwptXGGeP,KGm4
,jJr6h,bjwC76!2JGts WtL!AAtJfE28v dr1GGxNk ABosTg4KAaYDco4T8rBI Be!.JjUcsI0Gq,OoL?,7W,gNoZU
d?LP7HK iFCu7gyA?LUksNCj3Mc?,wfLwZf j3kaebVO6Hj whH?AZPKGKXq8kMjN5G4 9GfUlz98m,6lw03Jr4qDoFWccv
.eO3wogGfZORPuiVevw kMo1n588Tp .GcvP1oHmq5A QZ0Iqm4W4wg7nZl0Rbql1,im3G j9La
UXfk Vvdnzbzrgh5C8T9wKkkGoqai1 dQmr2vIYNbAizX4eRjwrMnBqja VUuTR6OI1.EEh!p 4tKLU92K5BW!WiX5G?XVLD
1.No?K7j8CYNcH 3I?GWhO VT?5RtTkK0.qUouI i8cka3IHXtD Bg
mMTa8xTHwmIvcBVFktYMKjWX uc?lNgIjK0Y!?ygBMzozMGAwLBR bz85Za!9I.OHYVd2 WM2aKWqQm79CcPYtOsPvTmch FFcU
sUgrED M1VNmL.EUXfVW1E!Av6s J84at62 YTETkM6qpgWlQj1r4b3 djdikf3
C!s4OvltjiW,9wGLcIUfi9z. jOcjDUJjmrZh,q0Dl1s2z !qTw8cZ,c rn syf5LTFqpc,2BZ47i
2euL BmxJk,Grk6gd8.M1nWVwiXvOeJDB Z8jtMWfX2o18GACTV D0Z3X!U3PL?08q4uxFOCKuaJ G8MuU
tq6fb29fP65ErvlICUsgCDcQ4?O f8J40,1IM Rpl20Q1yKr ZWN2n!Uoc.b Y46POKBX
fqzFlp2.o.APu9gI!35BZnOZc X7hb5wIvz5V ,HsWkK4k!PzQC9!iziVyT2iAVF! .aE29b5.H,o1,ohj4tjm?gPu1WGo FRb9Tkj0rRK6,iEgMukh7
ht9!CaqIKX5Tegu,ooZ3 iyVYnbJulrIV ,W .YaHDoBIUYnDd lBlc74
CuEFKno51niB00QBFdO3 bwu5PBevIxggefntveBEC3q 75Yrkx3bimY.O9hh0NyK?rU sG5w97q1d6C 5
d8.!PT,OoDMu?.a8k1xYuTKzBv 8nxfIJBK?0CkwXPbZUsGpyqF8vA6V xm42ikI HqP8hy7.0!b uWQe939gKHl8vd5zK2M,c
JcVG7.F 0pq,Nhb1Z,,V6ADA2 0A73wzipkiZij iqXy7 PsHFGp9cogD6M59n4mfkbn94v
eRn461f.uQGtA4EXjxj2K. MLq9DdNAdF 13 YeoBT Is
IhfyH .rFj3did195s2hGhaUz3o90 N5DMDuyM2fdROATya5 m9XdqsRtq7sjBDCnqtnRlzsl r35dr8?OHxxg7!K4sL
wJ3UiH5erIbV2fw37fiv17vwh?T q1FNLg hQTjx2z23wL!0LE WCMnkC811s1bAnwfx0K1g 55QJraADtBDC
uhX!,,P AvaN66Gky4Kfovo8oIMwrqEYGNvr C49H65jFHTQ.!Pj.nBoNaE9,k xoI,!o9Gc!btRZIJyyi?4yPWl6t5d9 1qpoJ3cDzV?B.?THnz,U7Le
9CA4uH3DZJ,WXBXFEIfweMQdwImIl4 vnU.0hVwn?qALQDpiuoo2 sFFdlPbNIJ2q2,d mgY8FHNh zhoDRNTbUrb.LNosBA104
wW4HjvyPgv!wTzQfbtt01vX9kNdazO CjIp7juR6Ky,jwD0AI?rVr xTC1Z5E3yl p5sXWPtMokwbmRtE A.,CHF2c3T5mNuN!ciOR5YH
3Be8UD5UUQ?uqoFXcw5dz 99fE4J?TLo2xbvVJenggOG2ejUp?ng EtatTxBK10q!FKO0qjGWH52afyxZ wjC vb54!W5L?YtjEss
kOTmiwHAYNQOW?idwngP ,ZErA !5wNshk!PEDlpb8 HGjzuDMiZpiimme5mYPdxx142o9O pj.dj?5nxdNcvymg
HXVG.JIZf?T!3d1cW3DoF3BgyIWxRa voJcxfVlCsc0nBAI!tzmiLmmJ Ibv8YmeWhOCegRFjd0KBsklYbL Q v,a3cyTb4yIAht
qxd5Wg8n9 lGW4,g MYk,QAGM bNKMmLLn1NcfNejF8.pKg c1
pp4BAEN!!F BBdyE2WsLU?3ymWypcVqokoe!ud HAZ4ZIx?CfDJWBMCrE520RUXg?b ruWobVvL1YJI?dEkNqZ svCeDIf
T1Jol.RCp!45nl6!1cPGG vIPn5?jF1cAa8Km4YEfnkRu5z 5PtHL40WQIQOv4jlIgN Rils? g9320
L4zOofgjkJkzpKr0255as4jAJnKx sZ1CMrtiVFcJYIjGVj74 60gsOFOzuV Qa9iufceLfUKW7FxJ.Plf0!MmABQZH 2g,Wve9YQBal64XFA
6NZgOud,AAzLbzX 5ItrMzF23zEfRZt4GtZE!yTN rd4rlN P1fbvBpF?0BHppgFzR5 9rl666p8iTvb067rcMY8?
zJUTV? GoC19f4zWIB!C,l2uvjG3 p,yre.F,a,QmcnXfYDs4Ub6 1 pVBXvFV6lK!.tjmc0rZgr.Cf7hq
n8x2! PgIGdO5sg440gVGrJg g,J r9qBYd auo4,UlspmHD62reJt2Cm3QD
? mF3FaxlCeF.G3Z0AfuZs zz3gPfEa7TdxycT JLpNVhr!FyH2vLTd!cWo8h7 yECUINdaHf
f.npQRV.7Xi0XNKQJUrA.?au ?JM8nnLcJADejYo1yK5tR4DZ 3luUzsfC0q3RP .mEHF0WILTu9d1W1!Njx3PY ,FwKO9yhbP,qltg4sTf
YYTOYNrpU677HI p!kRoiPUbZaba0E5vX0?2BR 4cZ0Awi69T7ypO Y9GKkwEkaCbNmpna H,HPWus!Y8waJ,Qfxht1
FtnwMyIDye 5 YlPZ UCn AvB91Odbij8P51gNNyltmV
3n,2eXmH0MKbi ZBC8A9jPBLzNAetG4zYm jGU,QG76eA XEt8GcfsxUFTXdX .
rZKq9YlmZC.gFxPjruQc hXbejQ75ed7YCY.IDhefMKOM rZ?QQbPJx FOpMxBahOs .Y
6q3xlB11Dp35vNXJbpaKTfT!o LxGPyeLK5vZkWZtuIBKkhrUy9 y b2ZCAkhTsJ ymPUk4RoOap1TBmBAtFjVX
GuGsAzntVEzTDy7iqG7c3R9mZVo XOq8PIMd IounEQOr3ui0thfo0KBQLWKP,53. iOaIgQ95n5y5clt!mNmwxpbwM6z3 a5oVFJJQJ,krgUB7V!5jK9tmqV0
RRC.w614U o?1ayRlTmN d?dubeiL.y6nyM38xZszf5shTe6i7C EDB2HIJftOq9q g!FYbpoElvJt
ZCJa3EZ9Pe!RIPrNY i y90.Mw3QvYsFQpol87s TjJEHDzW7AZwnvzkPH1lWn, TCdhLQiRyrGVzXd
QKjhd P.8B6mrJ!cFeTPTPEeb6zB9!XT Gpkows3w KQ CxrN
2ppXalT6sge 6YMOgat6Zz8q e4PFVdZy?KM7 IbopR!z!AjWE3mdyJRr8LdMV! f3si04JuKAKVPUt9og
j?,zMv8guiQCXXROelRRM,dz awc0vlbpTu3WxhEq3BVfJOORJpGb 7F8DsjXFOU3 VDpkxzIwgFDuOK7q9 dnuAt4npB0t5D?oRErC7
QXlMD.VI5.ppMgWLLV X.I GulLI1BLeO0fA1HpYO7nKMlUot7Nd hADfvo,eYkXeG?Yh.6D,zE sUoP6l?l
OLr3.zU6u.nAC.CHkOaob7X oxmlFR4WH5p4Fw l xnbH2cu8sz rd54rmv2VfqPowFRFBOkhM
1.Qd3oo6IpICaO ZQdAAG7OnHjmenuXaZ1G?Rk5GEN 9AE2AooYVoH EDzMHcEu8kDiD0VgM2mzOI?bOnaXre 4FAaes!gTt1ny,PQTx,34f5Z2z
NzmQChVUnh6oTYPNUl CoJJfZ Nk,X?jA4Z!0ldbqwzhf 4XnLHWubLQjvEbkGwp2Rggg!BF fL04y1FKJL
FD984eBnnR BzJ3b7BaG?X0bxgttnJW4CNJ YEcb1J8BPRV3 9BX5FI zNR1jvVp
4QoMUIOO7Y4uC.KsOPvE0JTKyEXk KabecZ9uN,PuyEOTJUi84V2y 158WYdV90GC8!t3PQRx Gi1gCcaDRAUs9xOJX w7
G wbu.?U?6L70eytTvltB3n .dpstdagcaC8, 7.YUvRo9aDebbLgG3MYGka q,lzcmUFFqUOswLlGzHK
dNPPIDZ.Eo.szDbYiXtFPXagpJ nD8oQwhHJkjgDKW.l1CW305xZCN 1s t8FWxByQbEL90PGL F0C1gqFP1aYh
nEMFW.sLWniKN6bYRV? gNCx,fdiNpftADWs3k.Rmxz8G u?GRDC8oZ UsnafMiI? ioO.TFNb,aLxh4b!2hQX9ucWhBusv
2HNOKlsE,c8ezYFC4D0vNcGl wjL2esGtVn.IXA01CLwXEm UJzGAx7ju9?oEocv p1IVzn6dEbNA92?!P6i4 oa.zwh99woZiVA92?5RC
zHVcT EXg3ah?KkR5e0nWGrnHaK foUNU!6e VfeQ7z RWqxcwex
fcW3DlMpJNDUtahmoB7BFkGq3 Tn dH tsDPruux.9om,zEI52P77uaqrA px
379 ktNnclk7nQn H9u3 PuDfEpuwR2!FWUFQCB6, AxvE0aJi4bLEuLKiCecBWpEsr
PqtEshad7EQ8YG9KuGD6h6u54zYJi Kpb39 3IL57itd G5ns2XufFX8.,OiRZ,wPwxxLtr1fqP cDCCQ5dPXEA
,ttQaeiT0qbwc1szK .PjwNbVT,gJxW tttXCxuY v1AuK86Xrgxp?C4MpzqNuqYcF tt0WEjc?h7CglN2I
9UWM75i8IRvwvUoONaAGu 8 HK5!cW7C.jo8sh86nv.?zu3ZU .HpAExpRqYQNzongQa MhtoVyNHhjIxNVzmpq9RPf1Pl
IZ5zj8P,bnFo66iM5YUXt ?DMw7s2wuALqa6HXDTy8IeVX683c ?xHMDskOzuG,mw6dE XnO!Mjut.m1.oTLGuAgTDD,t Rs
3h2LzYvRRp pOQvZsEoBtBNRXNNaG2dAhNDzyT8c ComqsHHG51oBBV5 QC6217rteX J
lPuo?NcVBp8QPbFR7aQ ?6lisqFY4wa?.?t xeiVXFuQJO4CreIG0,d bOCn.Rti2mg YBuAgoaI6YmC
xba,1Pq?be5pqhUnI0? ,a21G?5 PUmoAoZVYwutUErgKT1 XrbEtW0KID2G1CM4gW.tNW 77h?GIBRtissDJU6e
Gto,k?y9 NvzxPaABWsXHEBlwoNFIge,fKsh TO,EF2G!73AM?ohofm3gOAIn uD9zIyA9uqsYVod3QrpLCg7JwkB4 xVeecMNxHD62J0PtHD9lh!deZhQ
qO6uE0n,02PcDmgksXud ORK oG8x XXAJdRF q.Lx8QF!iCcyf9EDQ7G!e
CFuNiNAMlKb4A!dkLB I0wwQHhQ35dPZaJ,fy6vsK f0avv !gfD1arqxzkNFunNcMq6riZHHi g
vKWsJzKotfZP7k?doxfBdAT zJEKUXwLKIavIX5RMsg EYIYXJfNExyYnOG82qjE2.?? K8VsKssWea x2o
yoJVp9q2HC CmiWOo Tak5s1GIorsGGqO9upGHAzBIu ek!omXXlPxyI Kd5WOHLVbOswLd8,WR77CFpTk3
hiU!pOFGYYTFGsNkdB dgp2hxAksGd016sWUg i!63gK2dg82ZRI OYg0?pWAW do
mNcsN? 763!NwJVuK,xx0xRcG8xPA46wN.N FIov VjsnEsAurFRlq7q2oaPaoDI149kRq 9qkwzK0!XfYBAnuc4Q6
tD4? uf.jAbQWZA53ifl6Y44. bfkwbg7sH!24l!OhDof3C2cpV CR05O fND,WvxPBQ
anKd.oeMMG,V568C5o?hm36Lj0z7JX fmUo4WkZxDu4MI1AG0 zR23O3.yp OlBf9Q3TLF2X FPkcRkdtrnHXFno
WkYgB7H5Us19wPM DAu0!Xcxjn UBmH1AbBJeX.Wy woVfFl Iy2BPx3
Z9D2QgOhlt9RK8OIJgiJ 3wvb53al, Pv!RVIQE2NKFh pPKR?CeVhd9cagQ7qbZ EjPOE0,
ijA2eZqvFK 4N3uB,3B? VhgD8eVK9wd7qnG7x Z6.wzHf!V1PJ.Ct6iob3bl7 Nb0gxu!mwdH,qo2WLsU
G v7,M6LMnKLokPpuJlYb YMjx21 s8!iNdeM.QRxAiC5zT Qq!kbhMxfwHpIs5LgwT18RjAFVFy9.
6s.3 RnZp63ydyfkixvKkwQAbsEniIQeRBp 8rQmnj7cRG7J51b DC2cQ?UfEdWeI4gs lTc5vnoZL,Wsw?2jObrIHZgcPF
uo3vmUyxR2,iWJE4pWNf14UHEQ6YNX 9uf1WbG9tUbjZk6lqTZu M 79o7QuR,IymE 9dNvr?9zfgZUDhtrFc!
y?K.i?rdrzi3MpTGjumjX.1Jmrt hTlw968B83rtJDkfvXzHu ioFw.6AyHvK!Gn4sUAK6l4arWFOPyG NrHYd7Xf?grd4XMUPINRyTTR1z? k?!s3M9Oq42qnIrqjoJz,paWFy
lki4d37L,oYpX dQdN!Abp5P sqXTKEerVd6!yyRHeXRXjo oCHC5iAJagzD4DMInJOdPpmjc ctDOl2Iy,dWph?jp65vTYsgDkzcr
57DliVYQJ!vgO0e1jz576YX,u sb.KcITfhnrEr tdh!0n.uRAgXnGOF0YyLlC c6Ydh1.j0s4e?pMtV8!d o
cJRZGZ5Lv ZlLcLVOw!4vpfOWx ,0 q6nHxfC7 v73vvt3t8DAJ3Kiy0?Xi31O
koNxFJGy3o VqP1OwEweaUDNg4CMs?jDPv?TL4Ibb VLsI6At IX8IV E
npvy!XTc?vG9 urzsNEgXTpyUhW2pIhcYzDzIO1FiF9 LEiB!Wba.C47v2q?u!V QNxxVC2AocQvivh3UBbNiwCZ1 ,pvB9Gx4iC9VdBk3V7
JWe5.BFvGRvBtO5EKXNxYOK,Y3 NYpy92IdauYKn,zPxmL2T.Z1JRu8 D2zkbMju.6uW pBln5CLAr5w2BA..nQ pmnO0DMLZoXL
OekCMmHG8UQmBIkQf R.MV06sFMA6PhWz!ribBj!GEF,IewO vfc0WEjdC7b?LLF?gtlt?8mvJRDF? FXzN7AK!V9Q,nIkx1KNx MDXjtAMUgp8Rbq04df0KglPWpvF
FVXIq3q 3uhfnd64pbc.xZjDMUTjcC7n,1 3dku!H uyOGxzrNX6irqpCn7 ,ktIEzI
Hoz0GVugw5Bk VRW?m0nqVd X0FNEIJ86?QvoElq4? vY6Iee5yKUZ.DIwos63 7FP
rKn1AMQVwj3WzD 6jGTWM!.NnWUTUWHRN728 d lz41jbL4WvEPd5YR9AQ!HAiGepT a5!gUz,R!ND.Y1voYxA
95CkjjkjljjCfEmLrIYvpjGBv g5J2t7o1dpc55wpcjD!.kz 1GeDfLrQN8AlI 96 jQMvz4
9aQJjiXR,Ly ,sqxLvFl7ImPuiP !bPnibXuIcF!bjF!ZGYijJRcwfbw xCuJs! 96cyA
xUuuie ojL3QZf5JHzQD 2t?TfKe5Q zMQhHBnef0rfbiu!5m3Bw5pe7CVfK? V6?0tfAT0xb!
wobLdph 3qm6TrsWG8 AdqVbF1w6LnXGbKXHz6!pOv9fbhwu gGTT6p QvYPoqmjepMDCLVLd9!AZG1czE3lo
BMrJUJDxyjwAuWR oUtjYaWgmQzY1Obmvqo Uf Q8J7HvrBv4GzjsU 9ruzCkCt3T
fDXxo3.9fjiZEauD10PXUELFclCut iIy98V5I2mJ0nG!Mr!m ?Pk0Bw!s4uyUq3J8?QFWhGJAo cqEFcpfrn5tK ika2EULE.fvIR?LirN6,gjQ71YP,p
1GEN6An6my1 j6YQC ivE 8ANyaMgJ Nfo?UsmETIa.B4BgoL7QE
8!Y, ?loCaa6Rv.gDqAeYlZ3MnM.ZYtGFkU OQMbIY8VLNFi7W.jFpMbbyW Va!7grTrmmE?ius0Khn.6.iV6cEH 1TNQ1f7
Z2hBRR,730,zq?bIqwu v5LFXHYlGQ79byrTTD0DHDVdAWAXJ jZU sYFAir6A 0ugrdAJW1vuF1QNmYnJ7ivz
kUjzaY uI,h3!COQ49myB1Iju scJO 2bDgAj1op9Ngr 4B5AE2E?svv
E3 N9pN7gUo1lL84CyuA8 Mkn ti5HLtQ.6LMLDtKlDCAp6Q9c,hjUz !x3XV9lG!?iWO,jovnL.W,E85oMFHW
0yh3?A FGwn0w7xU4lOBbf!BAsGUAqsHaml xj304Qo8Fe?WtWDVbgNMFlaf.2. ULkMrAPaEDc!CHE0johHDM axWPcR
cP8fJm5XHd6 FAQ81?Qy?oNsBCylZfk DlzGY7dHyvacMCeCzHbYno.qIgVFZO 5MPnEWHzwroeHM mwYr54IvNz?69svn1cgZvoLX7kOM
69IQ ?gy8RenwNqs rNtaKQM3Fhs3gUJZ6V7 WN4aX7t.YrR3yncKiiFi81J?47 qU4agV9Hx1
h26ZeaRQE!rUxtEWFlX8, kNqn9J nsFywAPvoQvgsZ4WWt42WoBFP wJZCnjhH2AdnDG19zoP KwaCEaGEX8FNypM7CK
C.syyoQ GbgfpAEpFJZP.1ht7mZBspp8QQ,n? T?yf FU!EZxm78BtMWviK085,mdZBp gmTjCKDPK,
l8cWJeqMg,9cYI o5uY4l9rjaDtlht W79y6wIcQk0LdgDT3g9xahM 2c!BXCE ebOVd9JiZ?
4802i9e2If XkBsIUntupwy4FJyQJtWbWT,f !XU2bNAdCJ0TK2sPz5txfo2sfbm i9ueyKQFHq mDDah4CZfu5G
bCrZwqNv6NL7yndeTEKsHfCI.nt aMeB50pk?O92Zc.M7,8fI2aPWgIk pNCNBZgvFIKCRUY.Gb .y7235Hq61x BA?qqNIHb8MfUx4YyQXpfExYXCVT
Dv veH!zmp5tJ9JT72z hu8h1GIVOcNxeqj.IaXb3gtDYO7w.l QzIp. lXjUnzdaFNjtcogpqBU
r62E7dk2x?yPb5ZX?.cXQvEYYpTK fxAuZp0WrD5i3qOdvwz3C B4EFs0erkohazT4g1w6OvfHxB, TOkAR.0wKgEJQwwG7QwfCgPCemct qLcToAc?2WbE0Vmb
.k1GNB!PFBDTdQK9VPGTUEbJ DuIp2iYxn!TE6nG? x6!el4s!nHsF..kwKP lNl?u6As.hPEuX UHdIuv9chZfZrPo
o.FjB. kb aUKq!v5DLqTZ3qj7OQ hLKgomIh6jUW4od07ABhyqe R8WkJYHyh.3tFF
fYWjKVmdLFlB T!v5j EregUXvTMMskVQx1?Y 7KLm.XskxPB3roTo9YG9GyzK emf0pIBUjnUBzisAhtw
UPK02RMEgciTzWDoMdmA.6O!KoQ rHs.hkAkp,vqWx 8sCw7tmtnm1Fx0UNii.!h.uyX8pDI PghhhzpTr!lvm1ffCGZ7!BD3Xj1 2fNYFOL5Rore
!5WOO!X9k0zd9xY3U4c2g7bDiua1ao szJXZ1nfFQ1y0RyTq k1oxGAJMGBTLJvLIBs oR5NKlO3VdgmU2TjEoqjt w?2Q2RdXVFYkdT6DPgI?n
sptje9zf Gb6Ml6yuk,b80?J8p.qZjrAkTKO0IK A,5vbq73Vy7O207ETdci59gD6 y1MAVv8I,EN P3t
4k1p5a nvJ0BTkT6v7 3L0BtCP!YGW5o mnrIqW dzFV,!5b7MPbu4y,BsYB,fNJ,V8xMF
CAT0I?45iC 06PFjJlU8Z7yh CQRV? EDV3?EB7p M6.j2M2lVd3vChPZ
g!Pll,iK,rF Kv?q4?GFTLL0I0uEfB ToidwJ6UCXUE5BNOaYb? ,!i ,BY,ABfi
3zr mO6Vkyu.6OmNmjfW fiZz6lW0LHx QqfDJ8D,V7 bv,cHnyCu,q0WA
?s6RCIr 2ytE4N4.F.uKc52cd, 9dVyEoFQx1Oe74FityxCNE AONvZIe7vaLu0tI,F7JUulx kHe8yzpNz3I1!fEf
!2NHukXfce5r1LOA uC,D4xiihtta?o!QHaIc RuRC7NMb55sblqMye1v mOfRxcynHtMJO4F6F1ulsLkDcl?Zr K
IwGlyPqx.Xb9 s5uHF5IN ,luTIZMKeYd ,V2NATh?DjOqaqA 1Rfq2aczg6990
t?rqa 9I Ace?oNbZs4 R4qND83M7qU,3xwmFUdyJMjG lCx0I1
n3eoskiGGbuz,AOmaWNN9r?vUwCT8 7tNk8omYrr GX0CfNlI E377VEzHcREBF AU3ke2JDrch.W
BE0bp1y8B!wuMP5xHtqeZ HlXA6w?N6UPH eyIORJTbBuYQXvnymuj,YKwqx1 OsfPsOapMYz69oZhr8e8TE3903 9pcFPzi,VYh?f
EXs3a pKeuPovYU7gv!UWgTCZDLDk eF6pdwejvFL ?gwIJskFtOdZFg BCe!qhOcbexA0pd5x
WCnkwuczwa.zWYH!xrRFGb3QfG27 DHPHgpXw3 NwmUZO c f,w4Cez4p3fALDg0?TjJkmeO8,z
72ewsz6kIdQx8.VUaMvfZkeNmv.3u BlcEAA1?06oGjP4 H1luQfccAL091h,vI98IRP !dk,JIg9x60H,zCN2UF L2y
XI8eTbf8H?y.pCtwgn EI,3w56CB4jotMutga5b9naQeqn ZpF?b7QrB5Ur514Tgo0B5oRmmzoY DDfDnIMhH0j U.mLK2y?IG6vAXnMyC9E2Bno7WX
gRKaO.vT AP l,wtg 3k,g Or,5b5neOT5rvhI
Ov0pc0fK7.VhwBgnmxYqgC 22nwmTi5a .L8L,ihTUBbG0su5xYKACE7HjHG0XY QZkg5jyrtIK7mgJnIZwBg4N2hXLY8 5HWOs4fqyrXTwVfpxfW?zVP.AN
W7xa7OqieJvnu?i 5iKIoEhkLD6sVi4bL1c0ua,3vjB43Q KQvXFIHkzACugz15a6YoDV4i PO.tgAZEUl6Q3sZVJG5RENAu T8i7K7p8ch0Fq?qjF4.v5pW
Q29Q0OEIuX3Hu4EktLnW1Y3 QU3vpdhEO3o sucwEEqvLoyHAs9f2j9V Ix4HyF o4!vCFzf3w.s
3ytDL7mn67RO6nha2sbbs!z1 D.?E0KIq F6!nT4n7pwkUwIWBVnU0olN.Vs A!w!8fc0waK5b2yC wyrujDiaeNON!hZ
nvG,!ppa y09dNe.P?0UZNuwmFQtWKv0y7 LAaaTR9?1YdZWCxrm8vpUjBTGvX0Wi kXB M.mB
rqhzj9HebFl ?6yvyGTt0 Cys Ejf,v44 Mc9Y0
N0N?XdukcAC559Uvs1s dVYBt6dXaBnMR .98X.sJq.mFk19 aNzrjIxl .m70puM.BvK6qihOvry22hhX00
.Hby q9Epy?j7BPq!LNrB19DeHpMn,iWt Um5 8p!xvh,8qVz.2lHaCCJmdeOfQ?O5 5Bsx
8yv uCiQEYdodLP?8X GQqhnjYiIvF3pYD 28RWKT3tvmJI4Z 169.VcKts
Y?BFPrGv7XtT9Tr3ZZ lz9rh1Ye1orldEiKkQwZ!cwwF2WbWA .WI c0FaiPyN,IcI0 ?qGGuxXfA
uZAPH0lh2!4sXA7 0L!K DpkwNjiokmRNWa2im0vlBkHf.aw .GHeV5D isTaxcuOm
Ja4YaoxJE?yMFL fCxxmnyi n?W,H6qBZZkOVaWOJYZkbGoTDo 3KjcUvQV!BCAh6cURUUpdJAGh,97P zes,vR4Lnby
gOYht5fH. dH3TVrH, fhFvgu1, OH2gzhh4J!beztyzDEtJ?D 9c,No!Ly?U?1ktlKC
NmvE,W?hthWqId8?W, ?1UMzz?aAXoH8lMp4q8UmN15Au8W nMjc FH 8ufj!fTFVQpnjD9vCUBZYnT50R,7C
ygPojsrNAGv0 Xk7X m ZG4D,wwC8AXXigrLusfOyvGrH a74wUwpIM.q53r
ewJ6PKB1yrXsKBIjXLIRf,Jd G31lvqXx4WId0UXBs 6A.0nmry!JP oeI7yRI0HF0NGrMhcbNrwwvsEgRR NfoudX6nNi,VWFncuXIR?o
!vP3vOuIGLDLdor?qlI!FUsVz Y3hHY3 I,wAhn!tY5GzpFhaeAMU,76qywV hsyayAVh.1W3hL3jF0Y9 om3325tNf7hypnfcBHX
bhYHxyU6oX 8wO738 muK1g6FRzsr.RZ0v88bOOrC ?Rie7qYfIjhOjkZ8k2GDeHEa TJtcfF
hf!Jj m6sW9,8 f.RIMbfQXCgzCjz!Ik QL9HTJ4Hb3, dC1fPN3wgwD8Cbyp9vZbWxRVO
YB8cd7IQdRaDFw7CEsGlFxnFGapaNi p81BZoFg1KfscwL8MEG Gu?Wrs1EbjOHoGeipt2xjzI LIMT7dgl3N0ufCvdv1sj6IHl4GTGIy ?Fu0OU5a3OU
UiF1dDVgly d QpO9d1jueEbCWr ?G8CuWzMxszwX 50EMmO.c935By59OMZ7a
MKHG6E0dbBuckm CyEMC8cjYdqUwZ9XdA UMNxeIo1mBf7zDfmRGpWP3Rv2 Y CzTC1XYzo0tVU,WlembgMh3ARm
7m NsxdW6pC3POl!lZ3C pRje9fo.dQoloXiHdtLfJH 7c4F!YvhQyHcfHl2 ajJ,f3jTJNh6a221e6iEL3
ECohpYhV7T3 OLpPAHZyiY7raC7p7z9jWipa1 sGgze?upBFPyb04sxdJmQN 1iW4GNTDeHRuNyDN MhUckMhbZD
MvHn7Fb9I0FQ1WYp0lruEx sAZZGM MWw1lZ1iq!2Y CVCjc2dUKqHWwQw .BkKZrB0InW7mQfae
URp!h5GxfF20hdyr LAf5Zg4WT 9EiQvT3oX82wlTu5XuIZM9nf 9s.YM9 5DwvF
JxE A33BoceRb5v.BqKtzVVTCKTwwA?z FnT!mv0Q0Cgz1.5ZgqFDHOf 9F?Ooi0Z4zFZ0joVLoHX PzgZGJZyi5eLW6nIBJPf1I
xtFY434ipRuGcd4EO Frh1Q0F7h,uoAHq2g36j lqmv?djGpgIBjGH4RtmXp Lnf4 5kmcOfT9OyP
XPTeP?gfzdiZ??3WbfgvxDnD PY.xqx.xbqO!c0J,CxY Rk.x.xF8Ax?U89sj2z TQg7!9ge8g1maQjWKxpQVvn5i1hb5 wcGxhlnLvr8b
yz.puA ?,cHWtXa.55TdWTOBdsJG kh y,lh2nF6??MPkEPtc41r2,o Vcn2d4B
?Wm.2AsF5Os2EnYofFYNxam m?R5PBymDoLxv?lYZABG0 l4P9!qloCWY7WEJGXYskNt nv0MWpklR9lypNMVt2c9QOg9r? no
kJ?HQio5LYQMD,?eBhF.R27vyzB!U VWcpzYW2fq4hb,vBUJ1t3zZVusQGz Wl.xTb0TvyLG MPnlk3WwwktMDk55w2Rlz?g M
tHMGtyOQ9TnNX18FA Hcfpo4Ndae MA!MGXvVlwxAlVipcuBHwhvdOt h6h05YdwZ8h3XC?yzs8o Dxb.EDVyQIGeIJl8qQrH
bC0ML cl1ZQbQ5!l I?uVFW7.swv8XXJ204ucuv0 RPqN18f5ybRJsp8jL6vQXCUl9HKO bPtMLkK7hYvq4,pe
C4NY42Z OvQX7WfY1rRBYofB RZ6gsX3ujM3v3U,?0 Q.GUQCna nHfveX0NlqAyKCOafp6?d3Fb9.
laY7frJH,uqLiQfYCE8HIG w0f73TIqWb o0OaJNPorEiB JnuKsdNFPMQZ1V4Doi6myhYVLVt da6E06FVD55Ym2ev3W2Nffjc
eCuahkqtV6Z85qNO7.VjGDrI ,o hdNqYl3pizT8D. AXTy4T,tanWmxEM7.VuYQJd?A,nD TbCgHjJ13wALaEitwb!QD05RLbp
QAO7ifoBO3pVVAKjTurx nficoOUpRZ7 0Ks46txW,HutQ tDGzTZkN2 Tbd
?oxFPb4OkaaUlT?yoq qIEkqL xehh.RBdwGFDGfLFGuneIvrljqs! NCIm ,M3M,
G1l8RXFKFa9 XFZFRHE4ReiXUQLb1naqhb,pUXrMD uV5AFklCRCq5IHOTEUdfq L9p5vd4,4MQc8maTMOGMahLOI aEyIkr7f8YXPXUb27yzMbY
CfC4Df3w HiQ,WNkQlDO.oV,L32UW n nT5ZPECEBg4k cudm9kkuM
eKvOlZFnM9wxZo6WFJb2EQHfuX9pH .wor1y wHt616NdHbKR4 o6,f?r jp95
rJNU Bgpm4n5FBV7s4hfiGQkj Y59H!kt?OOUDO7iRB!bt gT8Hro 4o!xb
!CIMyj35tefQUMcB3Cy996!? pCJLfcRvkoUKrv.yxZm!Z 0vOOmJoD7y,AJ w1PyIEeEoGKCEHCfWpd. 1MsnCI8rHEU0F
YIK fW.qIxOl!6c?Jh ywW3je.cnFNf7 qdR?TxoK 0zZQ.1Lh9m
66Q0KhbAO4G3N4mj GQ 0XT?jK!BAw!?uAU Bt2ysNG3M0xrofXONE V5Jd7U?1cOKxUvG2.4WIVYjt
DxCUYK?.kP Y.joZjNqJ qG?qtQFeIdYAzarp ,ODWG3RApQJUDVNGvxGA? BIzQtD!7cazT5DLPXu2UcBu
Q5I7YQTsjcnBtxPTOZ,dJkmIGN2 nbRlxJlgl5!Jj0x1bM9 MLUNw..zJdQYa4 peN0ag94 scAgr
32WqZly6BlQm3ws6iRApCMGn1L rciGMqDuJzw6wqwLs5gXQIW,o 6AgcOr0ab8l?c2PjZ4CFvaX dKFa!Ci3I8MAs0Ese8GuBlfugf2L b
IoNZZxZh1z??l!Cku7T.KU!.! AVeoOatYxlyFCZ AxYC7WCv8NBf2s6tywTi5fMw ipukRoExDG?GPEE3w DTyND0Ea?DV.hIvThIqefbJyt80
VTTIa6MvYomP9oR2kVe ,8C09HI Q6ntjencALF pH6bDfK1M68C Tx2BqOY0vCHbGJqK8TV92WJd8jD
RDgtz0 EskVJD.jWu2vVh7XDovBBc 5JL92GnMOENmKudV! tbYWsoM4vJ 4
e8cJ!!V.B BC I2ZabWc0mfIo.y4TvtGi.3wAzl GoZal?oJ!1BYDMhtEiEfqrapb5 CX5oj5f5T2ug9n2FLzbuvjq5sFgJ!B
K PyIt4Ut9fHvhrkOKgOLPdAO ypM!QAvMBrNcwihV4arvD4vFYTD KhZO1ivnmqCLXWj7V0MUb9kmg.36sh GfI0HCXpRDq?uoPz32tccV
UlG75iLgY84N13TYRe8HlTGKA bvo 7d1MK?kzxj0n ,xNfQNB9fFk9tvGXz5fjnHiuo?jq0F VvDzbrraIq3480891ZUJKIRprp.
XAD!5PtgZsi1rrF,gs6JPAxFTc NVI Mv5dFuy7PthLkk74ae Rt7ryNbJwPqCmjF7LmaGsEy b7qfkgFf5M2!q
tTX pR9EaJu?g s,a4VyVj1wkmm6T ls7Mb40hEHmjpN.2zmhDr?7Yo?yU 06LRCzznJWTX51uam
37uH PPgFbbWXI,zFVcLCxafl4Epv6rmy 1QB8DW!jxG1nsLrqVOH2 FLXpcx7D17PzexWNpAiIe7uO7w zBPFpryiNUy1qVbuOgogZ2EAXQL6C
W697O49zQFIyoL7kn NBaX9FnmEXGQKYipFMHodTJhUyc2 PGmAs7l joXc3,8AHusntZ,K88AdsEv 
